000 (3036088.1183.000) 2024-05-15 16:17:44 Job submitted from host: <131.225.189.251:9618?addrs=131.225.189.251-9618+[2620-6a-0-8421--e8]-9618&alias=lpcschedd4.fnal.gov&noUDP&sock=schedd_1865_d037>
...
040 (3036088.1183.000) 2024-05-15 16:53:24 Started transferring input files
	Transferring to host: <131.225.188.219:9618?addrs=[2620-6a-0-8421-f0-0-188-219]-9618+131.225.188.219-9618&alias=cmswn2070.fnal.gov&noUDP&sock=slot1_10_2412_38db_36753>
...
040 (3036088.1183.000) 2024-05-15 16:53:24 Finished transferring input files
...
001 (3036088.1183.000) 2024-05-15 16:53:25 Job executing on host: <131.225.188.219:9618?addrs=[2620-6a-0-8421-f0-0-188-219]-9618+131.225.188.219-9618&alias=cmswn2070.fnal.gov&noUDP&sock=startd_1997_5ab8>
	SlotName: slot1_10@cmswn2070.fnal.gov
	CondorScratchDir = "/storage/local/data1/condor/execute/dir_1745979"
	Cpus = 1
	Disk = 1676127
	Memory = 2000
...
040 (3036088.1183.000) 2024-05-15 16:59:19 Started transferring output files
...
040 (3036088.1183.000) 2024-05-15 16:59:19 Finished transferring output files
...
005 (3036088.1183.000) 2024-05-15 16:59:20 Job terminated.
	(1) Normal termination (return value 0)
		Usr 0 00:00:00, Sys 0 00:00:00  -  Run Remote Usage
		Usr 0 00:00:00, Sys 0 00:00:00  -  Run Local Usage
		Usr 0 00:00:00, Sys 0 00:00:00  -  Total Remote Usage
		Usr 0 00:00:00, Sys 0 00:00:00  -  Total Local Usage
	219936  -  Run Bytes Sent By Job
	2637383  -  Run Bytes Received By Job
	219936  -  Total Bytes Sent By Job
	2637383  -  Total Bytes Received By Job
	Partitionable Resources :     Usage  Request Allocated 
	   Cpus                 :      0.00        1         1 
	   Disk (KB)            : 558715        2750   1676127 
	   Memory (MB)          :               2000      2000 

	Job terminated of its own accord at 2024-05-15T21:59:19Z with exit-code 0.
...
