000 (3036088.264.000) 2024-05-15 16:17:41 Job submitted from host: <131.225.189.251:9618?addrs=131.225.189.251-9618+[2620-6a-0-8421--e8]-9618&alias=lpcschedd4.fnal.gov&noUDP&sock=schedd_1865_d037>
...
040 (3036088.264.000) 2024-05-15 16:38:01 Started transferring input files
	Transferring to host: <131.225.188.112:9618?addrs=[2620-6a-0-8421-f0-0-188-112]-9618+131.225.188.112-9618&alias=cmswn2048.fnal.gov&noUDP&sock=slot1_13_2621_7b44_51833>
...
040 (3036088.264.000) 2024-05-15 16:38:01 Finished transferring input files
...
001 (3036088.264.000) 2024-05-15 16:38:02 Job executing on host: <131.225.188.112:9618?addrs=[2620-6a-0-8421-f0-0-188-112]-9618+131.225.188.112-9618&alias=cmswn2048.fnal.gov&noUDP&sock=startd_2004_27e1>
	SlotName: slot1_13@cmswn2048.fnal.gov
	CondorScratchDir = "/storage/local/data1/condor/execute/dir_1996553"
	Cpus = 1
	Disk = 1676127
	Memory = 2000
...
040 (3036088.264.000) 2024-05-15 16:42:33 Started transferring output files
...
040 (3036088.264.000) 2024-05-15 16:42:33 Finished transferring output files
...
005 (3036088.264.000) 2024-05-15 16:42:34 Job terminated.
	(1) Normal termination (return value 0)
		Usr 0 00:00:00, Sys 0 00:00:00  -  Run Remote Usage
		Usr 0 00:00:00, Sys 0 00:00:00  -  Run Local Usage
		Usr 0 00:00:00, Sys 0 00:00:00  -  Total Remote Usage
		Usr 0 00:00:00, Sys 0 00:00:00  -  Total Local Usage
	217457  -  Run Bytes Sent By Job
	2637383  -  Run Bytes Received By Job
	217457  -  Total Bytes Sent By Job
	2637383  -  Total Bytes Received By Job
	Partitionable Resources :     Usage  Request Allocated 
	   Cpus                 :      0.04        1         1 
	   Disk (KB)            : 451447        2750   1676127 
	   Memory (MB)          :               2000      2000 

	Job terminated of its own accord at 2024-05-15T21:42:33Z with exit-code 0.
...
