000 (3036088.267.000) 2024-05-15 16:17:41 Job submitted from host: <131.225.189.251:9618?addrs=131.225.189.251-9618+[2620-6a-0-8421--e8]-9618&alias=lpcschedd4.fnal.gov&noUDP&sock=schedd_1865_d037>
...
040 (3036088.267.000) 2024-05-15 16:38:06 Started transferring input files
	Transferring to host: <131.225.189.180:9618?addrs=[2620-6a-0-8421-f0-0-189-180]-9618+131.225.189.180-9618&alias=cmswn2129.fnal.gov&noUDP&sock=slot1_22_2937_21d1_54831>
...
040 (3036088.267.000) 2024-05-15 16:38:06 Finished transferring input files
...
001 (3036088.267.000) 2024-05-15 16:38:07 Job executing on host: <131.225.189.180:9618?addrs=[2620-6a-0-8421-f0-0-189-180]-9618+131.225.189.180-9618&alias=cmswn2129.fnal.gov&noUDP&sock=startd_2553_b960>
	SlotName: slot1_22@cmswn2129.fnal.gov
	CondorScratchDir = "/storage/local/data1/condor/execute/dir_3753226"
	Cpus = 1
	Disk = 3743591
	Memory = 2000
...
040 (3036088.267.000) 2024-05-15 16:44:43 Started transferring output files
...
040 (3036088.267.000) 2024-05-15 16:44:43 Finished transferring output files
...
005 (3036088.267.000) 2024-05-15 16:44:43 Job terminated.
	(1) Normal termination (return value 0)
		Usr 0 00:00:00, Sys 0 00:00:00  -  Run Remote Usage
		Usr 0 00:00:00, Sys 0 00:00:00  -  Run Local Usage
		Usr 0 00:00:00, Sys 0 00:00:00  -  Total Remote Usage
		Usr 0 00:00:00, Sys 0 00:00:00  -  Total Local Usage
	217409  -  Run Bytes Sent By Job
	2637383  -  Run Bytes Received By Job
	217409  -  Total Bytes Sent By Job
	2637383  -  Total Bytes Received By Job
	Partitionable Resources :    Usage  Request Allocated 
	   Cpus                 :        0        1         1 
	   Disk (KB)            :   453179     2750   3743591 
	   Memory (MB)          :              2000      2000 

	Job terminated of its own accord at 2024-05-15T21:44:43Z with exit-code 0.
...
