000 (3036088.049.000) 2024-05-15 16:17:39 Job submitted from host: <131.225.189.251:9618?addrs=131.225.189.251-9618+[2620-6a-0-8421--e8]-9618&alias=lpcschedd4.fnal.gov&noUDP&sock=schedd_1865_d037>
...
040 (3036088.049.000) 2024-05-15 16:33:41 Started transferring input files
	Transferring to host: <131.225.189.87:9618?addrs=[2620-6a-0-8421-f0-0-189-87]-9618+131.225.189.87-9618&alias=cmswn2101.fnal.gov&noUDP&sock=slot1_26_2372_09da_20721>
...
040 (3036088.049.000) 2024-05-15 16:33:41 Finished transferring input files
...
001 (3036088.049.000) 2024-05-15 16:33:42 Job executing on host: <131.225.189.87:9618?addrs=[2620-6a-0-8421-f0-0-189-87]-9618+131.225.189.87-9618&alias=cmswn2101.fnal.gov&noUDP&sock=startd_1979_0203>
	SlotName: slot1_26@cmswn2101.fnal.gov
	CondorScratchDir = "/storage/local/data1/condor/execute/dir_664997"
	Cpus = 1
	Disk = 3522856
	Memory = 2000
...
040 (3036088.049.000) 2024-05-15 16:42:07 Started transferring output files
...
040 (3036088.049.000) 2024-05-15 16:42:07 Finished transferring output files
...
005 (3036088.049.000) 2024-05-15 16:42:09 Job terminated.
	(1) Normal termination (return value 0)
		Usr 0 00:00:00, Sys 0 00:00:00  -  Run Remote Usage
		Usr 0 00:00:00, Sys 0 00:00:00  -  Run Local Usage
		Usr 0 00:00:00, Sys 0 00:00:00  -  Total Remote Usage
		Usr 0 00:00:00, Sys 0 00:00:00  -  Total Local Usage
	218600  -  Run Bytes Sent By Job
	2637383  -  Run Bytes Received By Job
	218600  -  Total Bytes Sent By Job
	2637383  -  Total Bytes Received By Job
	Partitionable Resources :     Usage  Request Allocated 
	   Cpus                 :      0.02        1         1 
	   Disk (KB)            : 501967        2750   3522856 
	   Memory (MB)          :               2000      2000 

	Job terminated of its own accord at 2024-05-15T21:42:07Z with exit-code 0.
...
