000 (3036088.870.000) 2024-05-15 16:17:43 Job submitted from host: <131.225.189.251:9618?addrs=131.225.189.251-9618+[2620-6a-0-8421--e8]-9618&alias=lpcschedd4.fnal.gov&noUDP&sock=schedd_1865_d037>
...
040 (3036088.870.000) 2024-05-15 16:47:59 Started transferring input files
	Transferring to host: <131.225.189.183:9618?addrs=[2620-6a-0-8421-f0-0-189-183]-9618+131.225.189.183-9618&alias=cmswn2130.fnal.gov&noUDP&sock=slot1_11_2370_a119_20850>
...
040 (3036088.870.000) 2024-05-15 16:47:59 Finished transferring input files
...
001 (3036088.870.000) 2024-05-15 16:48:00 Job executing on host: <131.225.189.183:9618?addrs=[2620-6a-0-8421-f0-0-189-183]-9618+131.225.189.183-9618&alias=cmswn2130.fnal.gov&noUDP&sock=startd_1973_e472>
	SlotName: slot1_11@cmswn2130.fnal.gov
	CondorScratchDir = "/storage/local/data1/condor/execute/dir_1070292"
	Cpus = 1
	Disk = 3522856
	Memory = 2000
...
040 (3036088.870.000) 2024-05-15 16:52:03 Started transferring output files
...
040 (3036088.870.000) 2024-05-15 16:52:03 Finished transferring output files
...
005 (3036088.870.000) 2024-05-15 16:52:04 Job terminated.
	(1) Normal termination (return value 0)
		Usr 0 00:00:00, Sys 0 00:00:00  -  Run Remote Usage
		Usr 0 00:00:00, Sys 0 00:00:00  -  Run Local Usage
		Usr 0 00:00:00, Sys 0 00:00:00  -  Total Remote Usage
		Usr 0 00:00:00, Sys 0 00:00:00  -  Total Local Usage
	218777  -  Run Bytes Sent By Job
	2637383  -  Run Bytes Received By Job
	218777  -  Total Bytes Sent By Job
	2637383  -  Total Bytes Received By Job
	Partitionable Resources :     Usage  Request Allocated 
	   Cpus                 :      0.00        1         1 
	   Disk (KB)            : 504267        2750   3522856 
	   Memory (MB)          :               2000      2000 

	Job terminated of its own accord at 2024-05-15T21:52:03Z with exit-code 0.
...
