000 (3036088.065.000) 2024-05-15 16:17:40 Job submitted from host: <131.225.189.251:9618?addrs=131.225.189.251-9618+[2620-6a-0-8421--e8]-9618&alias=lpcschedd4.fnal.gov&noUDP&sock=schedd_1865_d037>
...
040 (3036088.065.000) 2024-05-15 16:34:09 Started transferring input files
	Transferring to host: <131.225.189.137:9618?addrs=[2620-6a-0-8421-f0-0-189-137]-9618+131.225.189.137-9618&alias=cmswn2106.fnal.gov&noUDP&sock=slot1_11_2472_7f5e_18930>
...
040 (3036088.065.000) 2024-05-15 16:34:10 Finished transferring input files
...
001 (3036088.065.000) 2024-05-15 16:34:11 Job executing on host: <131.225.189.137:9618?addrs=[2620-6a-0-8421-f0-0-189-137]-9618+131.225.189.137-9618&alias=cmswn2106.fnal.gov&noUDP&sock=startd_2025_8f5f>
	SlotName: slot1_11@cmswn2106.fnal.gov
	CondorScratchDir = "/storage/local/data1/condor/execute/dir_2483932"
	Cpus = 1
	Disk = 3522856
	Memory = 2000
...
040 (3036088.065.000) 2024-05-15 16:38:21 Started transferring output files
...
040 (3036088.065.000) 2024-05-15 16:38:21 Finished transferring output files
...
005 (3036088.065.000) 2024-05-15 16:38:21 Job terminated.
	(1) Normal termination (return value 0)
		Usr 0 00:00:00, Sys 0 00:00:00  -  Run Remote Usage
		Usr 0 00:00:00, Sys 0 00:00:00  -  Run Local Usage
		Usr 0 00:00:00, Sys 0 00:00:00  -  Total Remote Usage
		Usr 0 00:00:00, Sys 0 00:00:00  -  Total Local Usage
	217501  -  Run Bytes Sent By Job
	2637383  -  Run Bytes Received By Job
	217501  -  Total Bytes Sent By Job
	2637383  -  Total Bytes Received By Job
	Partitionable Resources :    Usage  Request Allocated 
	   Cpus                 :        0        1         1 
	   Disk (KB)            :   453050     2750   3522856 
	   Memory (MB)          :              2000      2000 

	Job terminated of its own accord at 2024-05-15T21:38:21Z with exit-code 0.
...
