000 (3036088.915.000) 2024-05-15 16:17:43 Job submitted from host: <131.225.189.251:9618?addrs=131.225.189.251-9618+[2620-6a-0-8421--e8]-9618&alias=lpcschedd4.fnal.gov&noUDP&sock=schedd_1865_d037>
...
040 (3036088.915.000) 2024-05-15 16:48:58 Started transferring input files
	Transferring to host: <131.225.188.106:9618?addrs=[2620-6a-0-8421-f0-0-188-106]-9618+131.225.188.106-9618&alias=cmswn2047.fnal.gov&noUDP&sock=slot1_26_2291_f776_45140>
...
040 (3036088.915.000) 2024-05-15 16:48:58 Finished transferring input files
...
001 (3036088.915.000) 2024-05-15 16:48:59 Job executing on host: <131.225.188.106:9618?addrs=[2620-6a-0-8421-f0-0-188-106]-9618+131.225.188.106-9618&alias=cmswn2047.fnal.gov&noUDP&sock=startd_1930_65df>
	SlotName: slot1_26@cmswn2047.fnal.gov
	CondorScratchDir = "/storage/local/data1/condor/execute/dir_3828468"
	Cpus = 1
	Disk = 1676127
	Memory = 2000
...
040 (3036088.915.000) 2024-05-15 16:52:44 Started transferring output files
...
040 (3036088.915.000) 2024-05-15 16:52:44 Finished transferring output files
...
005 (3036088.915.000) 2024-05-15 16:52:45 Job terminated.
	(1) Normal termination (return value 0)
		Usr 0 00:00:00, Sys 0 00:00:00  -  Run Remote Usage
		Usr 0 00:00:00, Sys 0 00:00:00  -  Run Local Usage
		Usr 0 00:00:00, Sys 0 00:00:00  -  Total Remote Usage
		Usr 0 00:00:00, Sys 0 00:00:00  -  Total Local Usage
	214862  -  Run Bytes Sent By Job
	2637383  -  Run Bytes Received By Job
	214862  -  Total Bytes Sent By Job
	2637383  -  Total Bytes Received By Job
	Partitionable Resources :    Usage  Request Allocated 
	   Cpus                 :        0        1         1 
	   Disk (KB)            :   338450     2750   1676127 
	   Memory (MB)          :              2000      2000 

	Job terminated of its own accord at 2024-05-15T21:52:44Z with exit-code 0.
...
