000 (3036088.172.000) 2024-05-15 16:17:40 Job submitted from host: <131.225.189.251:9618?addrs=131.225.189.251-9618+[2620-6a-0-8421--e8]-9618&alias=lpcschedd4.fnal.gov&noUDP&sock=schedd_1865_d037>
...
040 (3036088.172.000) 2024-05-15 16:36:13 Started transferring input files
	Transferring to host: <131.225.189.36:9618?addrs=[2620-6a-0-8421-f0-0-189-36]-9618+131.225.189.36-9618&alias=cmswn2089.fnal.gov&noUDP&sock=slot1_27_2637_c144_34866>
...
040 (3036088.172.000) 2024-05-15 16:36:13 Finished transferring input files
...
001 (3036088.172.000) 2024-05-15 16:36:14 Job executing on host: <131.225.189.36:9618?addrs=[2620-6a-0-8421-f0-0-189-36]-9618+131.225.189.36-9618&alias=cmswn2089.fnal.gov&noUDP&sock=startd_1994_4bef>
	SlotName: slot1_27@cmswn2089.fnal.gov
	CondorScratchDir = "/storage/local/data1/condor/execute/dir_1393659"
	Cpus = 1
	Disk = 1676127
	Memory = 2000
...
040 (3036088.172.000) 2024-05-15 16:42:30 Started transferring output files
...
040 (3036088.172.000) 2024-05-15 16:42:30 Finished transferring output files
...
005 (3036088.172.000) 2024-05-15 16:42:30 Job terminated.
	(1) Normal termination (return value 0)
		Usr 0 00:00:00, Sys 0 00:00:00  -  Run Remote Usage
		Usr 0 00:00:00, Sys 0 00:00:00  -  Run Local Usage
		Usr 0 00:00:00, Sys 0 00:00:00  -  Total Remote Usage
		Usr 0 00:00:00, Sys 0 00:00:00  -  Total Local Usage
	217625  -  Run Bytes Sent By Job
	2637383  -  Run Bytes Received By Job
	217625  -  Total Bytes Sent By Job
	2637383  -  Total Bytes Received By Job
	Partitionable Resources :     Usage  Request Allocated 
	   Cpus                 :      0.00        1         1 
	   Disk (KB)            : 460063        2750   1676127 
	   Memory (MB)          :               2000      2000 

	Job terminated of its own accord at 2024-05-15T21:42:30Z with exit-code 0.
...
