000 (3036088.464.000) 2024-05-15 16:17:41 Job submitted from host: <131.225.189.251:9618?addrs=131.225.189.251-9618+[2620-6a-0-8421--e8]-9618&alias=lpcschedd4.fnal.gov&noUDP&sock=schedd_1865_d037>
...
040 (3036088.464.000) 2024-05-15 16:41:31 Started transferring input files
	Transferring to host: <131.225.188.184:9618?addrs=[2620-6a-0-8421-f0-0-188-184]-9618+131.225.188.184-9618&alias=cmswn2061.fnal.gov&noUDP&sock=slot1_32_2752_c869_2237>
...
040 (3036088.464.000) 2024-05-15 16:41:31 Finished transferring input files
...
001 (3036088.464.000) 2024-05-15 16:41:32 Job executing on host: <131.225.188.184:9618?addrs=[2620-6a-0-8421-f0-0-188-184]-9618+131.225.188.184-9618&alias=cmswn2061.fnal.gov&noUDP&sock=startd_2231_dbe1>
	SlotName: slot1_32@cmswn2061.fnal.gov
	CondorScratchDir = "/storage/local/data1/condor/execute/dir_2478448"
	Cpus = 1
	Disk = 1611738
	Memory = 2000
...
040 (3036088.464.000) 2024-05-15 16:47:32 Started transferring output files
...
040 (3036088.464.000) 2024-05-15 16:47:32 Finished transferring output files
...
005 (3036088.464.000) 2024-05-15 16:47:32 Job terminated.
	(1) Normal termination (return value 0)
		Usr 0 00:00:00, Sys 0 00:00:00  -  Run Remote Usage
		Usr 0 00:00:00, Sys 0 00:00:00  -  Run Local Usage
		Usr 0 00:00:00, Sys 0 00:00:00  -  Total Remote Usage
		Usr 0 00:00:00, Sys 0 00:00:00  -  Total Local Usage
	217313  -  Run Bytes Sent By Job
	2637383  -  Run Bytes Received By Job
	217313  -  Total Bytes Sent By Job
	2637383  -  Total Bytes Received By Job
	Partitionable Resources :    Usage  Request Allocated 
	   Cpus                 :        0        1         1 
	   Disk (KB)            :   442011     2750   1611738 
	   Memory (MB)          :              2000      2000 

	Job terminated of its own accord at 2024-05-15T21:47:31Z with exit-code 0.
...
