000 (3036088.774.000) 2024-05-15 16:17:42 Job submitted from host: <131.225.189.251:9618?addrs=131.225.189.251-9618+[2620-6a-0-8421--e8]-9618&alias=lpcschedd4.fnal.gov&noUDP&sock=schedd_1865_d037>
...
040 (3036088.774.000) 2024-05-15 16:46:02 Started transferring input files
	Transferring to host: <131.225.189.19:9618?addrs=[2620-6a-0-8421-f0-0-189-19]-9618+131.225.189.19-9618&alias=cmswn2082.fnal.gov&noUDP&sock=slot1_24_2657_d8c5_39869>
...
040 (3036088.774.000) 2024-05-15 16:46:02 Finished transferring input files
...
001 (3036088.774.000) 2024-05-15 16:46:03 Job executing on host: <131.225.189.19:9618?addrs=[2620-6a-0-8421-f0-0-189-19]-9618+131.225.189.19-9618&alias=cmswn2082.fnal.gov&noUDP&sock=startd_1973_e472>
	SlotName: slot1_24@cmswn2082.fnal.gov
	CondorScratchDir = "/storage/local/data1/condor/execute/dir_4085438"
	Cpus = 1
	Disk = 1676127
	Memory = 2000
...
040 (3036088.774.000) 2024-05-15 16:50:13 Started transferring output files
...
040 (3036088.774.000) 2024-05-15 16:50:13 Finished transferring output files
...
005 (3036088.774.000) 2024-05-15 16:50:14 Job terminated.
	(1) Normal termination (return value 0)
		Usr 0 00:00:00, Sys 0 00:00:00  -  Run Remote Usage
		Usr 0 00:00:00, Sys 0 00:00:00  -  Run Local Usage
		Usr 0 00:00:00, Sys 0 00:00:00  -  Total Remote Usage
		Usr 0 00:00:00, Sys 0 00:00:00  -  Total Local Usage
	214553  -  Run Bytes Sent By Job
	2637383  -  Run Bytes Received By Job
	214553  -  Total Bytes Sent By Job
	2637383  -  Total Bytes Received By Job
	Partitionable Resources :    Usage  Request Allocated 
	   Cpus                 :        0        1         1 
	   Disk (KB)            :   318482     2750   1676127 
	   Memory (MB)          :              2000      2000 

	Job terminated of its own accord at 2024-05-15T21:50:13Z with exit-code 0.
...
