000 (3036088.005.000) 2024-05-15 16:17:39 Job submitted from host: <131.225.189.251:9618?addrs=131.225.189.251-9618+[2620-6a-0-8421--e8]-9618&alias=lpcschedd4.fnal.gov&noUDP&sock=schedd_1865_d037>
...
040 (3036088.005.000) 2024-05-15 16:32:22 Started transferring input files
	Transferring to host: <131.225.189.137:9618?addrs=[2620-6a-0-8421-f0-0-189-137]-9618+131.225.189.137-9618&alias=cmswn2106.fnal.gov&noUDP&sock=slot1_13_2472_7f5e_18929>
...
040 (3036088.005.000) 2024-05-15 16:32:22 Finished transferring input files
...
001 (3036088.005.000) 2024-05-15 16:32:23 Job executing on host: <131.225.189.137:9618?addrs=[2620-6a-0-8421-f0-0-189-137]-9618+131.225.189.137-9618&alias=cmswn2106.fnal.gov&noUDP&sock=startd_2025_8f5f>
	SlotName: slot1_13@cmswn2106.fnal.gov
	CondorScratchDir = "/storage/local/data1/condor/execute/dir_2482890"
	Cpus = 1
	Disk = 3522856
	Memory = 2000
...
040 (3036088.005.000) 2024-05-15 16:35:49 Started transferring output files
...
040 (3036088.005.000) 2024-05-15 16:35:50 Finished transferring output files
...
005 (3036088.005.000) 2024-05-15 16:35:50 Job terminated.
	(1) Normal termination (return value 0)
		Usr 0 00:00:00, Sys 0 00:00:00  -  Run Remote Usage
		Usr 0 00:00:00, Sys 0 00:00:00  -  Run Local Usage
		Usr 0 00:00:00, Sys 0 00:00:00  -  Total Remote Usage
		Usr 0 00:00:00, Sys 0 00:00:00  -  Total Local Usage
	216009  -  Run Bytes Sent By Job
	2637383  -  Run Bytes Received By Job
	216009  -  Total Bytes Sent By Job
	2637383  -  Total Bytes Received By Job
	Partitionable Resources :    Usage  Request Allocated 
	   Cpus                 :        0        1         1 
	   Disk (KB)            :   385138     2750   3522856 
	   Memory (MB)          :              2000      2000 

	Job terminated of its own accord at 2024-05-15T21:35:49Z with exit-code 0.
...
