000 (3036088.572.000) 2024-05-15 16:17:42 Job submitted from host: <131.225.189.251:9618?addrs=131.225.189.251-9618+[2620-6a-0-8421--e8]-9618&alias=lpcschedd4.fnal.gov&noUDP&sock=schedd_1865_d037>
...
040 (3036088.572.000) 2024-05-15 16:43:07 Started transferring input files
	Transferring to host: <131.225.189.179:9618?addrs=[2620-6a-0-8421-f0-0-189-179]-9618+131.225.189.179-9618&alias=cmswn2128.fnal.gov&noUDP&sock=slot1_2_2616_f563_20938>
...
040 (3036088.572.000) 2024-05-15 16:43:07 Finished transferring input files
...
001 (3036088.572.000) 2024-05-15 16:43:08 Job executing on host: <131.225.189.179:9618?addrs=[2620-6a-0-8421-f0-0-189-179]-9618+131.225.189.179-9618&alias=cmswn2128.fnal.gov&noUDP&sock=startd_2048_560c>
	SlotName: slot1_2@cmswn2128.fnal.gov
	CondorScratchDir = "/storage/local/data1/condor/execute/dir_3089316"
	Cpus = 1
	Disk = 3522856
	Memory = 2000
...
040 (3036088.572.000) 2024-05-15 16:47:46 Started transferring output files
...
040 (3036088.572.000) 2024-05-15 16:47:46 Finished transferring output files
...
005 (3036088.572.000) 2024-05-15 16:47:47 Job terminated.
	(1) Normal termination (return value 0)
		Usr 0 00:00:00, Sys 0 00:00:00  -  Run Remote Usage
		Usr 0 00:00:00, Sys 0 00:00:00  -  Run Local Usage
		Usr 0 00:00:00, Sys 0 00:00:00  -  Total Remote Usage
		Usr 0 00:00:00, Sys 0 00:00:00  -  Total Local Usage
	216692  -  Run Bytes Sent By Job
	2637383  -  Run Bytes Received By Job
	216692  -  Total Bytes Sent By Job
	2637383  -  Total Bytes Received By Job
	Partitionable Resources :     Usage  Request Allocated 
	   Cpus                 :      0.01        1         1 
	   Disk (KB)            : 417022        2750   3522856 
	   Memory (MB)          :               2000      2000 

	Job terminated of its own accord at 2024-05-15T21:47:46Z with exit-code 0.
...
