000 (3036088.848.000) 2024-05-15 16:17:42 Job submitted from host: <131.225.189.251:9618?addrs=131.225.189.251-9618+[2620-6a-0-8421--e8]-9618&alias=lpcschedd4.fnal.gov&noUDP&sock=schedd_1865_d037>
...
040 (3036088.848.000) 2024-05-15 16:47:31 Started transferring input files
	Transferring to host: <131.225.189.183:9618?addrs=[2620-6a-0-8421-f0-0-189-183]-9618+131.225.189.183-9618&alias=cmswn2130.fnal.gov&noUDP&sock=slot1_20_2370_a119_20849>
...
040 (3036088.848.000) 2024-05-15 16:47:31 Finished transferring input files
...
001 (3036088.848.000) 2024-05-15 16:47:32 Job executing on host: <131.225.189.183:9618?addrs=[2620-6a-0-8421-f0-0-189-183]-9618+131.225.189.183-9618&alias=cmswn2130.fnal.gov&noUDP&sock=startd_1973_e472>
	SlotName: slot1_20@cmswn2130.fnal.gov
	CondorScratchDir = "/storage/local/data1/condor/execute/dir_1069734"
	Cpus = 1
	Disk = 3522856
	Memory = 2000
...
040 (3036088.848.000) 2024-05-15 16:51:56 Started transferring output files
...
040 (3036088.848.000) 2024-05-15 16:51:56 Finished transferring output files
...
005 (3036088.848.000) 2024-05-15 16:51:56 Job terminated.
	(1) Normal termination (return value 0)
		Usr 0 00:00:00, Sys 0 00:00:00  -  Run Remote Usage
		Usr 0 00:00:00, Sys 0 00:00:00  -  Run Local Usage
		Usr 0 00:00:00, Sys 0 00:00:00  -  Total Remote Usage
		Usr 0 00:00:00, Sys 0 00:00:00  -  Total Local Usage
	219425  -  Run Bytes Sent By Job
	2637383  -  Run Bytes Received By Job
	219425  -  Total Bytes Sent By Job
	2637383  -  Total Bytes Received By Job
	Partitionable Resources :    Usage  Request Allocated 
	   Cpus                 :        0        1         1 
	   Disk (KB)            :   538644     2750   3522856 
	   Memory (MB)          :              2000      2000 

	Job terminated of its own accord at 2024-05-15T21:51:56Z with exit-code 0.
...
