000 (3036088.011.000) 2024-05-15 16:17:39 Job submitted from host: <131.225.189.251:9618?addrs=131.225.189.251-9618+[2620-6a-0-8421--e8]-9618&alias=lpcschedd4.fnal.gov&noUDP&sock=schedd_1865_d037>
...
040 (3036088.011.000) 2024-05-15 16:32:35 Started transferring input files
	Transferring to host: <131.225.188.91:9618?addrs=[2620-6a-0-8421-f0-0-188-91]-9618+131.225.188.91-9618&alias=cmswn2044.fnal.gov&noUDP&sock=slot1_14_2895_8a0f_46638>
...
040 (3036088.011.000) 2024-05-15 16:32:35 Finished transferring input files
...
001 (3036088.011.000) 2024-05-15 16:32:36 Job executing on host: <131.225.188.91:9618?addrs=[2620-6a-0-8421-f0-0-188-91]-9618+131.225.188.91-9618&alias=cmswn2044.fnal.gov&noUDP&sock=startd_2005_d77a>
	SlotName: slot1_14@cmswn2044.fnal.gov
	CondorScratchDir = "/storage/local/data1/condor/execute/dir_3534376"
	Cpus = 1
	Disk = 1676127
	Memory = 2000
...
040 (3036088.011.000) 2024-05-15 16:37:12 Started transferring output files
...
040 (3036088.011.000) 2024-05-15 16:37:12 Finished transferring output files
...
005 (3036088.011.000) 2024-05-15 16:37:14 Job terminated.
	(1) Normal termination (return value 0)
		Usr 0 00:00:00, Sys 0 00:00:00  -  Run Remote Usage
		Usr 0 00:00:00, Sys 0 00:00:00  -  Run Local Usage
		Usr 0 00:00:00, Sys 0 00:00:00  -  Total Remote Usage
		Usr 0 00:00:00, Sys 0 00:00:00  -  Total Local Usage
	216733  -  Run Bytes Sent By Job
	2637383  -  Run Bytes Received By Job
	216733  -  Total Bytes Sent By Job
	2637383  -  Total Bytes Received By Job
	Partitionable Resources :     Usage  Request Allocated 
	   Cpus                 :      0.01        1         1 
	   Disk (KB)            : 416465        2750   1676127 
	   Memory (MB)          :               2000      2000 

	Job terminated of its own accord at 2024-05-15T21:37:12Z with exit-code 0.
...
