000 (3036088.1122.000) 2024-05-15 16:17:43 Job submitted from host: <131.225.189.251:9618?addrs=131.225.189.251-9618+[2620-6a-0-8421--e8]-9618&alias=lpcschedd4.fnal.gov&noUDP&sock=schedd_1865_d037>
...
040 (3036088.1122.000) 2024-05-15 16:52:26 Started transferring input files
	Transferring to host: <131.225.189.167:9618?addrs=[2620-6a-0-8421-f0-0-189-167]-9618+131.225.189.167-9618&alias=cmswn2119.fnal.gov&noUDP&sock=slot1_21_2299_9a77_18241>
...
040 (3036088.1122.000) 2024-05-15 16:52:26 Finished transferring input files
...
001 (3036088.1122.000) 2024-05-15 16:52:27 Job executing on host: <131.225.189.167:9618?addrs=[2620-6a-0-8421-f0-0-189-167]-9618+131.225.189.167-9618&alias=cmswn2119.fnal.gov&noUDP&sock=startd_1988_2e5d>
	SlotName: slot1_21@cmswn2119.fnal.gov
	CondorScratchDir = "/storage/local/data1/condor/execute/dir_2136050"
	Cpus = 1
	Disk = 3522856
	Memory = 2000
...
040 (3036088.1122.000) 2024-05-15 16:57:11 Started transferring output files
...
040 (3036088.1122.000) 2024-05-15 16:57:11 Finished transferring output files
...
005 (3036088.1122.000) 2024-05-15 16:57:13 Job terminated.
	(1) Normal termination (return value 0)
		Usr 0 00:00:00, Sys 0 00:00:00  -  Run Remote Usage
		Usr 0 00:00:00, Sys 0 00:00:00  -  Run Local Usage
		Usr 0 00:00:00, Sys 0 00:00:00  -  Total Remote Usage
		Usr 0 00:00:00, Sys 0 00:00:00  -  Total Local Usage
	214773  -  Run Bytes Sent By Job
	2637383  -  Run Bytes Received By Job
	214773  -  Total Bytes Sent By Job
	2637383  -  Total Bytes Received By Job
	Partitionable Resources :     Usage  Request Allocated 
	   Cpus                 :      0.02        1         1 
	   Disk (KB)            : 329482        2750   3522856 
	   Memory (MB)          :               2000      2000 

	Job terminated of its own accord at 2024-05-15T21:57:11Z with exit-code 0.
...
