000 (3036088.047.000) 2024-05-15 16:17:39 Job submitted from host: <131.225.189.251:9618?addrs=131.225.189.251-9618+[2620-6a-0-8421--e8]-9618&alias=lpcschedd4.fnal.gov&noUDP&sock=schedd_1865_d037>
...
040 (3036088.047.000) 2024-05-15 16:33:35 Started transferring input files
	Transferring to host: <131.225.188.54:9618?addrs=[2620-6a-0-8421-f0-0-188-54]-9618+131.225.188.54-9618&alias=cmswn2034.fnal.gov&noUDP&sock=slot1_23_2761_1fc9_46865>
...
040 (3036088.047.000) 2024-05-15 16:33:35 Finished transferring input files
...
001 (3036088.047.000) 2024-05-15 16:33:36 Job executing on host: <131.225.188.54:9618?addrs=[2620-6a-0-8421-f0-0-188-54]-9618+131.225.188.54-9618&alias=cmswn2034.fnal.gov&noUDP&sock=startd_2230_2c49>
	SlotName: slot1_23@cmswn2034.fnal.gov
	CondorScratchDir = "/storage/local/data1/condor/execute/dir_1186159"
	Cpus = 1
	Disk = 1804652
	Memory = 2000
...
040 (3036088.047.000) 2024-05-15 16:36:42 Started transferring output files
...
040 (3036088.047.000) 2024-05-15 16:36:42 Finished transferring output files
...
005 (3036088.047.000) 2024-05-15 16:36:42 Job terminated.
	(1) Normal termination (return value 0)
		Usr 0 00:00:00, Sys 0 00:00:00  -  Run Remote Usage
		Usr 0 00:00:00, Sys 0 00:00:00  -  Run Local Usage
		Usr 0 00:00:00, Sys 0 00:00:00  -  Total Remote Usage
		Usr 0 00:00:00, Sys 0 00:00:00  -  Total Local Usage
	211669  -  Run Bytes Sent By Job
	2637383  -  Run Bytes Received By Job
	211669  -  Total Bytes Sent By Job
	2637383  -  Total Bytes Received By Job
	Partitionable Resources :     Usage  Request Allocated 
	   Cpus                 :      0.00        1         1 
	   Disk (KB)            : 203590        2750   1804652 
	   Memory (MB)          :               2000      2000 

	Job terminated of its own accord at 2024-05-15T21:36:42Z with exit-code 0.
...
