000 (3036088.1029.000) 2024-05-15 16:17:43 Job submitted from host: <131.225.189.251:9618?addrs=131.225.189.251-9618+[2620-6a-0-8421--e8]-9618&alias=lpcschedd4.fnal.gov&noUDP&sock=schedd_1865_d037>
...
040 (3036088.1029.000) 2024-05-15 16:50:39 Started transferring input files
	Transferring to host: <131.225.188.76:9618?addrs=[2620-6a-0-8421-f0-0-188-76]-9618+131.225.188.76-9618&alias=cmswn2039.fnal.gov&noUDP&sock=slot1_26_2703_4207_47563>
...
040 (3036088.1029.000) 2024-05-15 16:50:39 Finished transferring input files
...
001 (3036088.1029.000) 2024-05-15 16:50:40 Job executing on host: <131.225.188.76:9618?addrs=[2620-6a-0-8421-f0-0-188-76]-9618+131.225.188.76-9618&alias=cmswn2039.fnal.gov&noUDP&sock=startd_2288_f4c7>
	SlotName: slot1_26@cmswn2039.fnal.gov
	CondorScratchDir = "/storage/local/data1/condor/execute/dir_3024279"
	Cpus = 1
	Disk = 1804652
	Memory = 2000
...
040 (3036088.1029.000) 2024-05-15 16:59:59 Started transferring output files
...
040 (3036088.1029.000) 2024-05-15 16:59:59 Finished transferring output files
...
005 (3036088.1029.000) 2024-05-15 17:00:00 Job terminated.
	(1) Normal termination (return value 0)
		Usr 0 00:00:00, Sys 0 00:00:00  -  Run Remote Usage
		Usr 0 00:00:00, Sys 0 00:00:00  -  Run Local Usage
		Usr 0 00:00:00, Sys 0 00:00:00  -  Total Remote Usage
		Usr 0 00:00:00, Sys 0 00:00:00  -  Total Local Usage
	219213  -  Run Bytes Sent By Job
	2637383  -  Run Bytes Received By Job
	219213  -  Total Bytes Sent By Job
	2637383  -  Total Bytes Received By Job
	Partitionable Resources :    Usage  Request Allocated 
	   Cpus                 :        0        1         1 
	   Disk (KB)            :   528884     2750   1804652 
	   Memory (MB)          :              2000      2000 

	Job terminated of its own accord at 2024-05-15T21:59:59Z with exit-code 0.
...
