000 (3036088.243.000) 2024-05-15 16:17:41 Job submitted from host: <131.225.189.251:9618?addrs=131.225.189.251-9618+[2620-6a-0-8421--e8]-9618&alias=lpcschedd4.fnal.gov&noUDP&sock=schedd_1865_d037>
...
040 (3036088.243.000) 2024-05-15 16:37:37 Started transferring input files
	Transferring to host: <131.225.189.54:9618?addrs=[2620-6a-0-8421-f0-0-189-54]-9618+131.225.189.54-9618&alias=cmswn2098.fnal.gov&noUDP&sock=slot1_2_2624_9864_34143>
...
040 (3036088.243.000) 2024-05-15 16:37:37 Finished transferring input files
...
001 (3036088.243.000) 2024-05-15 16:37:38 Job executing on host: <131.225.189.54:9618?addrs=[2620-6a-0-8421-f0-0-189-54]-9618+131.225.189.54-9618&alias=cmswn2098.fnal.gov&noUDP&sock=startd_2009_95db>
	SlotName: slot1_2@cmswn2098.fnal.gov
	CondorScratchDir = "/storage/local/data1/condor/execute/dir_215740"
	Cpus = 1
	Disk = 1676127
	Memory = 2000
...
040 (3036088.243.000) 2024-05-15 16:42:22 Started transferring output files
...
040 (3036088.243.000) 2024-05-15 16:42:22 Finished transferring output files
...
005 (3036088.243.000) 2024-05-15 16:42:23 Job terminated.
	(1) Normal termination (return value 0)
		Usr 0 00:00:00, Sys 0 00:00:00  -  Run Remote Usage
		Usr 0 00:00:00, Sys 0 00:00:00  -  Run Local Usage
		Usr 0 00:00:00, Sys 0 00:00:00  -  Total Remote Usage
		Usr 0 00:00:00, Sys 0 00:00:00  -  Total Local Usage
	216663  -  Run Bytes Sent By Job
	2637383  -  Run Bytes Received By Job
	216663  -  Total Bytes Sent By Job
	2637383  -  Total Bytes Received By Job
	Partitionable Resources :    Usage  Request Allocated 
	   Cpus                 :        0        1         1 
	   Disk (KB)            :   417173     2750   1676127 
	   Memory (MB)          :              2000      2000 

	Job terminated of its own accord at 2024-05-15T21:42:22Z with exit-code 0.
...
