000 (3036088.412.000) 2024-05-15 16:17:41 Job submitted from host: <131.225.189.251:9618?addrs=131.225.189.251-9618+[2620-6a-0-8421--e8]-9618&alias=lpcschedd4.fnal.gov&noUDP&sock=schedd_1865_d037>
...
040 (3036088.412.000) 2024-05-15 16:40:44 Started transferring input files
	Transferring to host: <131.225.189.24:9618?addrs=[2620-6a-0-8421-f0-0-189-24]-9618+131.225.189.24-9618&alias=cmswn2083.fnal.gov&noUDP&sock=slot1_4_2449_4abd_35165>
...
040 (3036088.412.000) 2024-05-15 16:40:44 Finished transferring input files
...
001 (3036088.412.000) 2024-05-15 16:40:45 Job executing on host: <131.225.189.24:9618?addrs=[2620-6a-0-8421-f0-0-189-24]-9618+131.225.189.24-9618&alias=cmswn2083.fnal.gov&noUDP&sock=startd_1973_e472>
	SlotName: slot1_4@cmswn2083.fnal.gov
	CondorScratchDir = "/storage/local/data1/condor/execute/dir_2324745"
	Cpus = 1
	Disk = 1676127
	Memory = 2000
...
040 (3036088.412.000) 2024-05-15 16:44:37 Started transferring output files
...
040 (3036088.412.000) 2024-05-15 16:44:37 Finished transferring output files
...
005 (3036088.412.000) 2024-05-15 16:44:38 Job terminated.
	(1) Normal termination (return value 0)
		Usr 0 00:00:00, Sys 0 00:00:00  -  Run Remote Usage
		Usr 0 00:00:00, Sys 0 00:00:00  -  Run Local Usage
		Usr 0 00:00:00, Sys 0 00:00:00  -  Total Remote Usage
		Usr 0 00:00:00, Sys 0 00:00:00  -  Total Local Usage
	215732  -  Run Bytes Sent By Job
	2637383  -  Run Bytes Received By Job
	215732  -  Total Bytes Sent By Job
	2637383  -  Total Bytes Received By Job
	Partitionable Resources :     Usage  Request Allocated 
	   Cpus                 :      0.01        1         1 
	   Disk (KB)            : 377749        2750   1676127 
	   Memory (MB)          :               2000      2000 

	Job terminated of its own accord at 2024-05-15T21:44:37Z with exit-code 0.
...
