000 (3036088.056.000) 2024-05-15 16:17:40 Job submitted from host: <131.225.189.251:9618?addrs=131.225.189.251-9618+[2620-6a-0-8421--e8]-9618&alias=lpcschedd4.fnal.gov&noUDP&sock=schedd_1865_d037>
...
040 (3036088.056.000) 2024-05-15 16:33:48 Started transferring input files
	Transferring to host: <131.225.188.22:9618?addrs=[2620-6a-0-8421-f0-0-188-22]-9618+131.225.188.22-9618&alias=cmswn2024.fnal.gov&noUDP&sock=slot1_12_2641_92c4_51021>
...
040 (3036088.056.000) 2024-05-15 16:33:48 Finished transferring input files
...
001 (3036088.056.000) 2024-05-15 16:33:49 Job executing on host: <131.225.188.22:9618?addrs=[2620-6a-0-8421-f0-0-188-22]-9618+131.225.188.22-9618&alias=cmswn2024.fnal.gov&noUDP&sock=startd_2339_f01b>
	SlotName: slot1_12@cmswn2024.fnal.gov
	CondorScratchDir = "/storage/local/data1/condor/execute/dir_2505739"
	Cpus = 1
	Disk = 1804652
	Memory = 2000
...
040 (3036088.056.000) 2024-05-15 16:38:38 Started transferring output files
...
040 (3036088.056.000) 2024-05-15 16:38:38 Finished transferring output files
...
005 (3036088.056.000) 2024-05-15 16:38:39 Job terminated.
	(1) Normal termination (return value 0)
		Usr 0 00:00:00, Sys 0 00:00:00  -  Run Remote Usage
		Usr 0 00:00:00, Sys 0 00:00:00  -  Run Local Usage
		Usr 0 00:00:00, Sys 0 00:00:00  -  Total Remote Usage
		Usr 0 00:00:00, Sys 0 00:00:00  -  Total Local Usage
	219397  -  Run Bytes Sent By Job
	2637383  -  Run Bytes Received By Job
	219397  -  Total Bytes Sent By Job
	2637383  -  Total Bytes Received By Job
	Partitionable Resources :     Usage  Request Allocated 
	   Cpus                 :      0.00        1         1 
	   Disk (KB)            : 533451        2750   1804652 
	   Memory (MB)          :               2000      2000 

	Job terminated of its own accord at 2024-05-15T21:38:38Z with exit-code 0.
...
