000 (3281718.005.000) 2024-05-22 14:48:23 Job submitted from host: <131.225.189.251:9618?addrs=131.225.189.251-9618+[2620-6a-0-8421--e8]-9618&alias=lpcschedd4.fnal.gov&noUDP&sock=schedd_1865_d037>
...
040 (3281718.005.000) 2024-05-22 14:48:51 Started transferring input files
	Transferring to host: <131.225.189.128:9618?addrs=[2620-6a-0-8421-f0-0-189-128]-9618+131.225.189.128-9618&alias=cmswn2102.fnal.gov&noUDP&sock=slot1_19_2619_1284_20804>
...
040 (3281718.005.000) 2024-05-22 14:48:51 Finished transferring input files
...
001 (3281718.005.000) 2024-05-22 14:48:52 Job executing on host: <131.225.189.128:9618?addrs=[2620-6a-0-8421-f0-0-189-128]-9618+131.225.189.128-9618&alias=cmswn2102.fnal.gov&noUDP&sock=startd_2174_c2fb>
	SlotName: slot1_19@cmswn2102.fnal.gov
	CondorScratchDir = "/storage/local/data1/condor/execute/dir_2131549"
	Cpus = 1
	Disk = 3471723
	Memory = 2000
...
040 (3281718.005.000) 2024-05-22 14:49:33 Started transferring output files
...
040 (3281718.005.000) 2024-05-22 14:49:33 Finished transferring output files
...
005 (3281718.005.000) 2024-05-22 14:49:33 Job terminated.
	(1) Normal termination (return value 0)
		Usr 0 00:00:00, Sys 0 00:00:00  -  Run Remote Usage
		Usr 0 00:00:00, Sys 0 00:00:00  -  Run Local Usage
		Usr 0 00:00:00, Sys 0 00:00:00  -  Total Remote Usage
		Usr 0 00:00:00, Sys 0 00:00:00  -  Total Local Usage
	21124  -  Run Bytes Sent By Job
	2621666  -  Run Bytes Received By Job
	21124  -  Total Bytes Sent By Job
	2621666  -  Total Bytes Received By Job
	Partitionable Resources :    Usage  Request Allocated 
	   Cpus                 :        0        1         1 
	   Disk (KB)            :     5965     2750   3471723 
	   Memory (MB)          :              2000      2000 

	Job terminated of its own accord at 2024-05-22T19:49:32Z with exit-code 0.
...
