000 (3281718.008.000) 2024-05-22 14:48:23 Job submitted from host: <131.225.189.251:9618?addrs=131.225.189.251-9618+[2620-6a-0-8421--e8]-9618&alias=lpcschedd4.fnal.gov&noUDP&sock=schedd_1865_d037>
...
040 (3281718.008.000) 2024-05-22 14:48:50 Started transferring input files
	Transferring to host: <131.225.188.161:9618?addrs=[2620-6a-0-8421-f0-0-188-161]-9618+131.225.188.161-9618&alias=cmswn2055.fnal.gov&noUDP&sock=slot1_18_2246_4294_57879>
...
040 (3281718.008.000) 2024-05-22 14:48:50 Finished transferring input files
...
001 (3281718.008.000) 2024-05-22 14:48:51 Job executing on host: <131.225.188.161:9618?addrs=[2620-6a-0-8421-f0-0-188-161]-9618+131.225.188.161-9618&alias=cmswn2055.fnal.gov&noUDP&sock=startd_1991_3d26>
	SlotName: slot1_18@cmswn2055.fnal.gov
	CondorScratchDir = "/storage/local/data1/condor/execute/dir_2256107"
	Cpus = 1
	Disk = 1676127
	Memory = 2000
...
040 (3281718.008.000) 2024-05-22 14:56:39 Started transferring output files
...
040 (3281718.008.000) 2024-05-22 14:56:39 Finished transferring output files
...
005 (3281718.008.000) 2024-05-22 14:56:39 Job terminated.
	(1) Normal termination (return value 0)
		Usr 0 00:00:00, Sys 0 00:00:00  -  Run Remote Usage
		Usr 0 00:00:00, Sys 0 00:00:00  -  Run Local Usage
		Usr 0 00:00:00, Sys 0 00:00:00  -  Total Remote Usage
		Usr 0 00:00:00, Sys 0 00:00:00  -  Total Local Usage
	38606  -  Run Bytes Sent By Job
	2621666  -  Run Bytes Received By Job
	38606  -  Total Bytes Sent By Job
	2621666  -  Total Bytes Received By Job
	Partitionable Resources :    Usage  Request Allocated 
	   Cpus                 :        0        1         1 
	   Disk (KB)            :   832146     2750   1676127 
	   Memory (MB)          :              2000      2000 

	Job terminated of its own accord at 2024-05-22T19:56:39Z with exit-code 0.
...
