000 (3281718.040.000) 2024-05-22 14:48:24 Job submitted from host: <131.225.189.251:9618?addrs=131.225.189.251-9618+[2620-6a-0-8421--e8]-9618&alias=lpcschedd4.fnal.gov&noUDP&sock=schedd_1865_d037>
...
040 (3281718.040.000) 2024-05-22 14:48:57 Started transferring input files
	Transferring to host: <131.225.188.25:9618?addrs=[2620-6a-0-8421-f0-0-188-25]-9618+131.225.188.25-9618&alias=cmswn2025.fnal.gov&noUDP&sock=slot1_28_2680_0d66_57754>
...
040 (3281718.040.000) 2024-05-22 14:48:57 Finished transferring input files
...
001 (3281718.040.000) 2024-05-22 14:48:58 Job executing on host: <131.225.188.25:9618?addrs=[2620-6a-0-8421-f0-0-188-25]-9618+131.225.188.25-9618&alias=cmswn2025.fnal.gov&noUDP&sock=startd_2420_7f47>
	SlotName: slot1_28@cmswn2025.fnal.gov
	CondorScratchDir = "/storage/local/data1/condor/execute/dir_911429"
	Cpus = 1
	Disk = 1804652
	Memory = 2000
...
040 (3281718.040.000) 2024-05-22 14:52:23 Started transferring output files
...
040 (3281718.040.000) 2024-05-22 14:52:23 Finished transferring output files
...
005 (3281718.040.000) 2024-05-22 14:52:24 Job terminated.
	(1) Normal termination (return value 0)
		Usr 0 00:00:00, Sys 0 00:00:00  -  Run Remote Usage
		Usr 0 00:00:00, Sys 0 00:00:00  -  Run Local Usage
		Usr 0 00:00:00, Sys 0 00:00:00  -  Total Remote Usage
		Usr 0 00:00:00, Sys 0 00:00:00  -  Total Local Usage
	24162  -  Run Bytes Sent By Job
	2621666  -  Run Bytes Received By Job
	24162  -  Total Bytes Sent By Job
	2621666  -  Total Bytes Received By Job
	Partitionable Resources :     Usage  Request Allocated 
	   Cpus                 :      0.00        1         1 
	   Disk (KB)            : 159690        2750   1804652 
	   Memory (MB)          :               2000      2000 

	Job terminated of its own accord at 2024-05-22T19:52:23Z with exit-code 0.
...
