000 (3281718.071.000) 2024-05-22 14:48:24 Job submitted from host: <131.225.189.251:9618?addrs=131.225.189.251-9618+[2620-6a-0-8421--e8]-9618&alias=lpcschedd4.fnal.gov&noUDP&sock=schedd_1865_d037>
...
040 (3281718.071.000) 2024-05-22 14:50:03 Started transferring input files
	Transferring to host: <131.225.188.22:9618?addrs=[2620-6a-0-8421-f0-0-188-22]-9618+131.225.188.22-9618&alias=cmswn2024.fnal.gov&noUDP&sock=slot1_24_2641_92c4_64153>
...
040 (3281718.071.000) 2024-05-22 14:50:03 Finished transferring input files
...
001 (3281718.071.000) 2024-05-22 14:50:04 Job executing on host: <131.225.188.22:9618?addrs=[2620-6a-0-8421-f0-0-188-22]-9618+131.225.188.22-9618&alias=cmswn2024.fnal.gov&noUDP&sock=startd_2339_f01b>
	SlotName: slot1_24@cmswn2024.fnal.gov
	CondorScratchDir = "/storage/local/data1/condor/execute/dir_1678204"
	Cpus = 1
	Disk = 1804652
	Memory = 2000
...
040 (3281718.071.000) 2024-05-22 14:51:50 Started transferring output files
...
040 (3281718.071.000) 2024-05-22 14:51:50 Finished transferring output files
...
005 (3281718.071.000) 2024-05-22 14:51:50 Job terminated.
	(1) Normal termination (return value 0)
		Usr 0 00:00:00, Sys 0 00:00:00  -  Run Remote Usage
		Usr 0 00:00:00, Sys 0 00:00:00  -  Run Local Usage
		Usr 0 00:00:00, Sys 0 00:00:00  -  Total Remote Usage
		Usr 0 00:00:00, Sys 0 00:00:00  -  Total Local Usage
	21126  -  Run Bytes Sent By Job
	2621666  -  Run Bytes Received By Job
	21126  -  Total Bytes Sent By Job
	2621666  -  Total Bytes Received By Job
	Partitionable Resources :    Usage  Request Allocated 
	   Cpus                 :     0.00        1         1 
	   Disk (KB)            : 32112        2750   1804652 
	   Memory (MB)          :              2000      2000 

	Job terminated of its own accord at 2024-05-22T19:51:49Z with exit-code 0.
...
