000 (3281718.069.000) 2024-05-22 14:48:24 Job submitted from host: <131.225.189.251:9618?addrs=131.225.189.251-9618+[2620-6a-0-8421--e8]-9618&alias=lpcschedd4.fnal.gov&noUDP&sock=schedd_1865_d037>
...
040 (3281718.069.000) 2024-05-22 14:50:02 Started transferring input files
	Transferring to host: <131.225.189.34:9618?addrs=[2620-6a-0-8421-f0-0-189-34]-9618+131.225.189.34-9618&alias=cmswn2087.fnal.gov&noUDP&sock=slot1_15_2843_e68d_49896>
...
040 (3281718.069.000) 2024-05-22 14:50:03 Finished transferring input files
...
001 (3281718.069.000) 2024-05-22 14:50:04 Job executing on host: <131.225.189.34:9618?addrs=[2620-6a-0-8421-f0-0-189-34]-9618+131.225.189.34-9618&alias=cmswn2087.fnal.gov&noUDP&sock=startd_2068_0df1>
	SlotName: slot1_15@cmswn2087.fnal.gov
	CondorScratchDir = "/storage/local/data1/condor/execute/dir_1105420"
	Cpus = 1
	Disk = 1676127
	Memory = 2000
...
040 (3281718.069.000) 2024-05-22 14:59:58 Started transferring output files
...
040 (3281718.069.000) 2024-05-22 14:59:58 Finished transferring output files
...
005 (3281718.069.000) 2024-05-22 14:59:58 Job terminated.
	(1) Normal termination (return value 0)
		Usr 0 00:00:00, Sys 0 00:00:00  -  Run Remote Usage
		Usr 0 00:00:00, Sys 0 00:00:00  -  Run Local Usage
		Usr 0 00:00:00, Sys 0 00:00:00  -  Total Remote Usage
		Usr 0 00:00:00, Sys 0 00:00:00  -  Total Local Usage
	41562  -  Run Bytes Sent By Job
	2621666  -  Run Bytes Received By Job
	41562  -  Total Bytes Sent By Job
	2621666  -  Total Bytes Received By Job
	Partitionable Resources :     Usage  Request Allocated 
	   Cpus                 :      0.00        1         1 
	   Disk (KB)            : 949980        2750   1676127 
	   Memory (MB)          :               2000      2000 

	Job terminated of its own accord at 2024-05-22T19:59:58Z with exit-code 0.
...
