000 (3281718.000.000) 2024-05-22 14:48:23 Job submitted from host: <131.225.189.251:9618?addrs=131.225.189.251-9618+[2620-6a-0-8421--e8]-9618&alias=lpcschedd4.fnal.gov&noUDP&sock=schedd_1865_d037>
...
040 (3281718.000.000) 2024-05-22 14:48:49 Started transferring input files
	Transferring to host: <131.225.189.172:9618?addrs=[2620-6a-0-8421-f0-0-189-172]-9618+131.225.189.172-9618&alias=cmswn2122.fnal.gov&noUDP&sock=slot1_14_2394_8a1a_32818>
...
040 (3281718.000.000) 2024-05-22 14:48:50 Finished transferring input files
...
001 (3281718.000.000) 2024-05-22 14:48:51 Job executing on host: <131.225.189.172:9618?addrs=[2620-6a-0-8421-f0-0-189-172]-9618+131.225.189.172-9618&alias=cmswn2122.fnal.gov&noUDP&sock=startd_2015_b36c>
	SlotName: slot1_14@cmswn2122.fnal.gov
	CondorScratchDir = "/storage/local/data1/condor/execute/dir_3553151"
	Cpus = 1
	Disk = 3522856
	Memory = 2000
...
040 (3281718.000.000) 2024-05-22 15:01:30 Started transferring output files
...
040 (3281718.000.000) 2024-05-22 15:01:30 Finished transferring output files
...
005 (3281718.000.000) 2024-05-22 15:01:31 Job terminated.
	(1) Normal termination (return value 0)
		Usr 0 00:00:00, Sys 0 00:00:00  -  Run Remote Usage
		Usr 0 00:00:00, Sys 0 00:00:00  -  Run Local Usage
		Usr 0 00:00:00, Sys 0 00:00:00  -  Total Remote Usage
		Usr 0 00:00:00, Sys 0 00:00:00  -  Total Local Usage
	46857  -  Run Bytes Sent By Job
	2621666  -  Run Bytes Received By Job
	46857  -  Total Bytes Sent By Job
	2621666  -  Total Bytes Received By Job
	Partitionable Resources :    Usage  Request Allocated 
	   Cpus                 :        0        1         1 
	   Disk (KB)            :  1210841     2750   3522856 
	   Memory (MB)          :              2000      2000 

	Job terminated of its own accord at 2024-05-22T20:01:30Z with exit-code 0.
...
