000 (3281718.016.000) 2024-05-22 14:48:23 Job submitted from host: <131.225.189.251:9618?addrs=131.225.189.251-9618+[2620-6a-0-8421--e8]-9618&alias=lpcschedd4.fnal.gov&noUDP&sock=schedd_1865_d037>
...
040 (3281718.016.000) 2024-05-22 14:48:52 Started transferring input files
	Transferring to host: <131.225.188.94:9618?addrs=[2620-6a-0-8421-f0-0-188-94]-9618+131.225.188.94-9618&alias=cmswn2045.fnal.gov&noUDP&sock=slot1_21_2833_dacc_60494>
...
040 (3281718.016.000) 2024-05-22 14:48:52 Finished transferring input files
...
001 (3281718.016.000) 2024-05-22 14:48:53 Job executing on host: <131.225.188.94:9618?addrs=[2620-6a-0-8421-f0-0-188-94]-9618+131.225.188.94-9618&alias=cmswn2045.fnal.gov&noUDP&sock=startd_1977_a2d3>
	SlotName: slot1_21@cmswn2045.fnal.gov
	CondorScratchDir = "/storage/local/data1/condor/execute/dir_1201738"
	Cpus = 1
	Disk = 1676127
	Memory = 2000
...
040 (3281718.016.000) 2024-05-22 15:00:15 Started transferring output files
...
040 (3281718.016.000) 2024-05-22 15:00:15 Finished transferring output files
...
005 (3281718.016.000) 2024-05-22 15:00:16 Job terminated.
	(1) Normal termination (return value 0)
		Usr 0 00:00:00, Sys 0 00:00:00  -  Run Remote Usage
		Usr 0 00:00:00, Sys 0 00:00:00  -  Run Local Usage
		Usr 0 00:00:00, Sys 0 00:00:00  -  Total Remote Usage
		Usr 0 00:00:00, Sys 0 00:00:00  -  Total Local Usage
	37674  -  Run Bytes Sent By Job
	2621666  -  Run Bytes Received By Job
	37674  -  Total Bytes Sent By Job
	2621666  -  Total Bytes Received By Job
	Partitionable Resources :     Usage  Request Allocated 
	   Cpus                 :      0.00        1         1 
	   Disk (KB)            : 767443        2750   1676127 
	   Memory (MB)          :               2000      2000 

	Job terminated of its own accord at 2024-05-22T20:00:15Z with exit-code 0.
...
