000 (3281718.065.000) 2024-05-22 14:48:24 Job submitted from host: <131.225.189.251:9618?addrs=131.225.189.251-9618+[2620-6a-0-8421--e8]-9618&alias=lpcschedd4.fnal.gov&noUDP&sock=schedd_1865_d037>
...
040 (3281718.065.000) 2024-05-22 14:50:01 Started transferring input files
	Transferring to host: <131.225.189.24:9618?addrs=[2620-6a-0-8421-f0-0-189-24]-9618+131.225.189.24-9618&alias=cmswn2083.fnal.gov&noUDP&sock=slot1_19_2449_4abd_49318>
...
040 (3281718.065.000) 2024-05-22 14:50:01 Finished transferring input files
...
001 (3281718.065.000) 2024-05-22 14:50:02 Job executing on host: <131.225.189.24:9618?addrs=[2620-6a-0-8421-f0-0-189-24]-9618+131.225.189.24-9618&alias=cmswn2083.fnal.gov&noUDP&sock=startd_1973_e472>
	SlotName: slot1_19@cmswn2083.fnal.gov
	CondorScratchDir = "/storage/local/data1/condor/execute/dir_2154253"
	Cpus = 1
	Disk = 1676127
	Memory = 2000
...
040 (3281718.065.000) 2024-05-22 14:51:41 Started transferring output files
...
040 (3281718.065.000) 2024-05-22 14:51:41 Finished transferring output files
...
005 (3281718.065.000) 2024-05-22 14:51:41 Job terminated.
	(1) Normal termination (return value 0)
		Usr 0 00:00:00, Sys 0 00:00:00  -  Run Remote Usage
		Usr 0 00:00:00, Sys 0 00:00:00  -  Run Local Usage
		Usr 0 00:00:00, Sys 0 00:00:00  -  Total Remote Usage
		Usr 0 00:00:00, Sys 0 00:00:00  -  Total Local Usage
	23794  -  Run Bytes Sent By Job
	2621666  -  Run Bytes Received By Job
	23794  -  Total Bytes Sent By Job
	2621666  -  Total Bytes Received By Job
	Partitionable Resources :    Usage  Request Allocated 
	   Cpus                 :        0        1         1 
	   Disk (KB)            :   148884     2750   1676127 
	   Memory (MB)          :              2000      2000 

	Job terminated of its own accord at 2024-05-22T19:51:41Z with exit-code 0.
...
