000 (65123910.138.000) 2024-05-15 16:18:02 Job submitted from host: <131.225.189.168:9618?addrs=131.225.189.168-9618+[2620-6a-0-8421-f0-0-189-168]-9618&alias=lpcschedd6.fnal.gov&noUDP&sock=schedd_18634_f3db>
...
040 (65123910.138.000) 2024-05-15 16:31:36 Started transferring input files
	Transferring to host: <131.225.189.158:9618?addrs=[2620-6a-0-8421-f0-0-189-158]-9618+131.225.189.158-9618&alias=cmswn2114.fnal.gov&noUDP&sock=slot1_14_3136_5879_20111>
...
040 (65123910.138.000) 2024-05-15 16:31:36 Finished transferring input files
...
001 (65123910.138.000) 2024-05-15 16:31:37 Job executing on host: <131.225.189.158:9618?addrs=[2620-6a-0-8421-f0-0-189-158]-9618+131.225.189.158-9618&alias=cmswn2114.fnal.gov&noUDP&sock=startd_2172_63cb>
	SlotName: slot1_14@cmswn2114.fnal.gov
	CondorScratchDir = "/storage/local/data1/condor/execute/dir_1851475"
	Cpus = 1
	Disk = 3522856
	Memory = 2000
...
040 (65123910.138.000) 2024-05-15 16:38:33 Started transferring output files
...
040 (65123910.138.000) 2024-05-15 16:38:33 Finished transferring output files
...
005 (65123910.138.000) 2024-05-15 16:38:35 Job terminated.
	(1) Normal termination (return value 0)
		Usr 0 00:00:00, Sys 0 00:00:00  -  Run Remote Usage
		Usr 0 00:00:00, Sys 0 00:00:00  -  Run Local Usage
		Usr 0 00:00:00, Sys 0 00:00:00  -  Total Remote Usage
		Usr 0 00:00:00, Sys 0 00:00:00  -  Total Local Usage
	54807  -  Run Bytes Sent By Job
	2622148  -  Run Bytes Received By Job
	54807  -  Total Bytes Sent By Job
	2622148  -  Total Bytes Received By Job
	Partitionable Resources :     Usage  Request Allocated 
	   Cpus                 :      0.01        1         1 
	   Disk (KB)            : 510700        2750   3522856 
	   Memory (MB)          :               2000      2000 

	Job terminated of its own accord at 2024-05-15T21:38:33Z with exit-code 0.
...
