000 (65123910.129.000) 2024-05-15 16:18:02 Job submitted from host: <131.225.189.168:9618?addrs=131.225.189.168-9618+[2620-6a-0-8421-f0-0-189-168]-9618&alias=lpcschedd6.fnal.gov&noUDP&sock=schedd_18634_f3db>
...
040 (65123910.129.000) 2024-05-15 16:30:57 Started transferring input files
	Transferring to host: <131.225.189.131:9618?addrs=[2620-6a-0-8421-f0-0-189-131]-9618+131.225.189.131-9618&alias=cmswn2103.fnal.gov&noUDP&sock=slot1_14_2483_3f7e_20269>
...
040 (65123910.129.000) 2024-05-15 16:30:57 Finished transferring input files
...
001 (65123910.129.000) 2024-05-15 16:30:58 Job executing on host: <131.225.189.131:9618?addrs=[2620-6a-0-8421-f0-0-189-131]-9618+131.225.189.131-9618&alias=cmswn2103.fnal.gov&noUDP&sock=startd_1976_f33b>
	SlotName: slot1_14@cmswn2103.fnal.gov
	CondorScratchDir = "/storage/local/data1/condor/execute/dir_3058288"
	Cpus = 1
	Disk = 3522856
	Memory = 2000
...
040 (65123910.129.000) 2024-05-15 16:37:01 Started transferring output files
...
040 (65123910.129.000) 2024-05-15 16:37:01 Finished transferring output files
...
005 (65123910.129.000) 2024-05-15 16:37:01 Job terminated.
	(1) Normal termination (return value 0)
		Usr 0 00:00:00, Sys 0 00:00:00  -  Run Remote Usage
		Usr 0 00:00:00, Sys 0 00:00:00  -  Run Local Usage
		Usr 0 00:00:00, Sys 0 00:00:00  -  Total Remote Usage
		Usr 0 00:00:00, Sys 0 00:00:00  -  Total Local Usage
	54807  -  Run Bytes Sent By Job
	2622148  -  Run Bytes Received By Job
	54807  -  Total Bytes Sent By Job
	2622148  -  Total Bytes Received By Job
	Partitionable Resources :    Usage  Request Allocated 
	   Cpus                 :        0        1         1 
	   Disk (KB)            :   513806     2750   3522856 
	   Memory (MB)          :              2000      2000 

	Job terminated of its own accord at 2024-05-15T21:37:01Z with exit-code 0.
...
