000 (65123910.159.000) 2024-05-15 16:18:02 Job submitted from host: <131.225.189.168:9618?addrs=131.225.189.168-9618+[2620-6a-0-8421-f0-0-189-168]-9618&alias=lpcschedd6.fnal.gov&noUDP&sock=schedd_18634_f3db>
...
040 (65123910.159.000) 2024-05-15 16:32:45 Started transferring input files
	Transferring to host: <131.225.189.180:9618?addrs=[2620-6a-0-8421-f0-0-189-180]-9618+131.225.189.180-9618&alias=cmswn2129.fnal.gov&noUDP&sock=slot1_24_2937_21d1_54826>
...
040 (65123910.159.000) 2024-05-15 16:32:46 Finished transferring input files
...
001 (65123910.159.000) 2024-05-15 16:32:47 Job executing on host: <131.225.189.180:9618?addrs=[2620-6a-0-8421-f0-0-189-180]-9618+131.225.189.180-9618&alias=cmswn2129.fnal.gov&noUDP&sock=startd_2553_b960>
	SlotName: slot1_24@cmswn2129.fnal.gov
	CondorScratchDir = "/storage/local/data1/condor/execute/dir_3749652"
	Cpus = 1
	Disk = 3743591
	Memory = 2000
...
040 (65123910.159.000) 2024-05-15 16:37:57 Started transferring output files
...
040 (65123910.159.000) 2024-05-15 16:37:57 Finished transferring output files
...
005 (65123910.159.000) 2024-05-15 16:37:58 Job terminated.
	(1) Normal termination (return value 0)
		Usr 0 00:00:00, Sys 0 00:00:00  -  Run Remote Usage
		Usr 0 00:00:00, Sys 0 00:00:00  -  Run Local Usage
		Usr 0 00:00:00, Sys 0 00:00:00  -  Total Remote Usage
		Usr 0 00:00:00, Sys 0 00:00:00  -  Total Local Usage
	55026  -  Run Bytes Sent By Job
	2622148  -  Run Bytes Received By Job
	55026  -  Total Bytes Sent By Job
	2622148  -  Total Bytes Received By Job
	Partitionable Resources :    Usage  Request Allocated 
	   Cpus                 :        0        1         1 
	   Disk (KB)            :   518869     2750   3743591 
	   Memory (MB)          :              2000      2000 

	Job terminated of its own accord at 2024-05-15T21:37:57Z with exit-code 0.
...
