000 (65123910.139.000) 2024-05-15 16:18:02 Job submitted from host: <131.225.189.168:9618?addrs=131.225.189.168-9618+[2620-6a-0-8421-f0-0-189-168]-9618&alias=lpcschedd6.fnal.gov&noUDP&sock=schedd_18634_f3db>
...
040 (65123910.139.000) 2024-05-15 16:31:40 Started transferring input files
	Transferring to host: <131.225.188.17:9618?addrs=[2620-6a-0-8421-f0-0-188-17]-9618+131.225.188.17-9618&alias=cmswn2020.fnal.gov&noUDP&sock=slot1_24_2658_8d25_48546>
...
040 (65123910.139.000) 2024-05-15 16:31:40 Finished transferring input files
...
001 (65123910.139.000) 2024-05-15 16:31:41 Job executing on host: <131.225.188.17:9618?addrs=[2620-6a-0-8421-f0-0-188-17]-9618+131.225.188.17-9618&alias=cmswn2020.fnal.gov&noUDP&sock=startd_2280_7805>
	SlotName: slot1_24@cmswn2020.fnal.gov
	CondorScratchDir = "/storage/local/data1/condor/execute/dir_502257"
	Cpus = 1
	Disk = 1804652
	Memory = 2000
...
040 (65123910.139.000) 2024-05-15 16:35:55 Started transferring output files
...
040 (65123910.139.000) 2024-05-15 16:35:55 Finished transferring output files
...
005 (65123910.139.000) 2024-05-15 16:35:57 Job terminated.
	(1) Normal termination (return value 0)
		Usr 0 00:00:00, Sys 0 00:00:00  -  Run Remote Usage
		Usr 0 00:00:00, Sys 0 00:00:00  -  Run Local Usage
		Usr 0 00:00:00, Sys 0 00:00:00  -  Total Remote Usage
		Usr 0 00:00:00, Sys 0 00:00:00  -  Total Local Usage
	52624  -  Run Bytes Sent By Job
	2622148  -  Run Bytes Received By Job
	52624  -  Total Bytes Sent By Job
	2622148  -  Total Bytes Received By Job
	Partitionable Resources :     Usage  Request Allocated 
	   Cpus                 :      0.00        1         1 
	   Disk (KB)            : 420982        2750   1804652 
	   Memory (MB)          :               2000      2000 

	Job terminated of its own accord at 2024-05-15T21:35:55Z with exit-code 0.
...
