000 (65123910.185.000) 2024-05-15 16:18:02 Job submitted from host: <131.225.189.168:9618?addrs=131.225.189.168-9618+[2620-6a-0-8421-f0-0-189-168]-9618&alias=lpcschedd6.fnal.gov&noUDP&sock=schedd_18634_f3db>
...
040 (65123910.185.000) 2024-05-15 16:34:04 Started transferring input files
	Transferring to host: <131.225.188.34:9618?addrs=[2620-6a-0-8421-f0-0-188-34]-9618+131.225.188.34-9618&alias=cmswn2026.fnal.gov&noUDP&sock=slot1_13_2513_62bf_71660>
...
040 (65123910.185.000) 2024-05-15 16:34:04 Finished transferring input files
...
001 (65123910.185.000) 2024-05-15 16:34:05 Job executing on host: <131.225.188.34:9618?addrs=[2620-6a-0-8421-f0-0-188-34]-9618+131.225.188.34-9618&alias=cmswn2026.fnal.gov&noUDP&sock=startd_1966_1748>
	SlotName: slot1_13@cmswn2026.fnal.gov
	CondorScratchDir = "/storage/local/data1/condor/execute/dir_2892762"
	Cpus = 1
	Disk = 1601375
	Memory = 2000
...
040 (65123910.185.000) 2024-05-15 16:38:10 Started transferring output files
...
040 (65123910.185.000) 2024-05-15 16:38:10 Finished transferring output files
...
005 (65123910.185.000) 2024-05-15 16:38:10 Job terminated.
	(1) Normal termination (return value 0)
		Usr 0 00:00:00, Sys 0 00:00:00  -  Run Remote Usage
		Usr 0 00:00:00, Sys 0 00:00:00  -  Run Local Usage
		Usr 0 00:00:00, Sys 0 00:00:00  -  Total Remote Usage
		Usr 0 00:00:00, Sys 0 00:00:00  -  Total Local Usage
	52914  -  Run Bytes Sent By Job
	2622148  -  Run Bytes Received By Job
	52914  -  Total Bytes Sent By Job
	2622148  -  Total Bytes Received By Job
	Partitionable Resources :     Usage  Request Allocated 
	   Cpus                 :      0.01        1         1 
	   Disk (KB)            : 424398        2750   1601375 
	   Memory (MB)          :               2000      2000 

	Job terminated of its own accord at 2024-05-15T21:38:10Z with exit-code 0.
...
