000 (65123910.092.000) 2024-05-15 16:18:02 Job submitted from host: <131.225.189.168:9618?addrs=131.225.189.168-9618+[2620-6a-0-8421-f0-0-189-168]-9618&alias=lpcschedd6.fnal.gov&noUDP&sock=schedd_18634_f3db>
...
040 (65123910.092.000) 2024-05-15 16:28:09 Started transferring input files
	Transferring to host: <131.225.189.180:9618?addrs=[2620-6a-0-8421-f0-0-189-180]-9618+131.225.189.180-9618&alias=cmswn2129.fnal.gov&noUDP&sock=slot1_3_2937_21d1_54818>
...
040 (65123910.092.000) 2024-05-15 16:28:09 Finished transferring input files
...
001 (65123910.092.000) 2024-05-15 16:28:11 Job executing on host: <131.225.189.180:9618?addrs=[2620-6a-0-8421-f0-0-189-180]-9618+131.225.189.180-9618&alias=cmswn2129.fnal.gov&noUDP&sock=startd_2553_b960>
	SlotName: slot1_3@cmswn2129.fnal.gov
	CondorScratchDir = "/storage/local/data1/condor/execute/dir_3744975"
	Cpus = 1
	Disk = 3743591
	Memory = 2000
...
040 (65123910.092.000) 2024-05-15 16:35:45 Started transferring output files
...
040 (65123910.092.000) 2024-05-15 16:35:45 Finished transferring output files
...
005 (65123910.092.000) 2024-05-15 16:35:45 Job terminated.
	(1) Normal termination (return value 0)
		Usr 0 00:00:00, Sys 0 00:00:00  -  Run Remote Usage
		Usr 0 00:00:00, Sys 0 00:00:00  -  Run Local Usage
		Usr 0 00:00:00, Sys 0 00:00:00  -  Total Remote Usage
		Usr 0 00:00:00, Sys 0 00:00:00  -  Total Local Usage
	54950  -  Run Bytes Sent By Job
	2622148  -  Run Bytes Received By Job
	54950  -  Total Bytes Sent By Job
	2622148  -  Total Bytes Received By Job
	Partitionable Resources :     Usage  Request Allocated 
	   Cpus                 :      0.00        1         1 
	   Disk (KB)            : 518422        2750   3743591 
	   Memory (MB)          :               2000      2000 

	Job terminated of its own accord at 2024-05-15T21:35:45Z with exit-code 0.
...
