000 (65123910.151.000) 2024-05-15 16:18:02 Job submitted from host: <131.225.189.168:9618?addrs=131.225.189.168-9618+[2620-6a-0-8421-f0-0-189-168]-9618&alias=lpcschedd6.fnal.gov&noUDP&sock=schedd_18634_f3db>
...
040 (65123910.151.000) 2024-05-15 16:32:18 Started transferring input files
	Transferring to host: <131.225.188.21:9618?addrs=[2620-6a-0-8421-f0-0-188-21]-9618+131.225.188.21-9618&alias=cmswn2023.fnal.gov&noUDP&sock=slot1_2_2611_6f83_48144>
...
040 (65123910.151.000) 2024-05-15 16:32:18 Finished transferring input files
...
001 (65123910.151.000) 2024-05-15 16:32:19 Job executing on host: <131.225.188.21:9618?addrs=[2620-6a-0-8421-f0-0-188-21]-9618+131.225.188.21-9618&alias=cmswn2023.fnal.gov&noUDP&sock=startd_2278_18d5>
	SlotName: slot1_2@cmswn2023.fnal.gov
	CondorScratchDir = "/storage/local/data1/condor/execute/dir_737705"
	Cpus = 1
	Disk = 1804652
	Memory = 2000
...
040 (65123910.151.000) 2024-05-15 16:38:36 Started transferring output files
...
040 (65123910.151.000) 2024-05-15 16:38:36 Finished transferring output files
...
005 (65123910.151.000) 2024-05-15 16:38:37 Job terminated.
	(1) Normal termination (return value 0)
		Usr 0 00:00:00, Sys 0 00:00:00  -  Run Remote Usage
		Usr 0 00:00:00, Sys 0 00:00:00  -  Run Local Usage
		Usr 0 00:00:00, Sys 0 00:00:00  -  Total Remote Usage
		Usr 0 00:00:00, Sys 0 00:00:00  -  Total Local Usage
	53413  -  Run Bytes Sent By Job
	2622148  -  Run Bytes Received By Job
	53413  -  Total Bytes Sent By Job
	2622148  -  Total Bytes Received By Job
	Partitionable Resources :     Usage  Request Allocated 
	   Cpus                 :      0.00        1         1 
	   Disk (KB)            : 450079        2750   1804652 
	   Memory (MB)          :               2000      2000 

	Job terminated of its own accord at 2024-05-15T21:38:36Z with exit-code 0.
...
