000 (65123910.162.000) 2024-05-15 16:18:02 Job submitted from host: <131.225.189.168:9618?addrs=131.225.189.168-9618+[2620-6a-0-8421-f0-0-189-168]-9618&alias=lpcschedd6.fnal.gov&noUDP&sock=schedd_18634_f3db>
...
040 (65123910.162.000) 2024-05-15 16:32:50 Started transferring input files
	Transferring to host: <131.225.189.34:9618?addrs=[2620-6a-0-8421-f0-0-189-34]-9618+131.225.189.34-9618&alias=cmswn2087.fnal.gov&noUDP&sock=slot1_6_2843_e68d_35371>
...
040 (65123910.162.000) 2024-05-15 16:32:50 Finished transferring input files
...
001 (65123910.162.000) 2024-05-15 16:32:51 Job executing on host: <131.225.189.34:9618?addrs=[2620-6a-0-8421-f0-0-189-34]-9618+131.225.189.34-9618&alias=cmswn2087.fnal.gov&noUDP&sock=startd_2068_0df1>
	SlotName: slot1_6@cmswn2087.fnal.gov
	CondorScratchDir = "/storage/local/data1/condor/execute/dir_1213776"
	Cpus = 1
	Disk = 1676127
	Memory = 2000
...
040 (65123910.162.000) 2024-05-15 16:36:10 Started transferring output files
...
040 (65123910.162.000) 2024-05-15 16:36:10 Finished transferring output files
...
005 (65123910.162.000) 2024-05-15 16:36:11 Job terminated.
	(1) Normal termination (return value 0)
		Usr 0 00:00:00, Sys 0 00:00:00  -  Run Remote Usage
		Usr 0 00:00:00, Sys 0 00:00:00  -  Run Local Usage
		Usr 0 00:00:00, Sys 0 00:00:00  -  Total Remote Usage
		Usr 0 00:00:00, Sys 0 00:00:00  -  Total Local Usage
	51450  -  Run Bytes Sent By Job
	2622148  -  Run Bytes Received By Job
	51450  -  Total Bytes Sent By Job
	2622148  -  Total Bytes Received By Job
	Partitionable Resources :     Usage  Request Allocated 
	   Cpus                 :      0.00        1         1 
	   Disk (KB)            : 361470        2750   1676127 
	   Memory (MB)          :               2000      2000 

	Job terminated of its own accord at 2024-05-15T21:36:10Z with exit-code 0.
...
