000 (65123910.078.000) 2024-05-15 16:18:02 Job submitted from host: <131.225.189.168:9618?addrs=131.225.189.168-9618+[2620-6a-0-8421-f0-0-189-168]-9618&alias=lpcschedd6.fnal.gov&noUDP&sock=schedd_18634_f3db>
...
040 (65123910.078.000) 2024-05-15 16:27:48 Started transferring input files
	Transferring to host: <131.225.188.184:9618?addrs=[2620-6a-0-8421-f0-0-188-184]-9618+131.225.188.184-9618&alias=cmswn2061.fnal.gov&noUDP&sock=slot1_25_2752_c869_2196>
...
040 (65123910.078.000) 2024-05-15 16:27:48 Finished transferring input files
...
001 (65123910.078.000) 2024-05-15 16:27:49 Job executing on host: <131.225.188.184:9618?addrs=[2620-6a-0-8421-f0-0-188-184]-9618+131.225.188.184-9618&alias=cmswn2061.fnal.gov&noUDP&sock=startd_2231_dbe1>
	SlotName: slot1_25@cmswn2061.fnal.gov
	CondorScratchDir = "/storage/local/data1/condor/execute/dir_2453991"
	Cpus = 1
	Disk = 1611738
	Memory = 2000
...
040 (65123910.078.000) 2024-05-15 16:35:01 Started transferring output files
...
040 (65123910.078.000) 2024-05-15 16:35:01 Finished transferring output files
...
005 (65123910.078.000) 2024-05-15 16:35:02 Job terminated.
	(1) Normal termination (return value 0)
		Usr 0 00:00:00, Sys 0 00:00:00  -  Run Remote Usage
		Usr 0 00:00:00, Sys 0 00:00:00  -  Run Local Usage
		Usr 0 00:00:00, Sys 0 00:00:00  -  Total Remote Usage
		Usr 0 00:00:00, Sys 0 00:00:00  -  Total Local Usage
	53510  -  Run Bytes Sent By Job
	2622148  -  Run Bytes Received By Job
	53510  -  Total Bytes Sent By Job
	2622148  -  Total Bytes Received By Job
	Partitionable Resources :    Usage  Request Allocated 
	   Cpus                 :        0        1         1 
	   Disk (KB)            :   450205     2750   1611738 
	   Memory (MB)          :              2000      2000 

	Job terminated of its own accord at 2024-05-15T21:35:01Z with exit-code 0.
...
