000 (65123910.011.000) 2024-05-15 16:18:02 Job submitted from host: <131.225.189.168:9618?addrs=131.225.189.168-9618+[2620-6a-0-8421-f0-0-189-168]-9618&alias=lpcschedd6.fnal.gov&noUDP&sock=schedd_18634_f3db>
...
040 (65123910.011.000) 2024-05-15 16:23:46 Started transferring input files
	Transferring to host: <131.225.188.219:9618?addrs=[2620-6a-0-8421-f0-0-188-219]-9618+131.225.188.219-9618&alias=cmswn2070.fnal.gov&noUDP&sock=slot1_10_2412_38db_36723>
...
040 (65123910.011.000) 2024-05-15 16:23:46 Finished transferring input files
...
001 (65123910.011.000) 2024-05-15 16:23:48 Job executing on host: <131.225.188.219:9618?addrs=[2620-6a-0-8421-f0-0-188-219]-9618+131.225.188.219-9618&alias=cmswn2070.fnal.gov&noUDP&sock=startd_1997_5ab8>
	SlotName: slot1_10@cmswn2070.fnal.gov
	CondorScratchDir = "/storage/local/data1/condor/execute/dir_1710648"
	Cpus = 1
	Disk = 1676127
	Memory = 2000
...
040 (65123910.011.000) 2024-05-15 16:29:52 Started transferring output files
...
040 (65123910.011.000) 2024-05-15 16:29:52 Finished transferring output files
...
005 (65123910.011.000) 2024-05-15 16:29:53 Job terminated.
	(1) Normal termination (return value 0)
		Usr 0 00:00:00, Sys 0 00:00:00  -  Run Remote Usage
		Usr 0 00:00:00, Sys 0 00:00:00  -  Run Local Usage
		Usr 0 00:00:00, Sys 0 00:00:00  -  Total Remote Usage
		Usr 0 00:00:00, Sys 0 00:00:00  -  Total Local Usage
	52643  -  Run Bytes Sent By Job
	2622148  -  Run Bytes Received By Job
	52643  -  Total Bytes Sent By Job
	2622148  -  Total Bytes Received By Job
	Partitionable Resources :     Usage  Request Allocated 
	   Cpus                 :      0.01        1         1 
	   Disk (KB)            : 413434        2750   1676127 
	   Memory (MB)          :               2000      2000 

	Job terminated of its own accord at 2024-05-15T21:29:52Z with exit-code 0.
...
