000 (65123910.155.000) 2024-05-15 16:18:02 Job submitted from host: <131.225.189.168:9618?addrs=131.225.189.168-9618+[2620-6a-0-8421-f0-0-189-168]-9618&alias=lpcschedd6.fnal.gov&noUDP&sock=schedd_18634_f3db>
...
040 (65123910.155.000) 2024-05-15 16:32:33 Started transferring input files
	Transferring to host: <131.225.189.24:9618?addrs=[2620-6a-0-8421-f0-0-189-24]-9618+131.225.189.24-9618&alias=cmswn2083.fnal.gov&noUDP&sock=slot1_21_2449_4abd_35152>
...
040 (65123910.155.000) 2024-05-15 16:32:33 Finished transferring input files
...
001 (65123910.155.000) 2024-05-15 16:32:34 Job executing on host: <131.225.189.24:9618?addrs=[2620-6a-0-8421-f0-0-189-24]-9618+131.225.189.24-9618&alias=cmswn2083.fnal.gov&noUDP&sock=startd_1973_e472>
	SlotName: slot1_21@cmswn2083.fnal.gov
	CondorScratchDir = "/storage/local/data1/condor/execute/dir_2314196"
	Cpus = 1
	Disk = 1676127
	Memory = 2000
...
040 (65123910.155.000) 2024-05-15 16:37:51 Started transferring output files
...
040 (65123910.155.000) 2024-05-15 16:37:51 Finished transferring output files
...
005 (65123910.155.000) 2024-05-15 16:37:52 Job terminated.
	(1) Normal termination (return value 0)
		Usr 0 00:00:00, Sys 0 00:00:00  -  Run Remote Usage
		Usr 0 00:00:00, Sys 0 00:00:00  -  Run Local Usage
		Usr 0 00:00:00, Sys 0 00:00:00  -  Total Remote Usage
		Usr 0 00:00:00, Sys 0 00:00:00  -  Total Local Usage
	54039  -  Run Bytes Sent By Job
	2622148  -  Run Bytes Received By Job
	54039  -  Total Bytes Sent By Job
	2622148  -  Total Bytes Received By Job
	Partitionable Resources :     Usage  Request Allocated 
	   Cpus                 :      0.00        1         1 
	   Disk (KB)            : 482530        2750   1676127 
	   Memory (MB)          :               2000      2000 

	Job terminated of its own accord at 2024-05-15T21:37:51Z with exit-code 0.
...
