000 (65123910.020.000) 2024-05-15 16:18:02 Job submitted from host: <131.225.189.168:9618?addrs=131.225.189.168-9618+[2620-6a-0-8421-f0-0-189-168]-9618&alias=lpcschedd6.fnal.gov&noUDP&sock=schedd_18634_f3db>
...
040 (65123910.020.000) 2024-05-15 16:24:52 Started transferring input files
	Transferring to host: <131.225.189.19:9618?addrs=[2620-6a-0-8421-f0-0-189-19]-9618+131.225.189.19-9618&alias=cmswn2082.fnal.gov&noUDP&sock=slot1_25_2657_d8c5_39850>
...
040 (65123910.020.000) 2024-05-15 16:24:53 Finished transferring input files
...
001 (65123910.020.000) 2024-05-15 16:24:54 Job executing on host: <131.225.189.19:9618?addrs=[2620-6a-0-8421-f0-0-189-19]-9618+131.225.189.19-9618&alias=cmswn2082.fnal.gov&noUDP&sock=startd_1973_e472>
	SlotName: slot1_25@cmswn2082.fnal.gov
	CondorScratchDir = "/storage/local/data1/condor/execute/dir_4072058"
	Cpus = 1
	Disk = 1676127
	Memory = 2000
...
040 (65123910.020.000) 2024-05-15 16:29:17 Started transferring output files
...
040 (65123910.020.000) 2024-05-15 16:29:17 Finished transferring output files
...
005 (65123910.020.000) 2024-05-15 16:29:18 Job terminated.
	(1) Normal termination (return value 0)
		Usr 0 00:00:00, Sys 0 00:00:00  -  Run Remote Usage
		Usr 0 00:00:00, Sys 0 00:00:00  -  Run Local Usage
		Usr 0 00:00:00, Sys 0 00:00:00  -  Total Remote Usage
		Usr 0 00:00:00, Sys 0 00:00:00  -  Total Local Usage
	52379  -  Run Bytes Sent By Job
	2622148  -  Run Bytes Received By Job
	52379  -  Total Bytes Sent By Job
	2622148  -  Total Bytes Received By Job
	Partitionable Resources :    Usage  Request Allocated 
	   Cpus                 :        0        1         1 
	   Disk (KB)            :   403185     2750   1676127 
	   Memory (MB)          :              2000      2000 

	Job terminated of its own accord at 2024-05-15T21:29:17Z with exit-code 0.
...
