000 (65123910.114.000) 2024-05-15 16:18:02 Job submitted from host: <131.225.189.168:9618?addrs=131.225.189.168-9618+[2620-6a-0-8421-f0-0-189-168]-9618&alias=lpcschedd6.fnal.gov&noUDP&sock=schedd_18634_f3db>
...
040 (65123910.114.000) 2024-05-15 16:29:27 Started transferring input files
	Transferring to host: <131.225.188.22:9618?addrs=[2620-6a-0-8421-f0-0-188-22]-9618+131.225.188.22-9618&alias=cmswn2024.fnal.gov&noUDP&sock=slot1_14_2641_92c4_51017>
...
040 (65123910.114.000) 2024-05-15 16:29:27 Finished transferring input files
...
001 (65123910.114.000) 2024-05-15 16:29:28 Job executing on host: <131.225.188.22:9618?addrs=[2620-6a-0-8421-f0-0-188-22]-9618+131.225.188.22-9618&alias=cmswn2024.fnal.gov&noUDP&sock=startd_2339_f01b>
	SlotName: slot1_14@cmswn2024.fnal.gov
	CondorScratchDir = "/storage/local/data1/condor/execute/dir_2503221"
	Cpus = 1
	Disk = 1804652
	Memory = 2000
...
040 (65123910.114.000) 2024-05-15 16:33:06 Started transferring output files
...
040 (65123910.114.000) 2024-05-15 16:33:06 Finished transferring output files
...
005 (65123910.114.000) 2024-05-15 16:33:06 Job terminated.
	(1) Normal termination (return value 0)
		Usr 0 00:00:00, Sys 0 00:00:00  -  Run Remote Usage
		Usr 0 00:00:00, Sys 0 00:00:00  -  Run Local Usage
		Usr 0 00:00:00, Sys 0 00:00:00  -  Total Remote Usage
		Usr 0 00:00:00, Sys 0 00:00:00  -  Total Local Usage
	52143  -  Run Bytes Sent By Job
	2622148  -  Run Bytes Received By Job
	52143  -  Total Bytes Sent By Job
	2622148  -  Total Bytes Received By Job
	Partitionable Resources :     Usage  Request Allocated 
	   Cpus                 :      0.00        1         1 
	   Disk (KB)            : 392048        2750   1804652 
	   Memory (MB)          :               2000      2000 

	Job terminated of its own accord at 2024-05-15T21:33:06Z with exit-code 0.
...
