000 (32645660.086.000) 2024-05-22 14:49:19 Job submitted from host: <131.225.204.62:9618?addrs=131.225.204.62-9618+[2620-6a-0-8420-f0-0-204-62]-9618&alias=lpcschedd5.fnal.gov&noUDP&sock=schedd_5701_fd83>
...
040 (32645660.086.000) 2024-05-22 14:49:54 Started transferring input files
	Transferring to host: <131.225.189.27:9618?addrs=[2620-6a-0-8421-f0-0-189-27]-9618+131.225.189.27-9618&alias=cmswn2084.fnal.gov&noUDP&sock=slot1_20_2594_7523_51181>
...
040 (32645660.086.000) 2024-05-22 14:49:54 Finished transferring input files
...
001 (32645660.086.000) 2024-05-22 14:49:55 Job executing on host: <131.225.189.27:9618?addrs=[2620-6a-0-8421-f0-0-189-27]-9618+131.225.189.27-9618&alias=cmswn2084.fnal.gov&noUDP&sock=startd_1971_8541>
	SlotName: slot1_20@cmswn2084.fnal.gov
	CondorScratchDir = "/storage/local/data1/condor/execute/dir_1515806"
	Cpus = 1
	Disk = 1676127
	Memory = 2000
...
040 (32645660.086.000) 2024-05-22 14:51:24 Started transferring output files
...
040 (32645660.086.000) 2024-05-22 14:51:24 Finished transferring output files
...
005 (32645660.086.000) 2024-05-22 14:51:25 Job terminated.
	(1) Normal termination (return value 0)
		Usr 0 00:00:00, Sys 0 00:00:00  -  Run Remote Usage
		Usr 0 00:00:00, Sys 0 00:00:00  -  Run Local Usage
		Usr 0 00:00:00, Sys 0 00:00:00  -  Total Remote Usage
		Usr 0 00:00:00, Sys 0 00:00:00  -  Total Local Usage
	24913  -  Run Bytes Sent By Job
	2622474  -  Run Bytes Received By Job
	24913  -  Total Bytes Sent By Job
	2622474  -  Total Bytes Received By Job
	Partitionable Resources :    Usage  Request Allocated 
	   Cpus                 :     0.00        1         1 
	   Disk (KB)            : 42422        2750   1676127 
	   Memory (MB)          :              2000      2000 

	Job terminated of its own accord at 2024-05-22T19:51:24Z with exit-code 0.
...
