000 (32645660.046.000) 2024-05-22 14:49:19 Job submitted from host: <131.225.204.62:9618?addrs=131.225.204.62-9618+[2620-6a-0-8420-f0-0-204-62]-9618&alias=lpcschedd5.fnal.gov&noUDP&sock=schedd_5701_fd83>
...
040 (32645660.046.000) 2024-05-22 14:49:49 Started transferring input files
	Transferring to host: <131.225.189.162:9618?addrs=[2620-6a-0-8421-f0-0-189-162]-9618+131.225.189.162-9618&alias=cmswn2116.fnal.gov&noUDP&sock=slot1_10_2443_107c_31509>
...
040 (32645660.046.000) 2024-05-22 14:49:49 Finished transferring input files
...
001 (32645660.046.000) 2024-05-22 14:49:50 Job executing on host: <131.225.189.162:9618?addrs=[2620-6a-0-8421-f0-0-189-162]-9618+131.225.189.162-9618&alias=cmswn2116.fnal.gov&noUDP&sock=startd_1998_0a50>
	SlotName: slot1_10@cmswn2116.fnal.gov
	CondorScratchDir = "/storage/local/data1/condor/execute/dir_1016512"
	Cpus = 1
	Disk = 3522856
	Memory = 2000
...
040 (32645660.046.000) 2024-05-22 14:50:46 Started transferring output files
...
040 (32645660.046.000) 2024-05-22 14:50:46 Finished transferring output files
...
005 (32645660.046.000) 2024-05-22 14:50:46 Job terminated.
	(1) Normal termination (return value 0)
		Usr 0 00:00:00, Sys 0 00:00:00  -  Run Remote Usage
		Usr 0 00:00:00, Sys 0 00:00:00  -  Run Local Usage
		Usr 0 00:00:00, Sys 0 00:00:00  -  Total Remote Usage
		Usr 0 00:00:00, Sys 0 00:00:00  -  Total Local Usage
	25238  -  Run Bytes Sent By Job
	2622474  -  Run Bytes Received By Job
	25238  -  Total Bytes Sent By Job
	2622474  -  Total Bytes Received By Job
	Partitionable Resources :    Usage  Request Allocated 
	   Cpus                 :        0        1         1 
	   Disk (KB)            :     5974     2750   3522856 
	   Memory (MB)          :              2000      2000 

	Job terminated of its own accord at 2024-05-22T19:50:45Z with exit-code 0.
...
