000 (3036087.237.000) 2024-05-15 16:17:22 Job submitted from host: <131.225.189.251:9618?addrs=131.225.189.251-9618+[2620-6a-0-8421--e8]-9618&alias=lpcschedd4.fnal.gov&noUDP&sock=schedd_1865_d037>
...
040 (3036087.237.000) 2024-05-15 16:24:26 Started transferring input files
	Transferring to host: <131.225.189.36:9618?addrs=[2620-6a-0-8421-f0-0-189-36]-9618+131.225.189.36-9618&alias=cmswn2089.fnal.gov&noUDP&sock=slot1_23_2637_c144_34850>
...
040 (3036087.237.000) 2024-05-15 16:24:26 Finished transferring input files
...
001 (3036087.237.000) 2024-05-15 16:24:27 Job executing on host: <131.225.189.36:9618?addrs=[2620-6a-0-8421-f0-0-189-36]-9618+131.225.189.36-9618&alias=cmswn2089.fnal.gov&noUDP&sock=startd_1994_4bef>
	SlotName: slot1_23@cmswn2089.fnal.gov
	CondorScratchDir = "/storage/local/data1/condor/execute/dir_1381173"
	Cpus = 1
	Disk = 1676127
	Memory = 2000
...
040 (3036087.237.000) 2024-05-15 16:32:06 Started transferring output files
...
040 (3036087.237.000) 2024-05-15 16:32:06 Finished transferring output files
...
005 (3036087.237.000) 2024-05-15 16:32:07 Job terminated.
	(1) Normal termination (return value 0)
		Usr 0 00:00:00, Sys 0 00:00:00  -  Run Remote Usage
		Usr 0 00:00:00, Sys 0 00:00:00  -  Run Local Usage
		Usr 0 00:00:00, Sys 0 00:00:00  -  Total Remote Usage
		Usr 0 00:00:00, Sys 0 00:00:00  -  Total Local Usage
	102730  -  Run Bytes Sent By Job
	2626651  -  Run Bytes Received By Job
	102730  -  Total Bytes Sent By Job
	2626651  -  Total Bytes Received By Job
	Partitionable Resources :     Usage  Request Allocated 
	   Cpus                 :      0.00        1         1 
	   Disk (KB)            : 445655        2750   1676127 
	   Memory (MB)          :               2000      2000 

	Job terminated of its own accord at 2024-05-15T21:32:06Z with exit-code 0.
...
