000 (3036087.428.000) 2024-05-15 16:17:23 Job submitted from host: <131.225.189.251:9618?addrs=131.225.189.251-9618+[2620-6a-0-8421--e8]-9618&alias=lpcschedd4.fnal.gov&noUDP&sock=schedd_1865_d037>
...
040 (3036087.428.000) 2024-05-15 16:30:15 Started transferring input files
	Transferring to host: <131.225.188.14:9618?addrs=[2620-6a-0-8421-f0-0-188-14]-9618+131.225.188.14-9618&alias=cmswn2019.fnal.gov&noUDP&sock=slot1_22_2697_07c7_48874>
...
040 (3036087.428.000) 2024-05-15 16:30:15 Finished transferring input files
...
001 (3036087.428.000) 2024-05-15 16:30:16 Job executing on host: <131.225.188.14:9618?addrs=[2620-6a-0-8421-f0-0-188-14]-9618+131.225.188.14-9618&alias=cmswn2019.fnal.gov&noUDP&sock=startd_2295_c1f1>
	SlotName: slot1_22@cmswn2019.fnal.gov
	CondorScratchDir = "/storage/local/data1/condor/execute/dir_4163118"
	Cpus = 1
	Disk = 1804652
	Memory = 2000
...
040 (3036087.428.000) 2024-05-15 16:32:19 Started transferring output files
...
040 (3036087.428.000) 2024-05-15 16:32:19 Finished transferring output files
...
005 (3036087.428.000) 2024-05-15 16:32:21 Job terminated.
	(1) Normal termination (return value 0)
		Usr 0 00:00:00, Sys 0 00:00:00  -  Run Remote Usage
		Usr 0 00:00:00, Sys 0 00:00:00  -  Run Local Usage
		Usr 0 00:00:00, Sys 0 00:00:00  -  Total Remote Usage
		Usr 0 00:00:00, Sys 0 00:00:00  -  Total Local Usage
	95923  -  Run Bytes Sent By Job
	2626651  -  Run Bytes Received By Job
	95923  -  Total Bytes Sent By Job
	2626651  -  Total Bytes Received By Job
	Partitionable Resources :    Usage  Request Allocated 
	   Cpus                 :        0        1         1 
	   Disk (KB)            :   169792     2750   1804652 
	   Memory (MB)          :              2000      2000 

	Job terminated of its own accord at 2024-05-15T21:32:19Z with exit-code 0.
...
