000 (3036087.416.000) 2024-05-15 16:17:23 Job submitted from host: <131.225.189.251:9618?addrs=131.225.189.251-9618+[2620-6a-0-8421--e8]-9618&alias=lpcschedd4.fnal.gov&noUDP&sock=schedd_1865_d037>
...
040 (3036087.416.000) 2024-05-15 16:29:49 Started transferring input files
	Transferring to host: <131.225.188.34:9618?addrs=[2620-6a-0-8421-f0-0-188-34]-9618+131.225.188.34-9618&alias=cmswn2026.fnal.gov&noUDP&sock=slot1_14_2513_62bf_71658>
...
040 (3036087.416.000) 2024-05-15 16:29:49 Finished transferring input files
...
001 (3036087.416.000) 2024-05-15 16:29:50 Job executing on host: <131.225.188.34:9618?addrs=[2620-6a-0-8421-f0-0-188-34]-9618+131.225.188.34-9618&alias=cmswn2026.fnal.gov&noUDP&sock=startd_1966_1748>
	SlotName: slot1_14@cmswn2026.fnal.gov
	CondorScratchDir = "/storage/local/data1/condor/execute/dir_2891273"
	Cpus = 1
	Disk = 1601375
	Memory = 2000
...
040 (3036087.416.000) 2024-05-15 16:33:57 Started transferring output files
...
040 (3036087.416.000) 2024-05-15 16:33:57 Finished transferring output files
...
005 (3036087.416.000) 2024-05-15 16:33:58 Job terminated.
	(1) Normal termination (return value 0)
		Usr 0 00:00:00, Sys 0 00:00:00  -  Run Remote Usage
		Usr 0 00:00:00, Sys 0 00:00:00  -  Run Local Usage
		Usr 0 00:00:00, Sys 0 00:00:00  -  Total Remote Usage
		Usr 0 00:00:00, Sys 0 00:00:00  -  Total Local Usage
	101218  -  Run Bytes Sent By Job
	2626651  -  Run Bytes Received By Job
	101218  -  Total Bytes Sent By Job
	2626651  -  Total Bytes Received By Job
	Partitionable Resources :     Usage  Request Allocated 
	   Cpus                 :      0.00        1         1 
	   Disk (KB)            : 375262        2750   1601375 
	   Memory (MB)          :               2000      2000 

	Job terminated of its own accord at 2024-05-15T21:33:57Z with exit-code 0.
...
