000 (3036087.159.000) 2024-05-15 16:17:22 Job submitted from host: <131.225.189.251:9618?addrs=131.225.189.251-9618+[2620-6a-0-8421--e8]-9618&alias=lpcschedd4.fnal.gov&noUDP&sock=schedd_1865_d037>
...
040 (3036087.159.000) 2024-05-15 16:21:58 Started transferring input files
	Transferring to host: <131.225.189.62:9618?addrs=[2620-6a-0-8421-f0-0-189-62]-9618+131.225.189.62-9618&alias=cmswn2077.fnal.gov&noUDP&sock=slot1_25_2421_903c_37661>
...
040 (3036087.159.000) 2024-05-15 16:21:58 Finished transferring input files
...
001 (3036087.159.000) 2024-05-15 16:21:59 Job executing on host: <131.225.189.62:9618?addrs=[2620-6a-0-8421-f0-0-189-62]-9618+131.225.189.62-9618&alias=cmswn2077.fnal.gov&noUDP&sock=startd_1980_b19c>
	SlotName: slot1_25@cmswn2077.fnal.gov
	CondorScratchDir = "/storage/local/data1/condor/execute/dir_2834315"
	Cpus = 1
	Disk = 1676127
	Memory = 2000
...
040 (3036087.159.000) 2024-05-15 16:27:22 Started transferring output files
...
040 (3036087.159.000) 2024-05-15 16:27:22 Finished transferring output files
...
005 (3036087.159.000) 2024-05-15 16:27:22 Job terminated.
	(1) Normal termination (return value 0)
		Usr 0 00:00:00, Sys 0 00:00:00  -  Run Remote Usage
		Usr 0 00:00:00, Sys 0 00:00:00  -  Run Local Usage
		Usr 0 00:00:00, Sys 0 00:00:00  -  Total Remote Usage
		Usr 0 00:00:00, Sys 0 00:00:00  -  Total Local Usage
	101962  -  Run Bytes Sent By Job
	2626651  -  Run Bytes Received By Job
	101962  -  Total Bytes Sent By Job
	2626651  -  Total Bytes Received By Job
	Partitionable Resources :     Usage  Request Allocated 
	   Cpus                 :      0.00        1         1 
	   Disk (KB)            : 410738        2750   1676127 
	   Memory (MB)          :               2000      2000 

	Job terminated of its own accord at 2024-05-15T21:27:22Z with exit-code 0.
...
