000 (3036087.066.000) 2024-05-15 16:17:22 Job submitted from host: <131.225.189.251:9618?addrs=131.225.189.251-9618+[2620-6a-0-8421--e8]-9618&alias=lpcschedd4.fnal.gov&noUDP&sock=schedd_1865_d037>
...
040 (3036087.066.000) 2024-05-15 16:19:22 Started transferring input files
	Transferring to host: <131.225.188.179:9618?addrs=[2620-6a-0-8421-f0-0-188-179]-9618+131.225.188.179-9618&alias=cmswn2059.fnal.gov&noUDP&sock=slot1_24_2514_171f_35556>
...
040 (3036087.066.000) 2024-05-15 16:19:22 Finished transferring input files
...
001 (3036087.066.000) 2024-05-15 16:19:23 Job executing on host: <131.225.188.179:9618?addrs=[2620-6a-0-8421-f0-0-188-179]-9618+131.225.188.179-9618&alias=cmswn2059.fnal.gov&noUDP&sock=startd_2000_6980>
	SlotName: slot1_24@cmswn2059.fnal.gov
	CondorScratchDir = "/storage/local/data1/condor/execute/dir_2743738"
	Cpus = 1
	Disk = 1676127
	Memory = 2000
...
040 (3036087.066.000) 2024-05-15 16:22:27 Started transferring output files
...
040 (3036087.066.000) 2024-05-15 16:22:27 Finished transferring output files
...
005 (3036087.066.000) 2024-05-15 16:22:29 Job terminated.
	(1) Normal termination (return value 0)
		Usr 0 00:00:00, Sys 0 00:00:00  -  Run Remote Usage
		Usr 0 00:00:00, Sys 0 00:00:00  -  Run Local Usage
		Usr 0 00:00:00, Sys 0 00:00:00  -  Total Remote Usage
		Usr 0 00:00:00, Sys 0 00:00:00  -  Total Local Usage
	94646  -  Run Bytes Sent By Job
	2626651  -  Run Bytes Received By Job
	94646  -  Total Bytes Sent By Job
	2626651  -  Total Bytes Received By Job
	Partitionable Resources :     Usage  Request Allocated 
	   Cpus                 :      0.02        1         1 
	   Disk (KB)            : 116889        2750   1676127 
	   Memory (MB)          :               2000      2000 

	Job terminated of its own accord at 2024-05-15T21:22:27Z with exit-code 0.
...
