000 (3036087.037.000) 2024-05-15 16:17:22 Job submitted from host: <131.225.189.251:9618?addrs=131.225.189.251-9618+[2620-6a-0-8421--e8]-9618&alias=lpcschedd4.fnal.gov&noUDP&sock=schedd_1865_d037>
...
040 (3036087.037.000) 2024-05-15 16:17:46 Started transferring input files
	Transferring to host: <131.225.189.87:9618?addrs=[2620-6a-0-8421-f0-0-189-87]-9618+131.225.189.87-9618&alias=cmswn2101.fnal.gov&noUDP&sock=slot1_25_2372_09da_20690>
...
040 (3036087.037.000) 2024-05-15 16:17:46 Finished transferring input files
...
001 (3036087.037.000) 2024-05-15 16:17:47 Job executing on host: <131.225.189.87:9618?addrs=[2620-6a-0-8421-f0-0-189-87]-9618+131.225.189.87-9618&alias=cmswn2101.fnal.gov&noUDP&sock=startd_1979_0203>
	SlotName: slot1_25@cmswn2101.fnal.gov
	CondorScratchDir = "/storage/local/data1/condor/execute/dir_643428"
	Cpus = 1
	Disk = 3522856
	Memory = 2000
...
040 (3036087.037.000) 2024-05-15 16:21:31 Started transferring output files
...
040 (3036087.037.000) 2024-05-15 16:21:31 Finished transferring output files
...
005 (3036087.037.000) 2024-05-15 16:21:32 Job terminated.
	(1) Normal termination (return value 0)
		Usr 0 00:00:00, Sys 0 00:00:00  -  Run Remote Usage
		Usr 0 00:00:00, Sys 0 00:00:00  -  Run Local Usage
		Usr 0 00:00:00, Sys 0 00:00:00  -  Total Remote Usage
		Usr 0 00:00:00, Sys 0 00:00:00  -  Total Local Usage
	97204  -  Run Bytes Sent By Job
	2626651  -  Run Bytes Received By Job
	97204  -  Total Bytes Sent By Job
	2626651  -  Total Bytes Received By Job
	Partitionable Resources :     Usage  Request Allocated 
	   Cpus                 :      0.00        1         1 
	   Disk (KB)            : 203111        2750   3522856 
	   Memory (MB)          :               2000      2000 

	Job terminated of its own accord at 2024-05-15T21:21:31Z with exit-code 0.
...
