000 (3036087.105.000) 2024-05-15 16:17:22 Job submitted from host: <131.225.189.251:9618?addrs=131.225.189.251-9618+[2620-6a-0-8421--e8]-9618&alias=lpcschedd4.fnal.gov&noUDP&sock=schedd_1865_d037>
...
040 (3036087.105.000) 2024-05-15 16:21:11 Started transferring input files
	Transferring to host: <131.225.188.34:9618?addrs=[2620-6a-0-8421-f0-0-188-34]-9618+131.225.188.34-9618&alias=cmswn2026.fnal.gov&noUDP&sock=slot1_14_2513_62bf_71655>
...
040 (3036087.105.000) 2024-05-15 16:21:11 Finished transferring input files
...
001 (3036087.105.000) 2024-05-15 16:21:12 Job executing on host: <131.225.188.34:9618?addrs=[2620-6a-0-8421-f0-0-188-34]-9618+131.225.188.34-9618&alias=cmswn2026.fnal.gov&noUDP&sock=startd_1966_1748>
	SlotName: slot1_14@cmswn2026.fnal.gov
	CondorScratchDir = "/storage/local/data1/condor/execute/dir_2886998"
	Cpus = 1
	Disk = 1601375
	Memory = 2000
...
040 (3036087.105.000) 2024-05-15 16:25:48 Started transferring output files
...
040 (3036087.105.000) 2024-05-15 16:25:48 Finished transferring output files
...
005 (3036087.105.000) 2024-05-15 16:25:49 Job terminated.
	(1) Normal termination (return value 0)
		Usr 0 00:00:00, Sys 0 00:00:00  -  Run Remote Usage
		Usr 0 00:00:00, Sys 0 00:00:00  -  Run Local Usage
		Usr 0 00:00:00, Sys 0 00:00:00  -  Total Remote Usage
		Usr 0 00:00:00, Sys 0 00:00:00  -  Total Local Usage
	102250  -  Run Bytes Sent By Job
	2626651  -  Run Bytes Received By Job
	102250  -  Total Bytes Sent By Job
	2626651  -  Total Bytes Received By Job
	Partitionable Resources :    Usage  Request Allocated 
	   Cpus                 :        0        1         1 
	   Disk (KB)            :   420202     2750   1601375 
	   Memory (MB)          :              2000      2000 

	Job terminated of its own accord at 2024-05-15T21:25:48Z with exit-code 0.
...
