000 (3036087.303.000) 2024-05-15 16:17:23 Job submitted from host: <131.225.189.251:9618?addrs=131.225.189.251-9618+[2620-6a-0-8421--e8]-9618&alias=lpcschedd4.fnal.gov&noUDP&sock=schedd_1865_d037>
...
040 (3036087.303.000) 2024-05-15 16:26:45 Started transferring input files
	Transferring to host: <131.225.188.106:9618?addrs=[2620-6a-0-8421-f0-0-188-106]-9618+131.225.188.106-9618&alias=cmswn2047.fnal.gov&noUDP&sock=slot1_26_2291_f776_45099>
...
040 (3036087.303.000) 2024-05-15 16:26:45 Finished transferring input files
...
001 (3036087.303.000) 2024-05-15 16:26:46 Job executing on host: <131.225.188.106:9618?addrs=[2620-6a-0-8421-f0-0-188-106]-9618+131.225.188.106-9618&alias=cmswn2047.fnal.gov&noUDP&sock=startd_1930_65df>
	SlotName: slot1_26@cmswn2047.fnal.gov
	CondorScratchDir = "/storage/local/data1/condor/execute/dir_3803016"
	Cpus = 1
	Disk = 1676127
	Memory = 2000
...
040 (3036087.303.000) 2024-05-15 16:29:26 Started transferring output files
...
040 (3036087.303.000) 2024-05-15 16:29:26 Finished transferring output files
...
005 (3036087.303.000) 2024-05-15 16:29:26 Job terminated.
	(1) Normal termination (return value 0)
		Usr 0 00:00:00, Sys 0 00:00:00  -  Run Remote Usage
		Usr 0 00:00:00, Sys 0 00:00:00  -  Run Local Usage
		Usr 0 00:00:00, Sys 0 00:00:00  -  Total Remote Usage
		Usr 0 00:00:00, Sys 0 00:00:00  -  Total Local Usage
	97282  -  Run Bytes Sent By Job
	2626651  -  Run Bytes Received By Job
	97282  -  Total Bytes Sent By Job
	2626651  -  Total Bytes Received By Job
	Partitionable Resources :     Usage  Request Allocated 
	   Cpus                 :      0.00        1         1 
	   Disk (KB)            : 201744        2750   1676127 
	   Memory (MB)          :               2000      2000 

	Job terminated of its own accord at 2024-05-15T21:29:25Z with exit-code 0.
...
