000 (3036087.387.000) 2024-05-15 16:17:23 Job submitted from host: <131.225.189.251:9618?addrs=131.225.189.251-9618+[2620-6a-0-8421--e8]-9618&alias=lpcschedd4.fnal.gov&noUDP&sock=schedd_1865_d037>
...
040 (3036087.387.000) 2024-05-15 16:29:02 Started transferring input files
	Transferring to host: <131.225.189.172:9618?addrs=[2620-6a-0-8421-f0-0-189-172]-9618+131.225.189.172-9618&alias=cmswn2122.fnal.gov&noUDP&sock=slot1_6_2394_8a1a_18017>
...
040 (3036087.387.000) 2024-05-15 16:29:02 Finished transferring input files
...
001 (3036087.387.000) 2024-05-15 16:29:03 Job executing on host: <131.225.189.172:9618?addrs=[2620-6a-0-8421-f0-0-189-172]-9618+131.225.189.172-9618&alias=cmswn2122.fnal.gov&noUDP&sock=startd_2015_b36c>
	SlotName: slot1_6@cmswn2122.fnal.gov
	CondorScratchDir = "/storage/local/data1/condor/execute/dir_3124349"
	Cpus = 1
	Disk = 3522856
	Memory = 2000
...
040 (3036087.387.000) 2024-05-15 16:32:51 Started transferring output files
...
040 (3036087.387.000) 2024-05-15 16:32:51 Finished transferring output files
...
005 (3036087.387.000) 2024-05-15 16:32:51 Job terminated.
	(1) Normal termination (return value 0)
		Usr 0 00:00:00, Sys 0 00:00:00  -  Run Remote Usage
		Usr 0 00:00:00, Sys 0 00:00:00  -  Run Local Usage
		Usr 0 00:00:00, Sys 0 00:00:00  -  Total Remote Usage
		Usr 0 00:00:00, Sys 0 00:00:00  -  Total Local Usage
	100114  -  Run Bytes Sent By Job
	2626651  -  Run Bytes Received By Job
	100114  -  Total Bytes Sent By Job
	2626651  -  Total Bytes Received By Job
	Partitionable Resources :     Usage  Request Allocated 
	   Cpus                 :      0.10        1         1 
	   Disk (KB)            : 325993        2750   3522856 
	   Memory (MB)          :               2000      2000 

	Job terminated of its own accord at 2024-05-15T21:32:51Z with exit-code 0.
...
