000 (3036087.467.000) 2024-05-15 16:17:23 Job submitted from host: <131.225.189.251:9618?addrs=131.225.189.251-9618+[2620-6a-0-8421--e8]-9618&alias=lpcschedd4.fnal.gov&noUDP&sock=schedd_1865_d037>
...
040 (3036087.467.000) 2024-05-15 16:31:53 Started transferring input files
	Transferring to host: <131.225.188.84:9618?addrs=[2620-6a-0-8421-f0-0-188-84]-9618+131.225.188.84-9618&alias=cmswn2041.fnal.gov&noUDP&sock=slot1_32_2410_d01b_47363>
...
040 (3036087.467.000) 2024-05-15 16:31:53 Finished transferring input files
...
001 (3036087.467.000) 2024-05-15 16:31:54 Job executing on host: <131.225.188.84:9618?addrs=[2620-6a-0-8421-f0-0-188-84]-9618+131.225.188.84-9618&alias=cmswn2041.fnal.gov&noUDP&sock=startd_1963_087f>
	SlotName: slot1_32@cmswn2041.fnal.gov
	CondorScratchDir = "/storage/local/data1/condor/execute/dir_2395770"
	Cpus = 1
	Disk = 1676127
	Memory = 2000
...
040 (3036087.467.000) 2024-05-15 16:34:32 Started transferring output files
...
040 (3036087.467.000) 2024-05-15 16:34:32 Finished transferring output files
...
005 (3036087.467.000) 2024-05-15 16:34:34 Job terminated.
	(1) Normal termination (return value 0)
		Usr 0 00:00:00, Sys 0 00:00:00  -  Run Remote Usage
		Usr 0 00:00:00, Sys 0 00:00:00  -  Run Local Usage
		Usr 0 00:00:00, Sys 0 00:00:00  -  Total Remote Usage
		Usr 0 00:00:00, Sys 0 00:00:00  -  Total Local Usage
	93918  -  Run Bytes Sent By Job
	2626651  -  Run Bytes Received By Job
	93918  -  Total Bytes Sent By Job
	2626651  -  Total Bytes Received By Job
	Partitionable Resources :    Usage  Request Allocated 
	   Cpus                 :        0        1         1 
	   Disk (KB)            :    87112     2750   1676127 
	   Memory (MB)          :              2000      2000 

	Job terminated of its own accord at 2024-05-15T21:34:32Z with exit-code 0.
...
