WARNING: In non-interactive mode release checks e.g. deprecated releases, production architectures are disabled.
WARNING: In non-interactive mode release checks e.g. deprecated releases, production architectures are disabled.
Error in <TTree::SetBranchStatus>: unknown branch -> HTXS_Higgs_pt
Error in <TTree::SetBranchStatus>: unknown branch -> HTXS_Higgs_y
Error in <TTree::SetBranchStatus>: unknown branch -> HTXS_stage1_1_cat_pTjet25GeV
Error in <TTree::SetBranchStatus>: unknown branch -> HTXS_stage1_1_cat_pTjet30GeV
Error in <TTree::SetBranchStatus>: unknown branch -> HTXS_stage1_1_fine_cat_pTjet25GeV
Error in <TTree::SetBranchStatus>: unknown branch -> HTXS_stage1_1_fine_cat_pTjet30GeV
Error in <TTree::SetBranchStatus>: unknown branch -> HTXS_stage_0
Error in <TTree::SetBranchStatus>: unknown branch -> HTXS_stage_1_pTjet25
Error in <TTree::SetBranchStatus>: unknown branch -> HTXS_stage_1_pTjet30
Error in <TTree::SetBranchStatus>: unknown branch -> HTXS_njets25
Error in <TTree::SetBranchStatus>: unknown branch -> HTXS_njets30
Error in <TChain::SetBranchAddress>: unknown branch -> SubJet_nBHadrons
Error in <TChain::SetBranchAddress>: unknown branch -> SubJet_nCHadrons
Error in <TChain::SetBranchAddress>: unknown branch -> FatJet_nBHadrons
Error in <TChain::SetBranchAddress>: unknown branch -> FatJet_nCHadrons
Error in <TChain::SetBranchAddress>: unknown branch -> FatJet_genJetAK8Idx
Error in <TChain::SetBranchAddress>: unknown branch -> nGenJetAK8
Error in <TChain::SetBranchAddress>: unknown branch -> GenJetAK8_eta
Error in <TChain::SetBranchAddress>: unknown branch -> GenJetAK8_mass
Error in <TChain::SetBranchAddress>: unknown branch -> GenJetAK8_phi
Error in <TChain::SetBranchAddress>: unknown branch -> GenJetAK8_pt
Error in <TChain::SetBranchAddress>: unknown branch -> nGenJet
Error in <TChain::SetBranchAddress>: unknown branch -> GenJet_eta
Error in <TChain::SetBranchAddress>: unknown branch -> GenJet_mass
Error in <TChain::SetBranchAddress>: unknown branch -> GenJet_phi
Error in <TChain::SetBranchAddress>: unknown branch -> GenJet_pt
Error in <TChain::SetBranchAddress>: unknown branch -> nGenPart
Error in <TChain::SetBranchAddress>: unknown branch -> GenPart_eta
Error in <TChain::SetBranchAddress>: unknown branch -> GenPart_mass
Error in <TChain::SetBranchAddress>: unknown branch -> GenPart_phi
Error in <TChain::SetBranchAddress>: unknown branch -> GenPart_pt
Error in <TChain::SetBranchAddress>: unknown branch -> GenPart_genPartIdxMother
Error in <TChain::SetBranchAddress>: unknown branch -> GenPart_pdgId
Error in <TChain::SetBranchAddress>: unknown branch -> GenPart_status
Error in <TChain::SetBranchAddress>: unknown branch -> GenPart_statusFlags
Error in <TChain::SetBranchAddress>: unknown branch -> nSubGenJetAK8
Error in <TChain::SetBranchAddress>: unknown branch -> SubGenJetAK8_eta
Error in <TChain::SetBranchAddress>: unknown branch -> SubGenJetAK8_mass
Error in <TChain::SetBranchAddress>: unknown branch -> SubGenJetAK8_phi
Error in <TChain::SetBranchAddress>: unknown branch -> SubGenJetAK8_pt
Error in <TChain::SetBranchAddress>: unknown branch -> Generator_binvar
Error in <TChain::SetBranchAddress>: unknown branch -> Generator_scalePDF
Error in <TChain::SetBranchAddress>: unknown branch -> Generator_weight
Error in <TChain::SetBranchAddress>: unknown branch -> Generator_x1
Error in <TChain::SetBranchAddress>: unknown branch -> Generator_x2
Error in <TChain::SetBranchAddress>: unknown branch -> Generator_xpdf1
Error in <TChain::SetBranchAddress>: unknown branch -> Generator_xpdf2
Error in <TChain::SetBranchAddress>: unknown branch -> Generator_id1
Error in <TChain::SetBranchAddress>: unknown branch -> Generator_id2
Error in <TChain::SetBranchAddress>: unknown branch -> nGenVisTau
Error in <TChain::SetBranchAddress>: unknown branch -> GenVisTau_eta
Error in <TChain::SetBranchAddress>: unknown branch -> GenVisTau_mass
Error in <TChain::SetBranchAddress>: unknown branch -> GenVisTau_phi
Error in <TChain::SetBranchAddress>: unknown branch -> GenVisTau_pt
Error in <TChain::SetBranchAddress>: unknown branch -> GenVisTau_charge
Error in <TChain::SetBranchAddress>: unknown branch -> GenVisTau_genPartIdxMother
Error in <TChain::SetBranchAddress>: unknown branch -> GenVisTau_status
Error in <TChain::SetBranchAddress>: unknown branch -> genWeight
Error in <TChain::SetBranchAddress>: unknown branch -> LHEWeight_originalXWGTUP
Error in <TChain::SetBranchAddress>: unknown branch -> nLHEPdfWeight
Error in <TChain::SetBranchAddress>: unknown branch -> LHEPdfWeight
Error in <TChain::SetBranchAddress>: unknown branch -> nLHEReweightingWeight
Error in <TChain::SetBranchAddress>: unknown branch -> LHEReweightingWeight
Error in <TChain::SetBranchAddress>: unknown branch -> nLHEScaleWeight
Error in <TChain::SetBranchAddress>: unknown branch -> LHEScaleWeight
Error in <TChain::SetBranchAddress>: unknown branch -> nPSWeight
Error in <TChain::SetBranchAddress>: unknown branch -> PSWeight
Error in <TChain::SetBranchAddress>: unknown branch -> LHE_HT
Error in <TChain::SetBranchAddress>: unknown branch -> LHE_HTIncoming
Error in <TChain::SetBranchAddress>: unknown branch -> LHE_Vpt
Error in <TChain::SetBranchAddress>: unknown branch -> LHE_Njets
Error in <TChain::SetBranchAddress>: unknown branch -> LHE_Nb
Error in <TChain::SetBranchAddress>: unknown branch -> LHE_Nc
Error in <TChain::SetBranchAddress>: unknown branch -> LHE_Nuds
Error in <TChain::SetBranchAddress>: unknown branch -> LHE_Nglu
Error in <TChain::SetBranchAddress>: unknown branch -> LHE_NpNLO
Error in <TChain::SetBranchAddress>: unknown branch -> LHE_NpLO
Error in <TChain::SetBranchAddress>: unknown branch -> nLHEPart
Error in <TChain::SetBranchAddress>: unknown branch -> LHEPart_pt
Error in <TChain::SetBranchAddress>: unknown branch -> LHEPart_eta
Error in <TChain::SetBranchAddress>: unknown branch -> LHEPart_phi
Error in <TChain::SetBranchAddress>: unknown branch -> LHEPart_mass
Error in <TChain::SetBranchAddress>: unknown branch -> LHEPart_pdgId
Error in <TChain::SetBranchAddress>: unknown branch -> GenMET_phi
Error in <TChain::SetBranchAddress>: unknown branch -> GenMET_pt
Error in <TChain::SetBranchAddress>: unknown branch -> Pileup_nTrueInt
Error in <TChain::SetBranchAddress>: unknown branch -> Pileup_pudensity
Error in <TChain::SetBranchAddress>: unknown branch -> Pileup_gpudensity
Error in <TChain::SetBranchAddress>: unknown branch -> Pileup_nPU
Error in <TChain::SetBranchAddress>: unknown branch -> Pileup_sumEOOT
Error in <TChain::SetBranchAddress>: unknown branch -> Pileup_sumLOOT
Error in <TChain::SetBranchAddress>: unknown branch -> nGenDressedLepton
Error in <TChain::SetBranchAddress>: unknown branch -> GenDressedLepton_eta
Error in <TChain::SetBranchAddress>: unknown branch -> GenDressedLepton_mass
Error in <TChain::SetBranchAddress>: unknown branch -> GenDressedLepton_phi
Error in <TChain::SetBranchAddress>: unknown branch -> GenDressedLepton_pt
Error in <TChain::SetBranchAddress>: unknown branch -> GenDressedLepton_pdgId
Error in <TChain::SetBranchAddress>: unknown branch -> GenDressedLepton_hasTauAnc
Error in <TChain::SetBranchAddress>: unknown branch -> genTtbarId
Error in <TChain::SetBranchAddress>: unknown branch -> Electron_genPartIdx
Error in <TChain::SetBranchAddress>: unknown branch -> Electron_genPartFlav
Error in <TChain::SetBranchAddress>: unknown branch -> GenJetAK8_partonFlavour
Error in <TChain::SetBranchAddress>: unknown branch -> GenJetAK8_hadronFlavour
Error in <TChain::SetBranchAddress>: unknown branch -> GenJet_partonFlavour
Error in <TChain::SetBranchAddress>: unknown branch -> GenJet_hadronFlavour
Error in <TChain::SetBranchAddress>: unknown branch -> Jet_genJetIdx
Error in <TChain::SetBranchAddress>: unknown branch -> Jet_hadronFlavour
Error in <TChain::SetBranchAddress>: unknown branch -> Jet_partonFlavour
Error in <TChain::SetBranchAddress>: unknown branch -> Muon_genPartIdx
Error in <TChain::SetBranchAddress>: unknown branch -> Muon_genPartFlav
Error in <TChain::SetBranchAddress>: unknown branch -> Photon_genPartIdx
Error in <TChain::SetBranchAddress>: unknown branch -> Photon_genPartFlav
Error in <TChain::SetBranchAddress>: unknown branch -> MET_fiducialGenPhi
Error in <TChain::SetBranchAddress>: unknown branch -> MET_fiducialGenPt
Error in <TChain::SetBranchAddress>: unknown branch -> Tau_genPartIdx
Error in <TChain::SetBranchAddress>: unknown branch -> Tau_genPartFlav
Error in <TChain::SetBranchAddress>: unknown branch -> L1simulation_step
------------------------------
./run_job_LPC.sh: line 102: eosmkdir: command not found
