WARNING: In non-interactive mode release checks e.g. deprecated releases, production architectures are disabled.
WARNING: In non-interactive mode release checks e.g. deprecated releases, production architectures are disabled.
Error in <TTree::SetBranchStatus>: unknown branch -> HTXS_Higgs_pt
Error in <TTree::SetBranchStatus>: unknown branch -> HTXS_Higgs_y
Error in <TTree::SetBranchStatus>: unknown branch -> HTXS_stage1_1_cat_pTjet25GeV
Error in <TTree::SetBranchStatus>: unknown branch -> HTXS_stage1_1_cat_pTjet30GeV
Error in <TTree::SetBranchStatus>: unknown branch -> HTXS_stage1_1_fine_cat_pTjet25GeV
Error in <TTree::SetBranchStatus>: unknown branch -> HTXS_stage1_1_fine_cat_pTjet30GeV
Error in <TTree::SetBranchStatus>: unknown branch -> HTXS_stage_0
Error in <TTree::SetBranchStatus>: unknown branch -> HTXS_stage_1_pTjet25
Error in <TTree::SetBranchStatus>: unknown branch -> HTXS_stage_1_pTjet30
Error in <TTree::SetBranchStatus>: unknown branch -> HTXS_njets25
Error in <TTree::SetBranchStatus>: unknown branch -> HTXS_njets30
Error in <TChain::SetBranchAddress>: unknown branch -> SubJet_nBHadrons
Error in <TChain::SetBranchAddress>: unknown branch -> SubJet_nCHadrons
Error in <TChain::SetBranchAddress>: unknown branch -> FatJet_nBHadrons
Error in <TChain::SetBranchAddress>: unknown branch -> FatJet_nCHadrons
Error in <TChain::SetBranchAddress>: unknown branch -> FatJet_genJetAK8Idx
Error in <TChain::SetBranchAddress>: unknown branch -> nGenJetAK8
Error in <TChain::SetBranchAddress>: unknown branch -> GenJetAK8_eta
Error in <TChain::SetBranchAddress>: unknown branch -> GenJetAK8_mass
Error in <TChain::SetBranchAddress>: unknown branch -> GenJetAK8_phi
Error in <TChain::SetBranchAddress>: unknown branch -> GenJetAK8_pt
Error in <TChain::SetBranchAddress>: unknown branch -> nGenJet
Error in <TChain::SetBranchAddress>: unknown branch -> GenJet_eta
Error in <TChain::SetBranchAddress>: unknown branch -> GenJet_mass
Error in <TChain::SetBranchAddress>: unknown branch -> GenJet_phi
Error in <TChain::SetBranchAddress>: unknown branch -> GenJet_pt
Error in <TChain::SetBranchAddress>: unknown branch -> nGenPart
Error in <TChain::SetBranchAddress>: unknown branch -> GenPart_eta
Error in <TChain::SetBranchAddress>: unknown branch -> GenPart_mass
Error in <TChain::SetBranchAddress>: unknown branch -> GenPart_phi
Error in <TChain::SetBranchAddress>: unknown branch -> GenPart_pt
Error in <TChain::SetBranchAddress>: unknown branch -> GenPart_genPartIdxMother
Error in <TChain::SetBranchAddress>: unknown branch -> GenPart_pdgId
Error in <TChain::SetBranchAddress>: unknown branch -> GenPart_status
Error in <TChain::SetBranchAddress>: unknown branch -> GenPart_statusFlags
Error in <TChain::SetBranchAddress>: unknown branch -> nSubGenJetAK8
Error in <TChain::SetBranchAddress>: unknown branch -> SubGenJetAK8_eta
Error in <TChain::SetBranchAddress>: unknown branch -> SubGenJetAK8_mass
Error in <TChain::SetBranchAddress>: unknown branch -> SubGenJetAK8_phi
Error in <TChain::SetBranchAddress>: unknown branch -> SubGenJetAK8_pt
Error in <TChain::SetBranchAddress>: unknown branch -> Generator_binvar
Error in <TChain::SetBranchAddress>: unknown branch -> Generator_scalePDF
Error in <TChain::SetBranchAddress>: unknown branch -> Generator_weight
Error in <TChain::SetBranchAddress>: unknown branch -> Generator_x1
Error in <TChain::SetBranchAddress>: unknown branch -> Generator_x2
Error in <TChain::SetBranchAddress>: unknown branch -> Generator_xpdf1
Error in <TChain::SetBranchAddress>: unknown branch -> Generator_xpdf2
Error in <TChain::SetBranchAddress>: unknown branch -> Generator_id1
Error in <TChain::SetBranchAddress>: unknown branch -> Generator_id2
Error in <TChain::SetBranchAddress>: unknown branch -> nGenVisTau
Error in <TChain::SetBranchAddress>: unknown branch -> GenVisTau_eta
Error in <TChain::SetBranchAddress>: unknown branch -> GenVisTau_mass
Error in <TChain::SetBranchAddress>: unknown branch -> GenVisTau_phi
Error in <TChain::SetBranchAddress>: unknown branch -> GenVisTau_pt
Error in <TChain::SetBranchAddress>: unknown branch -> GenVisTau_charge
Error in <TChain::SetBranchAddress>: unknown branch -> GenVisTau_genPartIdxMother
Error in <TChain::SetBranchAddress>: unknown branch -> GenVisTau_status
Error in <TChain::SetBranchAddress>: unknown branch -> genWeight
Error in <TChain::SetBranchAddress>: unknown branch -> LHEWeight_originalXWGTUP
Error in <TChain::SetBranchAddress>: unknown branch -> nLHEPdfWeight
Error in <TChain::SetBranchAddress>: unknown branch -> LHEPdfWeight
Error in <TChain::SetBranchAddress>: unknown branch -> nLHEReweightingWeight
Error in <TChain::SetBranchAddress>: unknown branch -> LHEReweightingWeight
Error in <TChain::SetBranchAddress>: unknown branch -> nLHEScaleWeight
Error in <TChain::SetBranchAddress>: unknown branch -> LHEScaleWeight
Error in <TChain::SetBranchAddress>: unknown branch -> nPSWeight
Error in <TChain::SetBranchAddress>: unknown branch -> PSWeight
Error in <TChain::SetBranchAddress>: unknown branch -> LHE_HT
Error in <TChain::SetBranchAddress>: unknown branch -> LHE_HTIncoming
Error in <TChain::SetBranchAddress>: unknown branch -> LHE_Vpt
Error in <TChain::SetBranchAddress>: unknown branch -> LHE_Njets
Error in <TChain::SetBranchAddress>: unknown branch -> LHE_Nb
Error in <TChain::SetBranchAddress>: unknown branch -> LHE_Nc
Error in <TChain::SetBranchAddress>: unknown branch -> LHE_Nuds
Error in <TChain::SetBranchAddress>: unknown branch -> LHE_Nglu
Error in <TChain::SetBranchAddress>: unknown branch -> LHE_NpNLO
Error in <TChain::SetBranchAddress>: unknown branch -> LHE_NpLO
Error in <TChain::SetBranchAddress>: unknown branch -> nLHEPart
Error in <TChain::SetBranchAddress>: unknown branch -> LHEPart_pt
Error in <TChain::SetBranchAddress>: unknown branch -> LHEPart_eta
Error in <TChain::SetBranchAddress>: unknown branch -> LHEPart_phi
Error in <TChain::SetBranchAddress>: unknown branch -> LHEPart_mass
Error in <TChain::SetBranchAddress>: unknown branch -> LHEPart_pdgId
Error in <TChain::SetBranchAddress>: unknown branch -> GenMET_phi
Error in <TChain::SetBranchAddress>: unknown branch -> GenMET_pt
Error in <TChain::SetBranchAddress>: unknown branch -> Pileup_nTrueInt
Error in <TChain::SetBranchAddress>: unknown branch -> Pileup_pudensity
Error in <TChain::SetBranchAddress>: unknown branch -> Pileup_gpudensity
Error in <TChain::SetBranchAddress>: unknown branch -> Pileup_nPU
Error in <TChain::SetBranchAddress>: unknown branch -> Pileup_sumEOOT
Error in <TChain::SetBranchAddress>: unknown branch -> Pileup_sumLOOT
Error in <TChain::SetBranchAddress>: unknown branch -> nGenDressedLepton
Error in <TChain::SetBranchAddress>: unknown branch -> GenDressedLepton_eta
Error in <TChain::SetBranchAddress>: unknown branch -> GenDressedLepton_mass
Error in <TChain::SetBranchAddress>: unknown branch -> GenDressedLepton_phi
Error in <TChain::SetBranchAddress>: unknown branch -> GenDressedLepton_pt
Error in <TChain::SetBranchAddress>: unknown branch -> GenDressedLepton_pdgId
Error in <TChain::SetBranchAddress>: unknown branch -> GenDressedLepton_hasTauAnc
Error in <TChain::SetBranchAddress>: unknown branch -> genTtbarId
Error in <TChain::SetBranchAddress>: unknown branch -> Electron_genPartIdx
Error in <TChain::SetBranchAddress>: unknown branch -> Electron_genPartFlav
Error in <TChain::SetBranchAddress>: unknown branch -> GenJetAK8_partonFlavour
Error in <TChain::SetBranchAddress>: unknown branch -> GenJetAK8_hadronFlavour
Error in <TChain::SetBranchAddress>: unknown branch -> GenJet_partonFlavour
Error in <TChain::SetBranchAddress>: unknown branch -> GenJet_hadronFlavour
Error in <TChain::SetBranchAddress>: unknown branch -> Jet_genJetIdx
Error in <TChain::SetBranchAddress>: unknown branch -> Jet_hadronFlavour
Error in <TChain::SetBranchAddress>: unknown branch -> Jet_partonFlavour
Error in <TChain::SetBranchAddress>: unknown branch -> Muon_genPartIdx
Error in <TChain::SetBranchAddress>: unknown branch -> Muon_genPartFlav
Error in <TChain::SetBranchAddress>: unknown branch -> Photon_genPartIdx
Error in <TChain::SetBranchAddress>: unknown branch -> Photon_genPartFlav
Error in <TChain::SetBranchAddress>: unknown branch -> MET_fiducialGenPhi
Error in <TChain::SetBranchAddress>: unknown branch -> MET_fiducialGenPt
Error in <TChain::SetBranchAddress>: unknown branch -> Tau_genPartIdx
Error in <TChain::SetBranchAddress>: unknown branch -> Tau_genPartFlav
Error in <TChain::SetBranchAddress>: unknown branch -> L1simulation_step
------------------------------
*** Error in `./RunHHTo2B2GNtupler': double free or corruption (!prev): 0x0000000004a6c560 ***
======= Backtrace: =========
/lib64/libc.so.6(+0x81329)[0x7fee0283b329]
./RunHHTo2B2GNtupler(_ZN6Events23DeleteHeapTriggerObjectEv+0x2f)[0x452bdb]
./RunHHTo2B2GNtupler(_ZN6Events10DeleteHeapEv+0x147)[0x450467]
./RunHHTo2B2GNtupler(_ZN6EventsD1Ev+0x25)[0x442ec9]
./RunHHTo2B2GNtupler(_ZN13EventAnalyzerD1Ev+0x24)[0x440834]
./RunHHTo2B2GNtupler(_ZN15HHTo2B2GNtuplerD1Ev+0x24)[0x41e0d0]
./RunHHTo2B2GNtupler(main+0xc5c)[0x41d7ee]
/lib64/libc.so.6(__libc_start_main+0xf5)[0x7fee027dc555]
./RunHHTo2B2GNtupler[0x41c879]
======= Memory map: ========
00400000-0041c000 r--p 00000000 fd:02 10267038                           /storage/local/data1/condor/execute/dir_2791607/CMSSW_12_6_3/src/RunHHTo2B2GNtupler
0041c000-00457000 r-xp 0001c000 fd:02 10267038                           /storage/local/data1/condor/execute/dir_2791607/CMSSW_12_6_3/src/RunHHTo2B2GNtupler
00457000-0046d000 r--p 00057000 fd:02 10267038                           /storage/local/data1/condor/execute/dir_2791607/CMSSW_12_6_3/src/RunHHTo2B2GNtupler
0046e000-0046f000 r--p 0006d000 fd:02 10267038                           /storage/local/data1/condor/execute/dir_2791607/CMSSW_12_6_3/src/RunHHTo2B2GNtupler
0046f000-00470000 rw-p 0006e000 fd:02 10267038                           /storage/local/data1/condor/execute/dir_2791607/CMSSW_12_6_3/src/RunHHTo2B2GNtupler
01dd8000-0c510000 rw-p 00000000 00:00 0                                  [heap]
7fede0000000-7fede0021000 rw-p 00000000 00:00 0 
7fede0021000-7fede4000000 ---p 00000000 00:00 0 
7fede7b9a000-7fede7b9c000 r-xp 00000000 fd:02 95430686                   /usr/lib64/libfreebl3.so
7fede7b9c000-7fede7d9b000 ---p 00002000 fd:02 95430686                   /usr/lib64/libfreebl3.so
7fede7d9b000-7fede7d9c000 r--p 00001000 fd:02 95430686                   /usr/lib64/libfreebl3.so
7fede7d9c000-7fede7d9d000 rw-p 00002000 fd:02 95430686                   /usr/lib64/libfreebl3.so
7fede7da2000-7fede7daa000 r-xp 00000000 fd:02 95430656                   /usr/lib64/libcrypt-2.17.so
7fede7daa000-7fede7fa9000 ---p 00008000 fd:02 95430656                   /usr/lib64/libcrypt-2.17.so
7fede7fa9000-7fede7faa000 r--p 00007000 fd:02 95430656                   /usr/lib64/libcrypt-2.17.so
7fede7faa000-7fede7fab000 rw-p 00008000 fd:02 95430656                   /usr/lib64/libcrypt-2.17.so
7fede7fab000-7fede7fd9000 rw-p 00000000 00:00 0 
7fede7fda000-7fede7ffc000 r-xp 00000000 fd:02 95430620                   /usr/lib64/ld-2.17.so
7fede7ffc000-7fede81fb000 ---p 00022000 fd:02 95430620                   /usr/lib64/ld-2.17.so
7fede81fb000-7fede81fc000 r--p 00021000 fd:02 95430620                   /usr/lib64/ld-2.17.so
7fede81fc000-7fede81fd000 rw-p 00022000 fd:02 95430620                   /usr/lib64/ld-2.17.so
7fede81fd000-7fede81fe000 rw-p 00000000 00:00 0 
7fede8200000-7fede845b000 r--p 00000000 00:35 2798946960                 /cvmfs/cms.cern.ch/slc7_amd64_gcc10/lcg/root/6.24.07-3ea108fb48fc7b8bb2960269f724c0d6/lib/WebGui6.pcm
7fede8600000-7fede88d0000 r--p 00000000 00:35 2798946384                 /cvmfs/cms.cern.ch/slc7_amd64_gcc10/lcg/root/6.24.07-3ea108fb48fc7b8bb2960269f724c0d6/lib/GenVector.pcm
7fede8932000-7fede895b000 r--p 00000000 00:35 2801498140                 /cvmfs/cms.cern.ch/slc7_amd64_gcc10/cms/cmssw/CMSSW_12_6_3/lib/slc7_amd64_gcc10/libDataFormatsProvenance.so
7fede895b000-7fede89c0000 r-xp 00029000 00:35 2801498140                 /cvmfs/cms.cern.ch/slc7_amd64_gcc10/cms/cmssw/CMSSW_12_6_3/lib/slc7_amd64_gcc10/libDataFormatsProvenance.so
7fede89c0000-7fede89ed000 r--p 0008e000 00:35 2801498140                 /cvmfs/cms.cern.ch/slc7_amd64_gcc10/cms/cmssw/CMSSW_12_6_3/lib/slc7_amd64_gcc10/libDataFormatsProvenance.so
7fede89ed000-7fede89ee000 ---p 000bb000 00:35 2801498140                 /cvmfs/cms.cern.ch/slc7_amd64_gcc10/cms/cmssw/CMSSW_12_6_3/lib/slc7_amd64_gcc10/libDataFormatsProvenance.so
7fede89ee000-7fede89f0000 r--p 000bb000 00:35 2801498140                 /cvmfs/cms.cern.ch/slc7_amd64_gcc10/cms/cmssw/CMSSW_12_6_3/lib/slc7_amd64_gcc10/libDataFormatsProvenance.so
7fede89f0000-7fede89f2000 rw-p 000bd000 00:35 2801498140                 /cvmfs/cms.cern.ch/slc7_amd64_gcc10/cms/cmssw/CMSSW_12_6_3/lib/slc7_amd64_gcc10/libDataFormatsProvenance.so
7fede89f2000-7fede89fa000 rw-p 00000000 00:00 0 
7fede8a00000-7fede8e00000 r--p 00000000 00:35 2798947263                 /cvmfs/cms.cern.ch/slc7_amd64_gcc10/lcg/root/6.24.07-3ea108fb48fc7b8bb2960269f724c0d6/lib/Minuit2.pcm
7fede8e32000-7fede8ee2000 r--p 00000000 00:35 3081825898                 /cvmfs/cms.cern.ch/slc7_amd64_gcc10/lcg/root/6.24.07-3ea108fb48fc7b8bb2960269f724c0d6/lib/SessionViewer.pcm
7fede8ee2000-7fede8ffc000 r--p 00000000 00:35 2798949384                 /cvmfs/cms.cern.ch/slc7_amd64_gcc10/lcg/root/6.24.07-3ea108fb48fc7b8bb2960269f724c0d6/lib/ROOTFitPanelv7.pcm
7fede9000000-7fede9441000 r--p 00000000 00:35 2798948105                 /cvmfs/cms.cern.ch/slc7_amd64_gcc10/lcg/root/6.24.07-3ea108fb48fc7b8bb2960269f724c0d6/lib/ROOTHist.pcm
7fede9472000-7fede9585000 r--p 00000000 00:35 2798949536                 /cvmfs/cms.cern.ch/slc7_amd64_gcc10/lcg/root/6.24.07-3ea108fb48fc7b8bb2960269f724c0d6/lib/ROOTGraphicsPrimitives.pcm
7fede958a000-7fede95fc000 r--p 00000000 00:35 2798946186                 /cvmfs/cms.cern.ch/slc7_amd64_gcc10/lcg/root/6.24.07-3ea108fb48fc7b8bb2960269f724c0d6/lib/ROOTTPython.pcm
7fede9600000-7fede9a6f000 r--p 00000000 00:35 2798947490                 /cvmfs/cms.cern.ch/slc7_amd64_gcc10/lcg/root/6.24.07-3ea108fb48fc7b8bb2960269f724c0d6/lib/ROOTHistDraw.pcm
7fede9ad2000-7fede9b5b000 r--p 00000000 00:35 2798946426                 /cvmfs/cms.cern.ch/slc7_amd64_gcc10/lcg/root/6.24.07-3ea108fb48fc7b8bb2960269f724c0d6/lib/Gviz3d.pcm
7fede9b62000-7fede9bfc000 r--p 00000000 00:35 2798947403                 /cvmfs/cms.cern.ch/slc7_amd64_gcc10/lcg/root/6.24.07-3ea108fb48fc7b8bb2960269f724c0d6/lib/ProofBench.pcm
7fede9c00000-7fedea3ce000 r--p 00000000 00:35 2798946961                 /cvmfs/cms.cern.ch/slc7_amd64_gcc10/lcg/root/6.24.07-3ea108fb48fc7b8bb2960269f724c0d6/lib/ROOTGpadv7.pcm
7fedea400000-7fedeb1be000 r--p 00000000 00:35 2798947539                 /cvmfs/cms.cern.ch/slc7_amd64_gcc10/lcg/root/6.24.07-3ea108fb48fc7b8bb2960269f724c0d6/lib/ROOTEve.pcm
7fedeb1d2000-7fedeb310000 r--p 00000000 00:35 2798946278                 /cvmfs/cms.cern.ch/slc7_amd64_gcc10/lcg/root/6.24.07-3ea108fb48fc7b8bb2960269f724c0d6/lib/Gdml.pcm
7fedeb317000-7fedec200000 rw-p 00000000 00:00 0 
7fedec200000-7fedec5af000 r--p 00000000 00:35 2798947155                 /cvmfs/cms.cern.ch/slc7_amd64_gcc10/lcg/root/6.24.07-3ea108fb48fc7b8bb2960269f724c0d6/lib/RooStats.pcm
7fedec600000-7fedec8e3000 r--p 00000000 00:35 2798947669                 /cvmfs/cms.cern.ch/slc7_amd64_gcc10/lcg/root/6.24.07-3ea108fb48fc7b8bb2960269f724c0d6/lib/Smatrix.pcm
7fedec902000-7fedec978000 r--p 00000000 00:35 2798946926                 /cvmfs/cms.cern.ch/slc7_amd64_gcc10/lcg/root/6.24.07-3ea108fb48fc7b8bb2960269f724c0d6/lib/ASImageGui.pcm
7fedec97a000-7fedec9fa000 r--p 00000000 00:35 2798946411                 /cvmfs/cms.cern.ch/slc7_amd64_gcc10/lcg/root/6.24.07-3ea108fb48fc7b8bb2960269f724c0d6/lib/RootAuth.pcm
7fedeca00000-7fededcc6000 r--p 00000000 00:35 2798948736                 /cvmfs/cms.cern.ch/slc7_amd64_gcc10/lcg/root/6.24.07-3ea108fb48fc7b8bb2960269f724c0d6/lib/RooFitCore.pcm
7fededcf2000-7fededd80000 r--p 00000000 00:35 2798946933                 /cvmfs/cms.cern.ch/slc7_amd64_gcc10/lcg/root/6.24.07-3ea108fb48fc7b8bb2960269f724c0d6/lib/NetxNG.pcm
7fededd82000-7fededdfb000 r--p 00000000 00:35 2798946017                 /cvmfs/cms.cern.ch/slc7_amd64_gcc10/lcg/root/6.24.07-3ea108fb48fc7b8bb2960269f724c0d6/lib/SpectrumPainter.pcm
7fedede00000-7fedeee1f000 r--p 00000000 00:35 2798948443                 /cvmfs/cms.cern.ch/slc7_amd64_gcc10/lcg/root/6.24.07-3ea108fb48fc7b8bb2960269f724c0d6/lib/RooFit.pcm
7fedeee72000-7fedeeef2000 r--p 00000000 00:35 2798944109                 /cvmfs/cms.cern.ch/slc7_amd64_gcc10/lcg/root/6.24.07-3ea108fb48fc7b8bb2960269f724c0d6/lib/ASImage.pcm
7fedeeef2000-7fedeef70000 r--p 00000000 00:35 2798946396                 /cvmfs/cms.cern.ch/slc7_amd64_gcc10/lcg/root/6.24.07-3ea108fb48fc7b8bb2960269f724c0d6/lib/GX11.pcm
7fedeef76000-7fedefcb9000 rw-p 00000000 00:00 0 
7fedefcb9000-7fedf0200000 rw-p 00000000 00:00 0 
7fedf0200000-7fedf076d000 r--p 00000000 00:35 3081825892                 /cvmfs/cms.cern.ch/slc7_amd64_gcc10/lcg/root/6.24.07-3ea108fb48fc7b8bb2960269f724c0d6/lib/RGL.pcm
7fedf078a000-7fedf07fd000 r--p 00000000 00:35 2798946409                 /cvmfs/cms.cern.ch/slc7_amd64_gcc10/lcg/root/6.24.07-3ea108fb48fc7b8bb2960269f724c0d6/lib/GX11TTF.pcm
7fedf0800000-7fedf0b67000 r--p 00000000 00:35 3081823834                 /cvmfs/cms.cern.ch/slc7_amd64_gcc10/lcg/root/6.24.07-3ea108fb48fc7b8bb2960269f724c0d6/lib/Geom.pcm
7fedf0bc2000-7fedf0c6a000 r--p 00000000 00:35 2798947538                 /cvmfs/cms.cern.ch/slc7_amd64_gcc10/lcg/root/6.24.07-3ea108fb48fc7b8bb2960269f724c0d6/lib/SQLIO.pcm
7fedf0c6a000-7fedf0cfd000 r--p 00000000 00:35 2798945937                 /cvmfs/cms.cern.ch/slc7_amd64_gcc10/lcg/root/6.24.07-3ea108fb48fc7b8bb2960269f724c0d6/lib/GuiBld.pcm
7fedf0d02000-7fedf0dfc000 r--p 00000000 00:35 2798944145                 /cvmfs/cms.cern.ch/slc7_amd64_gcc10/lcg/root/6.24.07-3ea108fb48fc7b8bb2960269f724c0d6/lib/Ged.pcm
7fedf0e00000-7fedf136f000 r--p 00000000 00:35 2798945838                 /cvmfs/cms.cern.ch/slc7_amd64_gcc10/lcg/root/6.24.07-3ea108fb48fc7b8bb2960269f724c0d6/lib/Eve.pcm
7fedf139a000-7fedf1415000 r--p 00000000 00:35 2798944254                 /cvmfs/cms.cern.ch/slc7_amd64_gcc10/lcg/root/6.24.07-3ea108fb48fc7b8bb2960269f724c0d6/lib/FFTW.pcm
7fedf141a000-7fedf15ae000 r--p 00000000 00:35 3081824756                 /cvmfs/cms.cern.ch/slc7_amd64_gcc10/lcg/root/6.24.07-3ea108fb48fc7b8bb2960269f724c0d6/lib/Proof.pcm
7fedf15f2000-7fedf1685000 r--p 00000000 00:35 2798945386                 /cvmfs/cms.cern.ch/slc7_amd64_gcc10/lcg/root/6.24.07-3ea108fb48fc7b8bb2960269f724c0d6/lib/Recorder.pcm
7fedf168a000-7fedf176f000 r--p 00000000 00:35 2798944781                 /cvmfs/cms.cern.ch/slc7_amd64_gcc10/lcg/root/6.24.07-3ea108fb48fc7b8bb2960269f724c0d6/lib/GeomBuilder.pcm
7fedf1772000-7fedf17e8000 r--p 00000000 00:35 3081824637                 /cvmfs/cms.cern.ch/slc7_amd64_gcc10/lcg/root/6.24.07-3ea108fb48fc7b8bb2960269f724c0d6/lib/SPlot.pcm
7fedf17ea000-7fedf1861000 r--p 00000000 00:35 2798944321                 /cvmfs/cms.cern.ch/slc7_amd64_gcc10/lcg/root/6.24.07-3ea108fb48fc7b8bb2960269f724c0d6/lib/X3d.pcm
7fedf1862000-7fedf19a8000 r--p 00000000 00:35 2798946349                 /cvmfs/cms.cern.ch/slc7_amd64_gcc10/lcg/root/6.24.07-3ea108fb48fc7b8bb2960269f724c0d6/lib/MathMore.pcm
7fedf19aa000-7fedf1a31000 r--p 00000000 00:35 2798945989                 /cvmfs/cms.cern.ch/slc7_amd64_gcc10/lcg/root/6.24.07-3ea108fb48fc7b8bb2960269f724c0d6/lib/RooFitMore.pcm
7fedf1a32000-7fedf1b6a000 r--p 00000000 00:35 2798946307                 /cvmfs/cms.cern.ch/slc7_amd64_gcc10/lcg/root/6.24.07-3ea108fb48fc7b8bb2960269f724c0d6/lib/ROOTBrowserv7.pcm
7fedf1b6a000-7fedf1d32000 r--p 00000000 00:35 2798946391                 /cvmfs/cms.cern.ch/slc7_amd64_gcc10/lcg/root/6.24.07-3ea108fb48fc7b8bb2960269f724c0d6/lib/ROOTWebDisplay.pcm
7fedf1d32000-7fedf1dc7000 r--p 00000000 00:35 2798947526                 /cvmfs/cms.cern.ch/slc7_amd64_gcc10/lcg/root/6.24.07-3ea108fb48fc7b8bb2960269f724c0d6/lib/Postscript.pcm
7fedf1dca000-7fedf1e65000 r--p 00000000 00:35 3081825303                 /cvmfs/cms.cern.ch/slc7_amd64_gcc10/lcg/root/6.24.07-3ea108fb48fc7b8bb2960269f724c0d6/lib/TMVAGui.pcm
7fedf1e6a000-7fedf1ffb000 r--p 00000000 00:35 2798945309                 /cvmfs/cms.cern.ch/slc7_amd64_gcc10/lcg/root/6.24.07-3ea108fb48fc7b8bb2960269f724c0d6/lib/Html.pcm
7fedf2000000-7fedf238e000 r--p 00000000 00:35 2798945314                 /cvmfs/cms.cern.ch/slc7_amd64_gcc10/lcg/root/6.24.07-3ea108fb48fc7b8bb2960269f724c0d6/lib/HistFactory.pcm
7fedf239a000-7fedf23af000 r--p 00000000 00:35 2801497643                 /cvmfs/cms.cern.ch/slc7_amd64_gcc10/cms/cmssw/CMSSW_12_6_3/lib/slc7_amd64_gcc10/libFWCoreUtilities.so
7fedf23af000-7fedf23ea000 r-xp 00015000 00:35 2801497643                 /cvmfs/cms.cern.ch/slc7_amd64_gcc10/cms/cmssw/CMSSW_12_6_3/lib/slc7_amd64_gcc10/libFWCoreUtilities.so
7fedf23ea000-7fedf23fb000 r--p 00050000 00:35 2801497643                 /cvmfs/cms.cern.ch/slc7_amd64_gcc10/cms/cmssw/CMSSW_12_6_3/lib/slc7_amd64_gcc10/libFWCoreUtilities.so
7fedf23fb000-7fedf23fc000 ---p 00061000 00:35 2801497643                 /cvmfs/cms.cern.ch/slc7_amd64_gcc10/cms/cmssw/CMSSW_12_6_3/lib/slc7_amd64_gcc10/libFWCoreUtilities.so
7fedf23fc000-7fedf23fd000 r--p 00061000 00:35 2801497643                 /cvmfs/cms.cern.ch/slc7_amd64_gcc10/cms/cmssw/CMSSW_12_6_3/lib/slc7_amd64_gcc10/libFWCoreUtilities.so
7fedf23fd000-7fedf23fe000 rw-p 00062000 00:35 2801497643                 /cvmfs/cms.cern.ch/slc7_amd64_gcc10/cms/cmssw/CMSSW_12_6_3/lib/slc7_amd64_gcc10/libFWCoreUtilities.so
7fedf23fe000-7fedf2400000 rw-p 00000000 00:00 0 
7fedf2400000-7fedf313f000 r--p 00000000 00:35 2798950466                 /cvmfs/cms.cern.ch/slc7_amd64_gcc10/lcg/root/6.24.07-3ea108fb48fc7b8bb2960269f724c0d6/lib/ROOTNTuple.pcm
7fedf3162000-7fedf3200000 r--p 00000000 00:35 2798944906                 /cvmfs/cms.cern.ch/slc7_amd64_gcc10/lcg/root/6.24.07-3ea108fb48fc7b8bb2960269f724c0d6/lib/GuiHtml.pcm
7fedf3200000-7fedf34ad000 r--p 00000000 00:35 2798945275                 /cvmfs/cms.cern.ch/slc7_amd64_gcc10/lcg/root/6.24.07-3ea108fb48fc7b8bb2960269f724c0d6/lib/ROOTVecOps.pcm
7fedf34ba000-7fedf3534000 r--p 00000000 00:35 2798946357                 /cvmfs/cms.cern.ch/slc7_amd64_gcc10/lcg/root/6.24.07-3ea108fb48fc7b8bb2960269f724c0d6/lib/Fumili.pcm
7fedf353a000-7fedf35f9000 r--p 00000000 00:35 2798946930                 /cvmfs/cms.cern.ch/slc7_amd64_gcc10/lcg/root/6.24.07-3ea108fb48fc7b8bb2960269f724c0d6/lib/Physics.pcm
7fedf3600000-7fedf41c5000 r--p 00000000 00:35 3081825313                 /cvmfs/cms.cern.ch/slc7_amd64_gcc10/lcg/root/6.24.07-3ea108fb48fc7b8bb2960269f724c0d6/lib/ROOTDataFrame.pcm
7fedf4200000-7fedf46ba000 r--p 00000000 00:35 3081824754                 /cvmfs/cms.cern.ch/slc7_amd64_gcc10/lcg/root/6.24.07-3ea108fb48fc7b8bb2960269f724c0d6/lib/TreePlayer.pcm
7fedf46ea000-7fedf4762000 r--p 00000000 00:35 2798944761                 /cvmfs/cms.cern.ch/slc7_amd64_gcc10/lcg/root/6.24.07-3ea108fb48fc7b8bb2960269f724c0d6/lib/DCache.pcm
7fedf4762000-7fedf47fc000 r--p 00000000 00:35 2798946347                 /cvmfs/cms.cern.ch/slc7_amd64_gcc10/lcg/root/6.24.07-3ea108fb48fc7b8bb2960269f724c0d6/lib/EG.pcm
7fedf4800000-7fedf5988000 r--p 00000000 00:35 3081826887                 /cvmfs/cms.cern.ch/slc7_amd64_gcc10/lcg/root/6.24.07-3ea108fb48fc7b8bb2960269f724c0d6/lib/TMVA.pcm
7fedf59c2000-7fedf5a45000 r--p 00000000 00:35 3081826567                 /cvmfs/cms.cern.ch/slc7_amd64_gcc10/lcg/root/6.24.07-3ea108fb48fc7b8bb2960269f724c0d6/lib/MLP.pcm
7fedf5a4a000-7fedf5adc000 r--p 00000000 00:35 2798946137                 /cvmfs/cms.cern.ch/slc7_amd64_gcc10/lcg/root/6.24.07-3ea108fb48fc7b8bb2960269f724c0d6/lib/Minuit.pcm
7fedf5ae2000-7fedf5bf9000 r--p 00000000 00:35 3081823242                 /cvmfs/cms.cern.ch/slc7_amd64_gcc10/lcg/root/6.24.07-3ea108fb48fc7b8bb2960269f724c0d6/lib/XMLIO.pcm
7fedf5c00000-7fedf5e75000 r--p 00000000 00:35 2798944355                 /cvmfs/cms.cern.ch/slc7_amd64_gcc10/lcg/root/6.24.07-3ea108fb48fc7b8bb2960269f724c0d6/lib/Tree.pcm
7fedf5e7a000-7fedf5f56000 r--p 00000000 00:35 2798944863                 /cvmfs/cms.cern.ch/slc7_amd64_gcc10/lcg/root/6.24.07-3ea108fb48fc7b8bb2960269f724c0d6/lib/Graf3d.pcm
7fedf5f5a000-7fedf60ee000 r--p 00000000 00:35 3081827737                 /cvmfs/cms.cern.ch/slc7_amd64_gcc10/lcg/root/6.24.07-3ea108fb48fc7b8bb2960269f724c0d6/lib/RHTTP.pcm
7fedf60f2000-7fedf61f9000 r--p 00000000 00:35 2798945769                 /cvmfs/cms.cern.ch/slc7_amd64_gcc10/lcg/root/6.24.07-3ea108fb48fc7b8bb2960269f724c0d6/lib/Graf.pcm
7fedf6200000-7fedf67a5000 r--p 00000000 00:35 2798947528                 /cvmfs/cms.cern.ch/slc7_amd64_gcc10/lcg/root/6.24.07-3ea108fb48fc7b8bb2960269f724c0d6/lib/Hist.pcm
7fedf67da000-7fedf6872000 r--p 00000000 00:35 2798946376                 /cvmfs/cms.cern.ch/slc7_amd64_gcc10/lcg/root/6.24.07-3ea108fb48fc7b8bb2960269f724c0d6/lib/PyMVA.pcm
7fedf689a000-7fedf6938000 r--p 00000000 00:35 2798946944                 /cvmfs/cms.cern.ch/slc7_amd64_gcc10/lcg/root/6.24.07-3ea108fb48fc7b8bb2960269f724c0d6/lib/Quadp.pcm
7fedf693a000-7fedf69fd000 r--p 00000000 00:35 3081825878                 /cvmfs/cms.cern.ch/slc7_amd64_gcc10/lcg/root/6.24.07-3ea108fb48fc7b8bb2960269f724c0d6/lib/ProofPlayer.pcm
7fedf6a00000-7fedf6d72000 r--p 00000000 00:35 2798947518                 /cvmfs/cms.cern.ch/slc7_amd64_gcc10/lcg/root/6.24.07-3ea108fb48fc7b8bb2960269f724c0d6/lib/Gui.pcm
7fedf6d7a000-7fedf6de8000 r--p 00000000 00:35 2798946934                 /cvmfs/cms.cern.ch/slc7_amd64_gcc10/lcg/root/6.24.07-3ea108fb48fc7b8bb2960269f724c0d6/lib/RCsg.pcm
7fedf6dea000-7fedf6ed1000 r--p 00000000 00:35 2798949150                 /cvmfs/cms.cern.ch/slc7_amd64_gcc10/lcg/root/6.24.07-3ea108fb48fc7b8bb2960269f724c0d6/lib/ProofDraw.pcm
7fedf6ed2000-7fedf6f80000 r--p 00000000 00:35 2798944169                 /cvmfs/cms.cern.ch/slc7_amd64_gcc10/lcg/root/6.24.07-3ea108fb48fc7b8bb2960269f724c0d6/lib/FitPanel.pcm
7fedf6f82000-7fedf7027000 r--p 00000000 00:35 2798947536                 /cvmfs/cms.cern.ch/slc7_amd64_gcc10/lcg/root/6.24.07-3ea108fb48fc7b8bb2960269f724c0d6/lib/RDAVIX.pcm
7fedf702a000-7fedf71fb000 r--p 00000000 00:35 2798945031                 /cvmfs/cms.cern.ch/slc7_amd64_gcc10/lcg/root/6.24.07-3ea108fb48fc7b8bb2960269f724c0d6/lib/Imt.pcm
7fedf7200000-7fedf7b13000 r--p 00000000 00:35 2798946412                 /cvmfs/cms.cern.ch/slc7_amd64_gcc10/lcg/root/6.24.07-3ea108fb48fc7b8bb2960269f724c0d6/lib/MathCore.pcm
7fedf7b1a000-7fedf7bf9000 r--p 00000000 00:35 2798944751                 /cvmfs/cms.cern.ch/slc7_amd64_gcc10/lcg/root/6.24.07-3ea108fb48fc7b8bb2960269f724c0d6/lib/Gpad.pcm
7fedf7c00000-7fedf7f4a000 r--p 00000000 00:35 2798946394                 /cvmfs/cms.cern.ch/slc7_amd64_gcc10/lcg/root/6.24.07-3ea108fb48fc7b8bb2960269f724c0d6/lib/RIO.pcm
7fedf7f8a000-7fedf8024000 r--p 00000000 00:35 2798948127                 /cvmfs/cms.cern.ch/slc7_amd64_gcc10/lcg/root/6.24.07-3ea108fb48fc7b8bb2960269f724c0d6/lib/Spectrum.pcm
7fedf802a000-7fedf80b3000 r--p 00000000 00:35 2798944868                 /cvmfs/cms.cern.ch/slc7_amd64_gcc10/lcg/root/6.24.07-3ea108fb48fc7b8bb2960269f724c0d6/lib/Foam.pcm
7fedf80ba000-7fedf8171000 r--p 00000000 00:35 3081823140                 /cvmfs/cms.cern.ch/slc7_amd64_gcc10/lcg/root/6.24.07-3ea108fb48fc7b8bb2960269f724c0d6/lib/TreeViewer.pcm
7fedf8172000-7fedf81fb000 r--p 00000000 00:35 2798946978                 /cvmfs/cms.cern.ch/slc7_amd64_gcc10/lcg/root/6.24.07-3ea108fb48fc7b8bb2960269f724c0d6/lib/GeomPainter.pcm
7fedf8200000-7fedf8c3e000 r--p 00000000 00:35 2798946946                 /cvmfs/cms.cern.ch/slc7_amd64_gcc10/lcg/root/6.24.07-3ea108fb48fc7b8bb2960269f724c0d6/lib/Core.pcm
7fedf8c5a000-7fedf8ce0000 r--p 00000000 00:35 3081824780                 /cvmfs/cms.cern.ch/slc7_amd64_gcc10/lcg/root/6.24.07-3ea108fb48fc7b8bb2960269f724c0d6/lib/HistPainter.pcm
7fedf8ce2000-7fedf8dfd000 r--p 00000000 00:35 3081824672                 /cvmfs/cms.cern.ch/slc7_amd64_gcc10/lcg/root/6.24.07-3ea108fb48fc7b8bb2960269f724c0d6/lib/Net.pcm
7fedf8e00000-7fedf9206000 r--p 00000000 00:35 2798947266                 /cvmfs/cms.cern.ch/slc7_amd64_gcc10/lcg/root/6.24.07-3ea108fb48fc7b8bb2960269f724c0d6/lib/_Builtin_intrinsics.pcm
7fedf926a000-7fedf93a3000 r--p 00000000 00:35 2798947405                 /cvmfs/cms.cern.ch/slc7_amd64_gcc10/lcg/root/6.24.07-3ea108fb48fc7b8bb2960269f724c0d6/lib/MultiProc.pcm
7fedf9402000-7fedf9476000 r--p 00000000 00:35 2798947522                 /cvmfs/cms.cern.ch/slc7_amd64_gcc10/lcg/root/6.24.07-3ea108fb48fc7b8bb2960269f724c0d6/lib/RHTTPSniff.pcm
7fedf947a000-7fedf94f4000 r--p 00000000 00:35 2798946977                 /cvmfs/cms.cern.ch/slc7_amd64_gcc10/lcg/root/6.24.07-3ea108fb48fc7b8bb2960269f724c0d6/lib/XMLParser.pcm
7fedf94fa000-7fedf958b000 r--p 00000000 00:35 3081822771                 /cvmfs/cms.cern.ch/slc7_amd64_gcc10/lcg/root/6.24.07-3ea108fb48fc7b8bb2960269f724c0d6/lib/Unfold.pcm
7fedf9592000-7fedf96d4000 r--p 00000000 00:35 2798945311                 /cvmfs/cms.cern.ch/slc7_amd64_gcc10/lcg/root/6.24.07-3ea108fb48fc7b8bb2960269f724c0d6/lib/ROOTBrowsable.pcm
7fedf96da000-7fedf9866000 r--p 00000000 00:35 2798947180                 /cvmfs/cms.cern.ch/slc7_amd64_gcc10/lcg/root/6.24.07-3ea108fb48fc7b8bb2960269f724c0d6/lib/Matrix.pcm
7fedf986a000-7fedf99f9000 r--p 00000000 00:35 2798944367                 /cvmfs/cms.cern.ch/slc7_amd64_gcc10/lcg/root/6.24.07-3ea108fb48fc7b8bb2960269f724c0d6/lib/Thread.pcm
7fedf9a00000-7fedfae67000 r--p 00000000 00:35 2798949681                 /cvmfs/cms.cern.ch/slc7_amd64_gcc10/lcg/root/6.24.07-3ea108fb48fc7b8bb2960269f724c0d6/lib/std.pcm
7fedfae82000-7fedfae86000 r--p 00000000 00:35 3085384760                 /cvmfs/cms.cern.ch/slc7_amd64_gcc10/external/fmt/8.0.1-b8a6534feba2e3dac314eff5040afd69/lib/libfmt.so.8.0.1
7fedfae86000-7fedfae9f000 r-xp 00004000 00:35 3085384760                 /cvmfs/cms.cern.ch/slc7_amd64_gcc10/external/fmt/8.0.1-b8a6534feba2e3dac314eff5040afd69/lib/libfmt.so.8.0.1
7fedfae9f000-7fedfaea4000 r--p 0001d000 00:35 3085384760                 /cvmfs/cms.cern.ch/slc7_amd64_gcc10/external/fmt/8.0.1-b8a6534feba2e3dac314eff5040afd69/lib/libfmt.so.8.0.1
7fedfaea4000-7fedfaea5000 ---p 00022000 00:35 3085384760                 /cvmfs/cms.cern.ch/slc7_amd64_gcc10/external/fmt/8.0.1-b8a6534feba2e3dac314eff5040afd69/lib/libfmt.so.8.0.1
7fedfaea5000-7fedfaea6000 r--p 00022000 00:35 3085384760                 /cvmfs/cms.cern.ch/slc7_amd64_gcc10/external/fmt/8.0.1-b8a6534feba2e3dac314eff5040afd69/lib/libfmt.so.8.0.1
7fedfaea6000-7fedfaea7000 rw-p 00023000 00:35 3085384760                 /cvmfs/cms.cern.ch/slc7_amd64_gcc10/external/fmt/8.0.1-b8a6534feba2e3dac314eff5040afd69/lib/libfmt.so.8.0.1
7fedfaeaa000-7fedfaf17000 r--p 00000000 00:35 2798946515                 /cvmfs/cms.cern.ch/slc7_amd64_gcc10/lcg/root/6.24.07-3ea108fb48fc7b8bb2960269f724c0d6/lib/Rint.pcm
7fedfaf1a000-7fedfafbb000 r--p 00000000 00:35 2798947329                 /cvmfs/cms.cern.ch/slc7_amd64_gcc10/lcg/root/6.24.07-3ea108fb48fc7b8bb2960269f724c0d6/lib/ROOT_Foundation_Stage1_NoRTTI.pcm
7fedfafc2000-7fedfafe7000 r-xp 00000000 fd:02 95430892                   /usr/lib64/libtinfo.so.5.9
7fedfafe7000-7fedfb1e7000 ---p 00025000 fd:02 95430892                   /usr/lib64/libtinfo.so.5.9
7fedfb1e7000-7fedfb1eb000 r--p 00025000 fd:02 95430892                   /usr/lib64/libtinfo.so.5.9
7fedfb1eb000-7fedfb1ec000 rw-p 00029000 fd:02 95430892                   /usr/lib64/libtinfo.so.5.9
7fedfb1f2000-7fedfb1f9000 r-xp 00000000 fd:02 95430852                   /usr/lib64/librt-2.17.so
7fedfb1f9000-7fedfb3f8000 ---p 00007000 fd:02 95430852                   /usr/lib64/librt-2.17.so
7fedfb3f8000-7fedfb3f9000 r--p 00006000 fd:02 95430852                   /usr/lib64/librt-2.17.so
7fedfb3f9000-7fedfb3fa000 rw-p 00007000 fd:02 95430852                   /usr/lib64/librt-2.17.so
7fedfb400000-7fedfb88b000 r--p 00000000 00:35 3081827390                 /cvmfs/cms.cern.ch/slc7_amd64_gcc10/lcg/root/6.24.07-3ea108fb48fc7b8bb2960269f724c0d6/lib/libCling.so
7fedfb88b000-7fedfe5e7000 r-xp 0048b000 00:35 3081827390                 /cvmfs/cms.cern.ch/slc7_amd64_gcc10/lcg/root/6.24.07-3ea108fb48fc7b8bb2960269f724c0d6/lib/libCling.so
7fedfe5e7000-7fedff027000 r--p 031e7000 00:35 3081827390                 /cvmfs/cms.cern.ch/slc7_amd64_gcc10/lcg/root/6.24.07-3ea108fb48fc7b8bb2960269f724c0d6/lib/libCling.so
7fedff027000-7fedff028000 ---p 03c27000 00:35 3081827390                 /cvmfs/cms.cern.ch/slc7_amd64_gcc10/lcg/root/6.24.07-3ea108fb48fc7b8bb2960269f724c0d6/lib/libCling.so
7fedff028000-7fedff32a000 r--p 03c27000 00:35 3081827390                 /cvmfs/cms.cern.ch/slc7_amd64_gcc10/lcg/root/6.24.07-3ea108fb48fc7b8bb2960269f724c0d6/lib/libCling.so
7fedff32a000-7fedff338000 rw-p 03f29000 00:35 3081827390                 /cvmfs/cms.cern.ch/slc7_amd64_gcc10/lcg/root/6.24.07-3ea108fb48fc7b8bb2960269f724c0d6/lib/libCling.so
7fedff338000-7fedff373000 rw-p 00000000 00:00 0 
7fedff382000-7fedff38e000 r-xp 00000000 fd:02 95430785                   /usr/lib64/libnss_files-2.17.so
7fedff38e000-7fedff58d000 ---p 0000c000 fd:02 95430785                   /usr/lib64/libnss_files-2.17.so
7fedff58d000-7fedff58e000 r--p 0000b000 fd:02 95430785                   /usr/lib64/libnss_files-2.17.so
7fedff58e000-7fedff58f000 rw-p 0000c000 fd:02 95430785                   /usr/lib64/libnss_files-2.17.so
7fedff58f000-7fedff595000 rw-p 00000000 00:00 0 
7fedff59a000-7fedff5be000 r-xp 00000000 fd:02 95430856                   /usr/lib64/libselinux.so.1
7fedff5be000-7fedff7bd000 ---p 00024000 fd:02 95430856                   /usr/lib64/libselinux.so.1
7fedff7bd000-7fedff7be000 r--p 00023000 fd:02 95430856                   /usr/lib64/libselinux.so.1
7fedff7be000-7fedff7bf000 rw-p 00024000 fd:02 95430856                   /usr/lib64/libselinux.so.1
7fedff7bf000-7fedff7c1000 rw-p 00000000 00:00 0 
7fedff7c2000-7fedff7d8000 r-xp 00000000 fd:02 95430842                   /usr/lib64/libresolv-2.17.so
7fedff7d8000-7fedff9d8000 ---p 00016000 fd:02 95430842                   /usr/lib64/libresolv-2.17.so
7fedff9d8000-7fedff9d9000 r--p 00016000 fd:02 95430842                   /usr/lib64/libresolv-2.17.so
7fedff9d9000-7fedff9da000 rw-p 00017000 fd:02 95430842                   /usr/lib64/libresolv-2.17.so
7fedff9da000-7fedff9dc000 rw-p 00000000 00:00 0 
7fedff9e2000-7fedff9e5000 r-xp 00000000 fd:02 95430734                   /usr/lib64/libkeyutils.so.1.5
7fedff9e5000-7fedffbe4000 ---p 00003000 fd:02 95430734                   /usr/lib64/libkeyutils.so.1.5
7fedffbe4000-7fedffbe5000 r--p 00002000 fd:02 95430734                   /usr/lib64/libkeyutils.so.1.5
7fedffbe5000-7fedffbe6000 rw-p 00003000 fd:02 95430734                   /usr/lib64/libkeyutils.so.1.5
7fedffbea000-7fedffbf8000 r-xp 00000000 fd:02 95430742                   /usr/lib64/libkrb5support.so.0.1
7fedffbf8000-7fedffdf8000 ---p 0000e000 fd:02 95430742                   /usr/lib64/libkrb5support.so.0.1
7fedffdf8000-7fedffdf9000 r--p 0000e000 fd:02 95430742                   /usr/lib64/libkrb5support.so.0.1
7fedffdf9000-7fedffdfa000 rw-p 0000f000 fd:02 95430742                   /usr/lib64/libkrb5support.so.0.1
7fedffe00000-7fedffe1d000 r--p 00000000 00:35 3080161910                 /cvmfs/cms.cern.ch/slc7_amd64_gcc10/external/gcc/10.3.0-84898dea653199466402e67d73657f10/lib64/libgfortran.so.5.0.0
7fedffe1d000-7fee00081000 r-xp 0001d000 00:35 3080161910                 /cvmfs/cms.cern.ch/slc7_amd64_gcc10/external/gcc/10.3.0-84898dea653199466402e67d73657f10/lib64/libgfortran.so.5.0.0
7fee00081000-7fee000b3000 r--p 00281000 00:35 3080161910                 /cvmfs/cms.cern.ch/slc7_amd64_gcc10/external/gcc/10.3.0-84898dea653199466402e67d73657f10/lib64/libgfortran.so.5.0.0
7fee000b3000-7fee000b4000 ---p 002b3000 00:35 3080161910                 /cvmfs/cms.cern.ch/slc7_amd64_gcc10/external/gcc/10.3.0-84898dea653199466402e67d73657f10/lib64/libgfortran.so.5.0.0
7fee000b4000-7fee000b5000 r--p 002b3000 00:35 3080161910                 /cvmfs/cms.cern.ch/slc7_amd64_gcc10/external/gcc/10.3.0-84898dea653199466402e67d73657f10/lib64/libgfortran.so.5.0.0
7fee000b5000-7fee000b7000 rw-p 002b4000 00:35 3080161910                 /cvmfs/cms.cern.ch/slc7_amd64_gcc10/external/gcc/10.3.0-84898dea653199466402e67d73657f10/lib64/libgfortran.so.5.0.0
7fee000da000-7fee000db000 r--p 00000000 00:35 2801636633                 /cvmfs/cms.cern.ch/slc7_amd64_gcc10/external/md5/1.0.0-0440f43b57c5656322f7cd7a65f85771/lib/libcms-md5.so
7fee000db000-7fee000dd000 r-xp 00001000 00:35 2801636633                 /cvmfs/cms.cern.ch/slc7_amd64_gcc10/external/md5/1.0.0-0440f43b57c5656322f7cd7a65f85771/lib/libcms-md5.so
7fee000dd000-7fee000de000 r--p 00003000 00:35 2801636633                 /cvmfs/cms.cern.ch/slc7_amd64_gcc10/external/md5/1.0.0-0440f43b57c5656322f7cd7a65f85771/lib/libcms-md5.so
7fee000de000-7fee000df000 r--p 00003000 00:35 2801636633                 /cvmfs/cms.cern.ch/slc7_amd64_gcc10/external/md5/1.0.0-0440f43b57c5656322f7cd7a65f85771/lib/libcms-md5.so
7fee000df000-7fee000e0000 rw-p 00004000 00:35 2801636633                 /cvmfs/cms.cern.ch/slc7_amd64_gcc10/external/md5/1.0.0-0440f43b57c5656322f7cd7a65f85771/lib/libcms-md5.so
7fee000e2000-7fee000e4000 r--p 00000000 00:35 2801589932                 /cvmfs/cms.cern.ch/slc7_amd64_gcc10/external/libuuid/2.34-fe91b21b8e54a48f2d45894d9da65f14/lib64/libuuid.so.1
7fee000e4000-7fee000e8000 r-xp 00002000 00:35 2801589932                 /cvmfs/cms.cern.ch/slc7_amd64_gcc10/external/libuuid/2.34-fe91b21b8e54a48f2d45894d9da65f14/lib64/libuuid.so.1
7fee000e8000-7fee000e9000 r--p 00006000 00:35 2801589932                 /cvmfs/cms.cern.ch/slc7_amd64_gcc10/external/libuuid/2.34-fe91b21b8e54a48f2d45894d9da65f14/lib64/libuuid.so.1
7fee000e9000-7fee000ea000 r--p 00006000 00:35 2801589932                 /cvmfs/cms.cern.ch/slc7_amd64_gcc10/external/libuuid/2.34-fe91b21b8e54a48f2d45894d9da65f14/lib64/libuuid.so.1
7fee000ea000-7fee000eb000 rw-p 00007000 00:35 2801589932                 /cvmfs/cms.cern.ch/slc7_amd64_gcc10/external/libuuid/2.34-fe91b21b8e54a48f2d45894d9da65f14/lib64/libuuid.so.1
7fee000f2000-7fee000fa000 r--p 00000000 00:35 2801624555                 /cvmfs/cms.cern.ch/slc7_amd64_gcc10/external/boost/1.78.0-850e5328ab465746724c19b2301f9b35/lib/libboost_thread.so.1.78.0
7fee000fa000-7fee00106000 r-xp 00008000 00:35 2801624555                 /cvmfs/cms.cern.ch/slc7_amd64_gcc10/external/boost/1.78.0-850e5328ab465746724c19b2301f9b35/lib/libboost_thread.so.1.78.0
7fee00106000-7fee0010b000 r--p 00014000 00:35 2801624555                 /cvmfs/cms.cern.ch/slc7_amd64_gcc10/external/boost/1.78.0-850e5328ab465746724c19b2301f9b35/lib/libboost_thread.so.1.78.0
7fee0010b000-7fee0010d000 r--p 00018000 00:35 2801624555                 /cvmfs/cms.cern.ch/slc7_amd64_gcc10/external/boost/1.78.0-850e5328ab465746724c19b2301f9b35/lib/libboost_thread.so.1.78.0
7fee0010d000-7fee0010e000 rw-p 0001a000 00:35 2801624555                 /cvmfs/cms.cern.ch/slc7_amd64_gcc10/external/boost/1.78.0-850e5328ab465746724c19b2301f9b35/lib/libboost_thread.so.1.78.0
7fee00112000-7fee00134000 r--p 00000000 00:35 2798946408                 /cvmfs/cms.cern.ch/slc7_amd64_gcc10/lcg/root/6.24.07-3ea108fb48fc7b8bb2960269f724c0d6/lib/ROOT_Config.pcm
7fee0013a000-7fee00281000 r--p 00000000 00:35 2798947030                 /cvmfs/cms.cern.ch/slc7_amd64_gcc10/lcg/root/6.24.07-3ea108fb48fc7b8bb2960269f724c0d6/lib/libc.pcm
7fee00282000-7fee002b3000 r-xp 00000000 fd:02 95430730                   /usr/lib64/libk5crypto.so.3.1
7fee002b3000-7fee004b2000 ---p 00031000 fd:02 95430730                   /usr/lib64/libk5crypto.so.3.1
7fee004b2000-7fee004b4000 r--p 00030000 fd:02 95430730                   /usr/lib64/libk5crypto.so.3.1
7fee004b4000-7fee004b5000 rw-p 00032000 fd:02 95430730                   /usr/lib64/libk5crypto.so.3.1
7fee004ba000-7fee004bd000 r-xp 00000000 fd:02 95430653                   /usr/lib64/libcom_err.so.2.1
7fee004bd000-7fee006bc000 ---p 00003000 fd:02 95430653                   /usr/lib64/libcom_err.so.2.1
7fee006bc000-7fee006bd000 r--p 00002000 fd:02 95430653                   /usr/lib64/libcom_err.so.2.1
7fee006bd000-7fee006be000 rw-p 00003000 fd:02 95430653                   /usr/lib64/libcom_err.so.2.1
7fee006c2000-7fee0079b000 r-xp 00000000 fd:02 95430740                   /usr/lib64/libkrb5.so.3.3
7fee0079b000-7fee0099a000 ---p 000d9000 fd:02 95430740                   /usr/lib64/libkrb5.so.3.3
7fee0099a000-7fee009a8000 r--p 000d8000 fd:02 95430740                   /usr/lib64/libkrb5.so.3.3
7fee009a8000-7fee009ab000 rw-p 000e6000 fd:02 95430740                   /usr/lib64/libkrb5.so.3.3
7fee009b2000-7fee009fc000 r-xp 00000000 fd:02 95430716                   /usr/lib64/libgssapi_krb5.so.2.2
7fee009fc000-7fee00bfc000 ---p 0004a000 fd:02 95430716                   /usr/lib64/libgssapi_krb5.so.2.2
7fee00bfc000-7fee00bfd000 r--p 0004a000 fd:02 95430716                   /usr/lib64/libgssapi_krb5.so.2.2
7fee00bfd000-7fee00bff000 rw-p 0004b000 fd:02 95430716                   /usr/lib64/libgssapi_krb5.so.2.2
7fee00c00000-7fee00c7a000 r--p 00000000 00:35 3085347302                 /cvmfs/cms.cern.ch/slc7_amd64_gcc10/external/OpenBLAS/0.3.15-4b9e74563ec999425816b833afc2b93a/lib/libopenblas_core2p-r0.3.15.so
7fee00c7a000-7fee0175b000 r-xp 0007a000 00:35 3085347302                 /cvmfs/cms.cern.ch/slc7_amd64_gcc10/external/OpenBLAS/0.3.15-4b9e74563ec999425816b833afc2b93a/lib/libopenblas_core2p-r0.3.15.so
7fee0175b000-7fee018ca000 r--p 00b5b000 00:35 3085347302                 /cvmfs/cms.cern.ch/slc7_amd64_gcc10/external/OpenBLAS/0.3.15-4b9e74563ec999425816b833afc2b93a/lib/libopenblas_core2p-r0.3.15.so
7fee018ca000-7fee018cb000 ---p 00cca000 00:35 3085347302                 /cvmfs/cms.cern.ch/slc7_amd64_gcc10/external/OpenBLAS/0.3.15-4b9e74563ec999425816b833afc2b93a/lib/libopenblas_core2p-r0.3.15.so
7fee018cb000-7fee018d1000 r--p 00cca000 00:35 3085347302                 /cvmfs/cms.cern.ch/slc7_amd64_gcc10/external/OpenBLAS/0.3.15-4b9e74563ec999425816b833afc2b93a/lib/libopenblas_core2p-r0.3.15.so
7fee018d1000-7fee018db000 rw-p 00cd0000 00:35 3085347302                 /cvmfs/cms.cern.ch/slc7_amd64_gcc10/external/OpenBLAS/0.3.15-4b9e74563ec999425816b833afc2b93a/lib/libopenblas_core2p-r0.3.15.so
7fee018db000-7fee018f0000 rw-p 00000000 00:00 0 
7fee018f2000-7fee018f4000 r--p 00000000 00:35 2801611062                 /cvmfs/cms.cern.ch/slc7_amd64_gcc10/external/bz2lib/1.0.6-86270889250d9cb8193d1963706a39cb/lib/libbz2.so.1.0.6
7fee018f4000-7fee01901000 r-xp 00002000 00:35 2801611062                 /cvmfs/cms.cern.ch/slc7_amd64_gcc10/external/bz2lib/1.0.6-86270889250d9cb8193d1963706a39cb/lib/libbz2.so.1.0.6
7fee01901000-7fee01903000 r--p 0000f000 00:35 2801611062                 /cvmfs/cms.cern.ch/slc7_amd64_gcc10/external/bz2lib/1.0.6-86270889250d9cb8193d1963706a39cb/lib/libbz2.so.1.0.6
7fee01903000-7fee01904000 r--p 00010000 00:35 2801611062                 /cvmfs/cms.cern.ch/slc7_amd64_gcc10/external/bz2lib/1.0.6-86270889250d9cb8193d1963706a39cb/lib/libbz2.so.1.0.6
7fee01904000-7fee01905000 rw-p 00011000 00:35 2801611062                 /cvmfs/cms.cern.ch/slc7_amd64_gcc10/external/bz2lib/1.0.6-86270889250d9cb8193d1963706a39cb/lib/libbz2.so.1.0.6
7fee0190a000-7fee0190b000 r--p 00000000 00:35 3085378844                 /cvmfs/cms.cern.ch/slc7_amd64_gcc10/external/boost/1.78.0-850e5328ab465746724c19b2301f9b35/lib/libboost_date_time.so.1.78.0
7fee0190b000-7fee0190c000 r-xp 00001000 00:35 3085378844                 /cvmfs/cms.cern.ch/slc7_amd64_gcc10/external/boost/1.78.0-850e5328ab465746724c19b2301f9b35/lib/libboost_date_time.so.1.78.0
7fee0190c000-7fee0190d000 r--p 00002000 00:35 3085378844                 /cvmfs/cms.cern.ch/slc7_amd64_gcc10/external/boost/1.78.0-850e5328ab465746724c19b2301f9b35/lib/libboost_date_time.so.1.78.0
7fee0190d000-7fee0190e000 r--p 00002000 00:35 3085378844                 /cvmfs/cms.cern.ch/slc7_amd64_gcc10/external/boost/1.78.0-850e5328ab465746724c19b2301f9b35/lib/libboost_date_time.so.1.78.0
7fee0190e000-7fee0190f000 rw-p 00003000 00:35 3085378844                 /cvmfs/cms.cern.ch/slc7_amd64_gcc10/external/boost/1.78.0-850e5328ab465746724c19b2301f9b35/lib/libboost_date_time.so.1.78.0
7fee01912000-7fee0193a000 r--p 00000000 00:35 2798946387                 /cvmfs/cms.cern.ch/slc7_amd64_gcc10/lcg/root/6.24.07-3ea108fb48fc7b8bb2960269f724c0d6/lib/ROOT_Rtypes.pcm
7fee0193a000-7fee01991000 r--p 00000000 00:35 2798946445                 /cvmfs/cms.cern.ch/slc7_amd64_gcc10/lcg/root/6.24.07-3ea108fb48fc7b8bb2960269f724c0d6/lib/ROOT_Foundation_C.pcm
7fee01992000-7fee019b2000 r--p 00000000 00:35 3081824733                 /cvmfs/cms.cern.ch/slc7_amd64_gcc10/lcg/root/6.24.07-3ea108fb48fc7b8bb2960269f724c0d6/lib/Cling_Runtime_Extra.pcm
7fee019b2000-7fee019fd000 r--p 00000000 00:35 2798947533                 /cvmfs/cms.cern.ch/slc7_amd64_gcc10/lcg/root/6.24.07-3ea108fb48fc7b8bb2960269f724c0d6/lib/modules.idx
7fee01a00000-7fee01a63000 r--p 00000000 00:35 3085341124                 /cvmfs/cms.cern.ch/slc7_amd64_gcc10/external/gsl/2.6-ecfc7aef58d33908eb27131a8549a786/lib/libgsl.so.25.0.0
7fee01a63000-7fee01c3b000 r-xp 00063000 00:35 3085341124                 /cvmfs/cms.cern.ch/slc7_amd64_gcc10/external/gsl/2.6-ecfc7aef58d33908eb27131a8549a786/lib/libgsl.so.25.0.0
7fee01c3b000-7fee01cb6000 r--p 0023b000 00:35 3085341124                 /cvmfs/cms.cern.ch/slc7_amd64_gcc10/external/gsl/2.6-ecfc7aef58d33908eb27131a8549a786/lib/libgsl.so.25.0.0
7fee01cb6000-7fee01cb7000 ---p 002b6000 00:35 3085341124                 /cvmfs/cms.cern.ch/slc7_amd64_gcc10/external/gsl/2.6-ecfc7aef58d33908eb27131a8549a786/lib/libgsl.so.25.0.0
7fee01cb7000-7fee01cbb000 r--p 002b6000 00:35 3085341124                 /cvmfs/cms.cern.ch/slc7_amd64_gcc10/external/gsl/2.6-ecfc7aef58d33908eb27131a8549a786/lib/libgsl.so.25.0.0
7fee01cbb000-7fee01ccd000 rw-p 002ba000 00:35 3085341124                 /cvmfs/cms.cern.ch/slc7_amd64_gcc10/external/gsl/2.6-ecfc7aef58d33908eb27131a8549a786/lib/libgsl.so.25.0.0
7fee01cd2000-7fee01d4b000 r--p 00000000 00:35 2798945335                 /cvmfs/cms.cern.ch/slc7_amd64_gcc10/lcg/root/6.24.07-3ea108fb48fc7b8bb2960269f724c0d6/lib/Genetic.pcm
7fee01d52000-7fee01d74000 r--p 00000000 00:35 2798944155                 /cvmfs/cms.cern.ch/slc7_amd64_gcc10/lcg/root/6.24.07-3ea108fb48fc7b8bb2960269f724c0d6/lib/Cling_Runtime.pcm
7fee01d7a000-7fee01d8b000 r--p 00000000 00:35 3081825323                 /cvmfs/cms.cern.ch/slc7_amd64_gcc10/lcg/root/6.24.07-3ea108fb48fc7b8bb2960269f724c0d6/lib/_Builtin_stddef_max_align_t.pcm
7fee01d8d000-7fee01db9000 rw-p 00000000 00:00 0 
7fee01dc2000-7fee01dca000 r--p 00000000 00:35 3085255037                 /cvmfs/cms.cern.ch/slc7_amd64_gcc10/cms/cmssw/CMSSW_12_6_3/lib/slc7_amd64_gcc10/libFWCoreReflection.so
7fee01dca000-7fee01dda000 r-xp 00008000 00:35 3085255037                 /cvmfs/cms.cern.ch/slc7_amd64_gcc10/cms/cmssw/CMSSW_12_6_3/lib/slc7_amd64_gcc10/libFWCoreReflection.so
7fee01dda000-7fee01de0000 r--p 00018000 00:35 3085255037                 /cvmfs/cms.cern.ch/slc7_amd64_gcc10/cms/cmssw/CMSSW_12_6_3/lib/slc7_amd64_gcc10/libFWCoreReflection.so
7fee01de0000-7fee01de1000 r--p 0001d000 00:35 3085255037                 /cvmfs/cms.cern.ch/slc7_amd64_gcc10/cms/cmssw/CMSSW_12_6_3/lib/slc7_amd64_gcc10/libFWCoreReflection.so
7fee01de1000-7fee01de2000 rw-p 0001e000 00:35 3085255037                 /cvmfs/cms.cern.ch/slc7_amd64_gcc10/cms/cmssw/CMSSW_12_6_3/lib/slc7_amd64_gcc10/libFWCoreReflection.so
7fee01de2000-7fee01de3000 rw-p 00000000 00:00 0 
7fee01dea000-7fee01e0a000 rw-p 00000000 00:00 0 
7fee01e0a000-7fee01e0d000 r--p 00000000 00:35 3080161890                 /cvmfs/cms.cern.ch/slc7_amd64_gcc10/external/gcc/10.3.0-84898dea653199466402e67d73657f10/lib64/libquadmath.so.0.0.0
7fee01e0d000-7fee01e39000 r-xp 00003000 00:35 3080161890                 /cvmfs/cms.cern.ch/slc7_amd64_gcc10/external/gcc/10.3.0-84898dea653199466402e67d73657f10/lib64/libquadmath.so.0.0.0
7fee01e39000-7fee01e51000 r--p 0002f000 00:35 3080161890                 /cvmfs/cms.cern.ch/slc7_amd64_gcc10/external/gcc/10.3.0-84898dea653199466402e67d73657f10/lib64/libquadmath.so.0.0.0
7fee01e51000-7fee01e52000 r--p 00046000 00:35 3080161890                 /cvmfs/cms.cern.ch/slc7_amd64_gcc10/external/gcc/10.3.0-84898dea653199466402e67d73657f10/lib64/libquadmath.so.0.0.0
7fee01e52000-7fee01e53000 rw-p 00047000 00:35 3080161890                 /cvmfs/cms.cern.ch/slc7_amd64_gcc10/external/gcc/10.3.0-84898dea653199466402e67d73657f10/lib64/libquadmath.so.0.0.0
7fee01e5a000-7fee01e83000 r--p 00000000 00:35 3081825320                 /cvmfs/cms.cern.ch/slc7_amd64_gcc10/lcg/root/6.24.07-3ea108fb48fc7b8bb2960269f724c0d6/lib/libROOTNTuple.so
7fee01e83000-7fee01edb000 r-xp 00029000 00:35 3081825320                 /cvmfs/cms.cern.ch/slc7_amd64_gcc10/lcg/root/6.24.07-3ea108fb48fc7b8bb2960269f724c0d6/lib/libROOTNTuple.so
7fee01edb000-7fee01eee000 r--p 00081000 00:35 3081825320                 /cvmfs/cms.cern.ch/slc7_amd64_gcc10/lcg/root/6.24.07-3ea108fb48fc7b8bb2960269f724c0d6/lib/libROOTNTuple.so
7fee01eee000-7fee01ef1000 r--p 00093000 00:35 3081825320                 /cvmfs/cms.cern.ch/slc7_amd64_gcc10/lcg/root/6.24.07-3ea108fb48fc7b8bb2960269f724c0d6/lib/libROOTNTuple.so
7fee01ef1000-7fee01ef2000 rw-p 00096000 00:35 3081825320                 /cvmfs/cms.cern.ch/slc7_amd64_gcc10/lcg/root/6.24.07-3ea108fb48fc7b8bb2960269f724c0d6/lib/libROOTNTuple.so
7fee01ef2000-7fee01efe000 r--p 00000000 00:35 3085347267                 /cvmfs/cms.cern.ch/slc7_amd64_gcc10/external/freetype/2.10.0-24d43b8f20cfbedd85c25c7fe8afff46/lib/libfreetype.so.6.17.0
7fee01efe000-7fee01f6e000 r-xp 0000c000 00:35 3085347267                 /cvmfs/cms.cern.ch/slc7_amd64_gcc10/external/freetype/2.10.0-24d43b8f20cfbedd85c25c7fe8afff46/lib/libfreetype.so.6.17.0
7fee01f6e000-7fee01f97000 r--p 0007c000 00:35 3085347267                 /cvmfs/cms.cern.ch/slc7_amd64_gcc10/external/freetype/2.10.0-24d43b8f20cfbedd85c25c7fe8afff46/lib/libfreetype.so.6.17.0
7fee01f97000-7fee01f98000 ---p 000a5000 00:35 3085347267                 /cvmfs/cms.cern.ch/slc7_amd64_gcc10/external/freetype/2.10.0-24d43b8f20cfbedd85c25c7fe8afff46/lib/libfreetype.so.6.17.0
7fee01f98000-7fee01f9f000 r--p 000a5000 00:35 3085347267                 /cvmfs/cms.cern.ch/slc7_amd64_gcc10/external/freetype/2.10.0-24d43b8f20cfbedd85c25c7fe8afff46/lib/libfreetype.so.6.17.0
7fee01f9f000-7fee01fa0000 rw-p 000ac000 00:35 3085347267                 /cvmfs/cms.cern.ch/slc7_amd64_gcc10/external/freetype/2.10.0-24d43b8f20cfbedd85c25c7fe8afff46/lib/libfreetype.so.6.17.0
7fee01fa2000-7fee021d9000 r-xp 00000000 fd:02 95430658                   /usr/lib64/libcrypto.so.1.0.2k
7fee021d9000-7fee023d8000 ---p 00237000 fd:02 95430658                   /usr/lib64/libcrypto.so.1.0.2k
7fee023d8000-7fee023f4000 r--p 00236000 fd:02 95430658                   /usr/lib64/libcrypto.so.1.0.2k
7fee023f4000-7fee02401000 rw-p 00252000 fd:02 95430658                   /usr/lib64/libcrypto.so.1.0.2k
7fee02401000-7fee02405000 rw-p 00000000 00:00 0 
7fee0240a000-7fee02471000 r-xp 00000000 fd:02 95430870                   /usr/lib64/libssl.so.1.0.2k
7fee02471000-7fee02671000 ---p 00067000 fd:02 95430870                   /usr/lib64/libssl.so.1.0.2k
7fee02671000-7fee02675000 r--p 00067000 fd:02 95430870                   /usr/lib64/libssl.so.1.0.2k
7fee02675000-7fee0267c000 rw-p 0006b000 fd:02 95430870                   /usr/lib64/libssl.so.1.0.2k
7fee02682000-7fee0268d000 r--p 00000000 00:35 3085347212                 /cvmfs/cms.cern.ch/slc7_amd64_gcc10/external/tbb/v2021.5.0-36aff7df349e0716374b1668ccd18e17/lib/libtbb.so.12.5
7fee0268d000-7fee026ab000 r-xp 0000b000 00:35 3085347212                 /cvmfs/cms.cern.ch/slc7_amd64_gcc10/external/tbb/v2021.5.0-36aff7df349e0716374b1668ccd18e17/lib/libtbb.so.12.5
7fee026ab000-7fee026b5000 r--p 00029000 00:35 3085347212                 /cvmfs/cms.cern.ch/slc7_amd64_gcc10/external/tbb/v2021.5.0-36aff7df349e0716374b1668ccd18e17/lib/libtbb.so.12.5
7fee026b5000-7fee026b6000 ---p 00033000 00:35 3085347212                 /cvmfs/cms.cern.ch/slc7_amd64_gcc10/external/tbb/v2021.5.0-36aff7df349e0716374b1668ccd18e17/lib/libtbb.so.12.5
7fee026b6000-7fee026b7000 r--p 00033000 00:35 3085347212                 /cvmfs/cms.cern.ch/slc7_amd64_gcc10/external/tbb/v2021.5.0-36aff7df349e0716374b1668ccd18e17/lib/libtbb.so.12.5
7fee026b7000-7fee026ba000 rw-p 00034000 00:35 3085347212                 /cvmfs/cms.cern.ch/slc7_amd64_gcc10/external/tbb/v2021.5.0-36aff7df349e0716374b1668ccd18e17/lib/libtbb.so.12.5
7fee026ba000-7fee026d0000 rw-p 00000000 00:00 0 
7fee026d2000-7fee026db000 r--p 00000000 00:35 3085347028                 /cvmfs/cms.cern.ch/slc7_amd64_gcc10/external/zstd/1.4.5-532bbea4f73669d8f80e2005b3a6e942/lib/libzstd.so.1.4.5
7fee026db000-7fee02772000 r-xp 00009000 00:35 3085347028                 /cvmfs/cms.cern.ch/slc7_amd64_gcc10/external/zstd/1.4.5-532bbea4f73669d8f80e2005b3a6e942/lib/libzstd.so.1.4.5
7fee02772000-7fee02780000 r--p 000a0000 00:35 3085347028                 /cvmfs/cms.cern.ch/slc7_amd64_gcc10/external/zstd/1.4.5-532bbea4f73669d8f80e2005b3a6e942/lib/libzstd.so.1.4.5
7fee02780000-7fee02781000 r--p 000ad000 00:35 3085347028                 /cvmfs/cms.cern.ch/slc7_amd64_gcc10/external/zstd/1.4.5-532bbea4f73669d8f80e2005b3a6e942/lib/libzstd.so.1.4.5
7fee02781000-7fee02782000 rw-p 000ae000 00:35 3085347028                 /cvmfs/cms.cern.ch/slc7_amd64_gcc10/external/zstd/1.4.5-532bbea4f73669d8f80e2005b3a6e942/lib/libzstd.so.1.4.5
7fee02782000-7fee02784000 r--p 00000000 00:35 3058012365                 /cvmfs/cms.cern.ch/slc7_amd64_gcc10/external/lz4/1.9.2-373b1f6c80ba13e93f436c77aa63c026/lib/liblz4.so.1.9.2
7fee02784000-7fee027ae000 r-xp 00002000 00:35 3058012365                 /cvmfs/cms.cern.ch/slc7_amd64_gcc10/external/lz4/1.9.2-373b1f6c80ba13e93f436c77aa63c026/lib/liblz4.so.1.9.2
7fee027ae000-7fee027b1000 r--p 0002c000 00:35 3058012365                 /cvmfs/cms.cern.ch/slc7_amd64_gcc10/external/lz4/1.9.2-373b1f6c80ba13e93f436c77aa63c026/lib/liblz4.so.1.9.2
7fee027b1000-7fee027b2000 r--p 0002e000 00:35 3058012365                 /cvmfs/cms.cern.ch/slc7_amd64_gcc10/external/lz4/1.9.2-373b1f6c80ba13e93f436c77aa63c026/lib/liblz4.so.1.9.2
7fee027b2000-7fee027b3000 rw-p 0002f000 00:35 3058012365                 /cvmfs/cms.cern.ch/slc7_amd64_gcc10/external/lz4/1.9.2-373b1f6c80ba13e93f436c77aa63c026/lib/liblz4.so.1.9.2
7fee027ba000-7fee0297e000 r-xp 00000000 fd:02 95430644                   /usr/lib64/libc-2.17.so
7fee0297e000-7fee02b7d000 ---p 001c4000 fd:02 95430644                   /usr/lib64/libc-2.17.so
7fee02b7d000-7fee02b81000 r--p 001c3000 fd:02 95430644                   /usr/lib64/libc-2.17.so
7fee02b81000-7fee02b83000 rw-p 001c7000 fd:02 95430644                   /usr/lib64/libc-2.17.so
7fee02b83000-7fee02b88000 rw-p 00000000 00:00 0 
7fee02b8a000-7fee02ba1000 r-xp 00000000 fd:02 95430833                   /usr/lib64/libpthread-2.17.so
7fee02ba1000-7fee02da0000 ---p 00017000 fd:02 95430833                   /usr/lib64/libpthread-2.17.so
7fee02da0000-7fee02da1000 r--p 00016000 fd:02 95430833                   /usr/lib64/libpthread-2.17.so
7fee02da1000-7fee02da2000 rw-p 00017000 fd:02 95430833                   /usr/lib64/libpthread-2.17.so
7fee02da2000-7fee02da6000 rw-p 00000000 00:00 0 
7fee02daa000-7fee02eab000 r-xp 00000000 fd:02 95430756                   /usr/lib64/libm-2.17.so
7fee02eab000-7fee030aa000 ---p 00101000 fd:02 95430756                   /usr/lib64/libm-2.17.so
7fee030aa000-7fee030ab000 r--p 00100000 fd:02 95430756                   /usr/lib64/libm-2.17.so
7fee030ab000-7fee030ac000 rw-p 00101000 fd:02 95430756                   /usr/lib64/libm-2.17.so
7fee030b2000-7fee03148000 r--p 00000000 00:35 2801589509                 /cvmfs/cms.cern.ch/slc7_amd64_gcc10/external/gcc/10.3.0-84898dea653199466402e67d73657f10/lib64/libstdc++.so.6.0.28
7fee03148000-7fee03225000 r-xp 00096000 00:35 2801589509                 /cvmfs/cms.cern.ch/slc7_amd64_gcc10/external/gcc/10.3.0-84898dea653199466402e67d73657f10/lib64/libstdc++.so.6.0.28
7fee03225000-7fee0326f000 r--p 00173000 00:35 2801589509                 /cvmfs/cms.cern.ch/slc7_amd64_gcc10/external/gcc/10.3.0-84898dea653199466402e67d73657f10/lib64/libstdc++.so.6.0.28
7fee0326f000-7fee0327a000 r--p 001bc000 00:35 2801589509                 /cvmfs/cms.cern.ch/slc7_amd64_gcc10/external/gcc/10.3.0-84898dea653199466402e67d73657f10/lib64/libstdc++.so.6.0.28
7fee0327a000-7fee0327d000 rw-p 001c7000 00:35 2801589509                 /cvmfs/cms.cern.ch/slc7_amd64_gcc10/external/gcc/10.3.0-84898dea653199466402e67d73657f10/lib64/libstdc++.so.6.0.28
7fee0327d000-7fee03280000 rw-p 00000000 00:00 0 
7fee03282000-7fee032b3000 r--p 00000000 00:35 3081825477                 /cvmfs/cms.cern.ch/slc7_amd64_gcc10/lcg/root/6.24.07-3ea108fb48fc7b8bb2960269f724c0d6/lib/libMathMore.so
7fee032b3000-7fee032fc000 r-xp 00031000 00:35 3081825477                 /cvmfs/cms.cern.ch/slc7_amd64_gcc10/lcg/root/6.24.07-3ea108fb48fc7b8bb2960269f724c0d6/lib/libMathMore.so
7fee032fc000-7fee03315000 r--p 0007a000 00:35 3081825477                 /cvmfs/cms.cern.ch/slc7_amd64_gcc10/lcg/root/6.24.07-3ea108fb48fc7b8bb2960269f724c0d6/lib/libMathMore.so
7fee03315000-7fee03316000 ---p 00093000 00:35 3081825477                 /cvmfs/cms.cern.ch/slc7_amd64_gcc10/lcg/root/6.24.07-3ea108fb48fc7b8bb2960269f724c0d6/lib/libMathMore.so
7fee03316000-7fee0331a000 r--p 00093000 00:35 3081825477                 /cvmfs/cms.cern.ch/slc7_amd64_gcc10/lcg/root/6.24.07-3ea108fb48fc7b8bb2960269f724c0d6/lib/libMathMore.so
7fee0331a000-7fee0331c000 rw-p 00097000 00:35 3081825477                 /cvmfs/cms.cern.ch/slc7_amd64_gcc10/lcg/root/6.24.07-3ea108fb48fc7b8bb2960269f724c0d6/lib/libMathMore.so
7fee0331c000-7fee03320000 rw-p 00000000 00:00 0 
7fee03322000-7fee03324000 r-xp 00000000 fd:02 95430671                   /usr/lib64/libdl-2.17.so
7fee03324000-7fee03524000 ---p 00002000 fd:02 95430671                   /usr/lib64/libdl-2.17.so
7fee03524000-7fee03525000 r--p 00002000 fd:02 95430671                   /usr/lib64/libdl-2.17.so
7fee03525000-7fee03526000 rw-p 00003000 fd:02 95430671                   /usr/lib64/libdl-2.17.so
7fee0352a000-7fee03562000 r--p 00000000 00:35 3081829255                 /cvmfs/cms.cern.ch/slc7_amd64_gcc10/lcg/root/6.24.07-3ea108fb48fc7b8bb2960269f724c0d6/lib/libROOTDataFrame.so
7fee03562000-7fee035d9000 r-xp 00038000 00:35 3081829255                 /cvmfs/cms.cern.ch/slc7_amd64_gcc10/lcg/root/6.24.07-3ea108fb48fc7b8bb2960269f724c0d6/lib/libROOTDataFrame.so
7fee035d9000-7fee035f6000 r--p 000af000 00:35 3081829255                 /cvmfs/cms.cern.ch/slc7_amd64_gcc10/lcg/root/6.24.07-3ea108fb48fc7b8bb2960269f724c0d6/lib/libROOTDataFrame.so
7fee035f6000-7fee035f7000 ---p 000cc000 00:35 3081829255                 /cvmfs/cms.cern.ch/slc7_amd64_gcc10/lcg/root/6.24.07-3ea108fb48fc7b8bb2960269f724c0d6/lib/libROOTDataFrame.so
7fee035f7000-7fee035fa000 r--p 000cc000 00:35 3081829255                 /cvmfs/cms.cern.ch/slc7_amd64_gcc10/lcg/root/6.24.07-3ea108fb48fc7b8bb2960269f724c0d6/lib/libROOTDataFrame.so
7fee035fa000-7fee035fb000 rw-p 000cf000 00:35 3081829255                 /cvmfs/cms.cern.ch/slc7_amd64_gcc10/lcg/root/6.24.07-3ea108fb48fc7b8bb2960269f724c0d6/lib/libROOTDataFrame.so
7fee035fb000-7fee035ff000 rw-p 00000000 00:00 0 
7fee03600000-7fee03674000 r--p 00000000 00:35 3081825862                 /cvmfs/cms.cern.ch/slc7_amd64_gcc10/lcg/root/6.24.07-3ea108fb48fc7b8bb2960269f724c0d6/lib/libMathCore.so
7fee03674000-7fee03756000 r-xp 00074000 00:35 3081825862                 /cvmfs/cms.cern.ch/slc7_amd64_gcc10/lcg/root/6.24.07-3ea108fb48fc7b8bb2960269f724c0d6/lib/libMathCore.so
7fee03756000-7fee0381c000 r--p 00156000 00:35 3081825862                 /cvmfs/cms.cern.ch/slc7_amd64_gcc10/lcg/root/6.24.07-3ea108fb48fc7b8bb2960269f724c0d6/lib/libMathCore.so
7fee0381c000-7fee0381d000 ---p 0021c000 00:35 3081825862                 /cvmfs/cms.cern.ch/slc7_amd64_gcc10/lcg/root/6.24.07-3ea108fb48fc7b8bb2960269f724c0d6/lib/libMathCore.so
7fee0381d000-7fee03827000 r--p 0021c000 00:35 3081825862                 /cvmfs/cms.cern.ch/slc7_amd64_gcc10/lcg/root/6.24.07-3ea108fb48fc7b8bb2960269f724c0d6/lib/libMathCore.so
7fee03827000-7fee03829000 rw-p 00226000 00:35 3081825862                 /cvmfs/cms.cern.ch/slc7_amd64_gcc10/lcg/root/6.24.07-3ea108fb48fc7b8bb2960269f724c0d6/lib/libMathCore.so
7fee03829000-7fee03833000 rw-p 00000000 00:00 0 
7fee0383a000-7fee0383d000 r--p 00000000 00:35 2801589944                 /cvmfs/cms.cern.ch/slc7_amd64_gcc10/external/zlib/1.2.11-71514f01d2850dfd0bcd391557259a58/lib/libz.so.1.2.8
7fee0383d000-7fee0384e000 r-xp 00003000 00:35 2801589944                 /cvmfs/cms.cern.ch/slc7_amd64_gcc10/external/zlib/1.2.11-71514f01d2850dfd0bcd391557259a58/lib/libz.so.1.2.8
7fee0384e000-7fee03854000 r--p 00014000 00:35 2801589944                 /cvmfs/cms.cern.ch/slc7_amd64_gcc10/external/zlib/1.2.11-71514f01d2850dfd0bcd391557259a58/lib/libz.so.1.2.8
7fee03854000-7fee03855000 ---p 0001a000 00:35 2801589944                 /cvmfs/cms.cern.ch/slc7_amd64_gcc10/external/zlib/1.2.11-71514f01d2850dfd0bcd391557259a58/lib/libz.so.1.2.8
7fee03855000-7fee03856000 r--p 0001a000 00:35 2801589944                 /cvmfs/cms.cern.ch/slc7_amd64_gcc10/external/zlib/1.2.11-71514f01d2850dfd0bcd391557259a58/lib/libz.so.1.2.8
7fee03856000-7fee03857000 rw-p 0001b000 00:35 2801589944                 /cvmfs/cms.cern.ch/slc7_amd64_gcc10/external/zlib/1.2.11-71514f01d2850dfd0bcd391557259a58/lib/libz.so.1.2.8
7fee0385a000-7fee0385d000 r--p 00000000 00:35 2801590065                 /cvmfs/cms.cern.ch/slc7_amd64_gcc10/external/xz/5.2.5-d6fed2038c4e8d6e04531d1adba59f37/lib/liblzma.so.5.2.5
7fee0385d000-7fee03877000 r-xp 00003000 00:35 2801590065                 /cvmfs/cms.cern.ch/slc7_amd64_gcc10/external/xz/5.2.5-d6fed2038c4e8d6e04531d1adba59f37/lib/liblzma.so.5.2.5
7fee03877000-7fee03882000 r--p 0001d000 00:35 2801590065                 /cvmfs/cms.cern.ch/slc7_amd64_gcc10/external/xz/5.2.5-d6fed2038c4e8d6e04531d1adba59f37/lib/liblzma.so.5.2.5
7fee03882000-7fee03883000 ---p 00028000 00:35 2801590065                 /cvmfs/cms.cern.ch/slc7_amd64_gcc10/external/xz/5.2.5-d6fed2038c4e8d6e04531d1adba59f37/lib/liblzma.so.5.2.5
7fee03883000-7fee03884000 r--p 00028000 00:35 2801590065                 /cvmfs/cms.cern.ch/slc7_amd64_gcc10/external/xz/5.2.5-d6fed2038c4e8d6e04531d1adba59f37/lib/liblzma.so.5.2.5
7fee03884000-7fee03885000 rw-p 00029000 00:35 2801590065                 /cvmfs/cms.cern.ch/slc7_amd64_gcc10/external/xz/5.2.5-d6fed2038c4e8d6e04531d1adba59f37/lib/liblzma.so.5.2.5
7fee0388a000-7fee0388c000 r--p 00000000 00:35 3057995323                 /cvmfs/cms.cern.ch/slc7_amd64_gcc10/external/pcre/8.43-28d54724578a9006cf0dca75629374e3/lib/libpcre.so.1.2.11
7fee0388c000-7fee038b4000 r-xp 00002000 00:35 3057995323                 /cvmfs/cms.cern.ch/slc7_amd64_gcc10/external/pcre/8.43-28d54724578a9006cf0dca75629374e3/lib/libpcre.so.1.2.11
7fee038b4000-7fee038cd000 r--p 0002a000 00:35 3057995323                 /cvmfs/cms.cern.ch/slc7_amd64_gcc10/external/pcre/8.43-28d54724578a9006cf0dca75629374e3/lib/libpcre.so.1.2.11
7fee038cd000-7fee038ce000 r--p 00042000 00:35 3057995323                 /cvmfs/cms.cern.ch/slc7_amd64_gcc10/external/pcre/8.43-28d54724578a9006cf0dca75629374e3/lib/libpcre.so.1.2.11
7fee038ce000-7fee038cf000 rw-p 00043000 00:35 3057995323                 /cvmfs/cms.cern.ch/slc7_amd64_gcc10/external/pcre/8.43-28d54724578a9006cf0dca75629374e3/lib/libpcre.so.1.2.11
7fee038d2000-7fee03901000 r--p 00000000 00:35 3081825509                 /cvmfs/cms.cern.ch/slc7_amd64_gcc10/lcg/root/6.24.07-3ea108fb48fc7b8bb2960269f724c0d6/lib/libThread.so
7fee03901000-7fee03925000 r-xp 0002f000 00:35 3081825509                 /cvmfs/cms.cern.ch/slc7_amd64_gcc10/lcg/root/6.24.07-3ea108fb48fc7b8bb2960269f724c0d6/lib/libThread.so
7fee03925000-7fee03935000 r--p 00053000 00:35 3081825509                 /cvmfs/cms.cern.ch/slc7_amd64_gcc10/lcg/root/6.24.07-3ea108fb48fc7b8bb2960269f724c0d6/lib/libThread.so
7fee03935000-7fee03939000 r--p 00062000 00:35 3081825509                 /cvmfs/cms.cern.ch/slc7_amd64_gcc10/lcg/root/6.24.07-3ea108fb48fc7b8bb2960269f724c0d6/lib/libThread.so
7fee03939000-7fee0393a000 rw-p 00066000 00:35 3081825509                 /cvmfs/cms.cern.ch/slc7_amd64_gcc10/lcg/root/6.24.07-3ea108fb48fc7b8bb2960269f724c0d6/lib/libThread.so
7fee0393a000-7fee0393c000 rw-p 00000000 00:00 0 
7fee03942000-7fee039a6000 r--p 00000000 00:35 3081829114                 /cvmfs/cms.cern.ch/slc7_amd64_gcc10/lcg/root/6.24.07-3ea108fb48fc7b8bb2960269f724c0d6/lib/libMatrix.so
7fee039a6000-7fee03a7c000 r-xp 00064000 00:35 3081829114                 /cvmfs/cms.cern.ch/slc7_amd64_gcc10/lcg/root/6.24.07-3ea108fb48fc7b8bb2960269f724c0d6/lib/libMatrix.so
7fee03a7c000-7fee03ab2000 r--p 0013a000 00:35 3081829114                 /cvmfs/cms.cern.ch/slc7_amd64_gcc10/lcg/root/6.24.07-3ea108fb48fc7b8bb2960269f724c0d6/lib/libMatrix.so
7fee03ab2000-7fee03aba000 r--p 0016f000 00:35 3081829114                 /cvmfs/cms.cern.ch/slc7_amd64_gcc10/lcg/root/6.24.07-3ea108fb48fc7b8bb2960269f724c0d6/lib/libMatrix.so
7fee03aba000-7fee03abc000 rw-p 00177000 00:35 3081829114                 /cvmfs/cms.cern.ch/slc7_amd64_gcc10/lcg/root/6.24.07-3ea108fb48fc7b8bb2960269f724c0d6/lib/libMatrix.so
7fee03abc000-7fee03ac0000 rw-p 00000000 00:00 0 
7fee03ac2000-7fee03b30000 r--p 00000000 00:35 3081829245                 /cvmfs/cms.cern.ch/slc7_amd64_gcc10/lcg/root/6.24.07-3ea108fb48fc7b8bb2960269f724c0d6/lib/libTreePlayer.so
7fee03b30000-7fee03c06000 r-xp 0006e000 00:35 3081829245                 /cvmfs/cms.cern.ch/slc7_amd64_gcc10/lcg/root/6.24.07-3ea108fb48fc7b8bb2960269f724c0d6/lib/libTreePlayer.so
7fee03c06000-7fee03c48000 r--p 00144000 00:35 3081829245                 /cvmfs/cms.cern.ch/slc7_amd64_gcc10/lcg/root/6.24.07-3ea108fb48fc7b8bb2960269f724c0d6/lib/libTreePlayer.so
7fee03c48000-7fee03c49000 ---p 00186000 00:35 3081829245                 /cvmfs/cms.cern.ch/slc7_amd64_gcc10/lcg/root/6.24.07-3ea108fb48fc7b8bb2960269f724c0d6/lib/libTreePlayer.so
7fee03c49000-7fee03c54000 r--p 00186000 00:35 3081829245                 /cvmfs/cms.cern.ch/slc7_amd64_gcc10/lcg/root/6.24.07-3ea108fb48fc7b8bb2960269f724c0d6/lib/libTreePlayer.so
7fee03c54000-7fee03c57000 rw-p 00191000 00:35 3081829245                 /cvmfs/cms.cern.ch/slc7_amd64_gcc10/lcg/root/6.24.07-3ea108fb48fc7b8bb2960269f724c0d6/lib/libTreePlayer.so
7fee03c57000-7fee03c5d000 rw-p 00000000 00:00 0 
7fee03c62000-7fee03ce9000 r--p 00000000 00:35 3081829178                 /cvmfs/cms.cern.ch/slc7_amd64_gcc10/lcg/root/6.24.07-3ea108fb48fc7b8bb2960269f724c0d6/lib/libTree.so
7fee03ce9000-7fee03da3000 r-xp 00087000 00:35 3081829178                 /cvmfs/cms.cern.ch/slc7_amd64_gcc10/lcg/root/6.24.07-3ea108fb48fc7b8bb2960269f724c0d6/lib/libTree.so
7fee03da3000-7fee03de3000 r--p 00141000 00:35 3081829178                 /cvmfs/cms.cern.ch/slc7_amd64_gcc10/lcg/root/6.24.07-3ea108fb48fc7b8bb2960269f724c0d6/lib/libTree.so
7fee03de3000-7fee03df3000 r--p 00180000 00:35 3081829178                 /cvmfs/cms.cern.ch/slc7_amd64_gcc10/lcg/root/6.24.07-3ea108fb48fc7b8bb2960269f724c0d6/lib/libTree.so
7fee03df3000-7fee03df6000 rw-p 00190000 00:35 3081829178                 /cvmfs/cms.cern.ch/slc7_amd64_gcc10/lcg/root/6.24.07-3ea108fb48fc7b8bb2960269f724c0d6/lib/libTree.so
7fee03df6000-7fee03dfa000 rw-p 00000000 00:00 0 
7fee03e00000-7fee03f3e000 r--p 00000000 00:35 3081825765                 /cvmfs/cms.cern.ch/slc7_amd64_gcc10/lcg/root/6.24.07-3ea108fb48fc7b8bb2960269f724c0d6/lib/libHist.so
7fee03f3e000-7fee0415b000 r-xp 0013e000 00:35 3081825765                 /cvmfs/cms.cern.ch/slc7_amd64_gcc10/lcg/root/6.24.07-3ea108fb48fc7b8bb2960269f724c0d6/lib/libHist.so
7fee0415b000-7fee041f0000 r--p 0035b000 00:35 3081825765                 /cvmfs/cms.cern.ch/slc7_amd64_gcc10/lcg/root/6.24.07-3ea108fb48fc7b8bb2960269f724c0d6/lib/libHist.so
7fee041f0000-7fee041f1000 ---p 003f0000 00:35 3081825765                 /cvmfs/cms.cern.ch/slc7_amd64_gcc10/lcg/root/6.24.07-3ea108fb48fc7b8bb2960269f724c0d6/lib/libHist.so
7fee041f1000-7fee0421b000 r--p 003f0000 00:35 3081825765                 /cvmfs/cms.cern.ch/slc7_amd64_gcc10/lcg/root/6.24.07-3ea108fb48fc7b8bb2960269f724c0d6/lib/libHist.so
7fee0421b000-7fee0421f000 rw-p 0041a000 00:35 3081825765                 /cvmfs/cms.cern.ch/slc7_amd64_gcc10/lcg/root/6.24.07-3ea108fb48fc7b8bb2960269f724c0d6/lib/libHist.so
7fee0421f000-7fee0422a000 rw-p 00000000 00:00 0 
7fee0422a000-7fee0423b000 r--p 00000000 00:35 2798947706                 /cvmfs/cms.cern.ch/slc7_amd64_gcc10/lcg/root/6.24.07-3ea108fb48fc7b8bb2960269f724c0d6/lib/xlocale.h.pcm
7fee04242000-7fee0425a000 r--p 00000000 00:35 3081825500                 /cvmfs/cms.cern.ch/slc7_amd64_gcc10/lcg/root/6.24.07-3ea108fb48fc7b8bb2960269f724c0d6/lib/libPhysics.so
7fee0425a000-7fee04281000 r-xp 00018000 00:35 3081825500                 /cvmfs/cms.cern.ch/slc7_amd64_gcc10/lcg/root/6.24.07-3ea108fb48fc7b8bb2960269f724c0d6/lib/libPhysics.so
7fee04281000-7fee0428c000 r--p 0003f000 00:35 3081825500                 /cvmfs/cms.cern.ch/slc7_amd64_gcc10/lcg/root/6.24.07-3ea108fb48fc7b8bb2960269f724c0d6/lib/libPhysics.so
7fee0428c000-7fee0428d000 ---p 0004a000 00:35 3081825500                 /cvmfs/cms.cern.ch/slc7_amd64_gcc10/lcg/root/6.24.07-3ea108fb48fc7b8bb2960269f724c0d6/lib/libPhysics.so
7fee0428d000-7fee04290000 r--p 0004a000 00:35 3081825500                 /cvmfs/cms.cern.ch/slc7_amd64_gcc10/lcg/root/6.24.07-3ea108fb48fc7b8bb2960269f724c0d6/lib/libPhysics.so
7fee04290000-7fee04291000 rw-p 0004d000 00:35 3081825500                 /cvmfs/cms.cern.ch/slc7_amd64_gcc10/lcg/root/6.24.07-3ea108fb48fc7b8bb2960269f724c0d6/lib/libPhysics.so
7fee04291000-7fee04292000 rw-p 00000000 00:00 0 
7fee04292000-7fee042fe000 r--p 00000000 00:35 2798949126                 /cvmfs/cms.cern.ch/slc7_amd64_gcc10/lcg/root/6.24.07-3ea108fb48fc7b8bb2960269f724c0d6/lib/libGraf.so
7fee042fe000-7fee043b0000 r-xp 0006c000 00:35 2798949126                 /cvmfs/cms.cern.ch/slc7_amd64_gcc10/lcg/root/6.24.07-3ea108fb48fc7b8bb2960269f724c0d6/lib/libGraf.so
7fee043b0000-7fee043e0000 r--p 0011e000 00:35 2798949126                 /cvmfs/cms.cern.ch/slc7_amd64_gcc10/lcg/root/6.24.07-3ea108fb48fc7b8bb2960269f724c0d6/lib/libGraf.so
7fee043e0000-7fee043ee000 r--p 0014d000 00:35 2798949126                 /cvmfs/cms.cern.ch/slc7_amd64_gcc10/lcg/root/6.24.07-3ea108fb48fc7b8bb2960269f724c0d6/lib/libGraf.so
7fee043ee000-7fee043f2000 rw-p 0015b000 00:35 2798949126                 /cvmfs/cms.cern.ch/slc7_amd64_gcc10/lcg/root/6.24.07-3ea108fb48fc7b8bb2960269f724c0d6/lib/libGraf.so
7fee043f2000-7fee04400000 rw-p 00000000 00:00 0 
7fee04400000-7fee044ba000 r--p 00000000 00:35 3081827484                 /cvmfs/cms.cern.ch/slc7_amd64_gcc10/lcg/root/6.24.07-3ea108fb48fc7b8bb2960269f724c0d6/lib/libRIO.so
7fee044ba000-7fee0474e000 r-xp 000ba000 00:35 3081827484                 /cvmfs/cms.cern.ch/slc7_amd64_gcc10/lcg/root/6.24.07-3ea108fb48fc7b8bb2960269f724c0d6/lib/libRIO.so
7fee0474e000-7fee047be000 r--p 0034e000 00:35 3081827484                 /cvmfs/cms.cern.ch/slc7_amd64_gcc10/lcg/root/6.24.07-3ea108fb48fc7b8bb2960269f724c0d6/lib/libRIO.so
7fee047be000-7fee047cc000 r--p 003bd000 00:35 3081827484                 /cvmfs/cms.cern.ch/slc7_amd64_gcc10/lcg/root/6.24.07-3ea108fb48fc7b8bb2960269f724c0d6/lib/libRIO.so
7fee047cc000-7fee047cf000 rw-p 003cb000 00:35 3081827484                 /cvmfs/cms.cern.ch/slc7_amd64_gcc10/lcg/root/6.24.07-3ea108fb48fc7b8bb2960269f724c0d6/lib/libRIO.so
7fee047cf000-7fee047e2000 rw-p 00000000 00:00 0 
7fee047e2000-7fee047e5000 r--p 00000000 00:35 2801588376                 /cvmfs/cms.cern.ch/slc7_amd64_gcc10/external/gcc/10.3.0-84898dea653199466402e67d73657f10/lib64/libgcc_s.so.1
7fee047e5000-7fee047f6000 r-xp 00003000 00:35 2801588376                 /cvmfs/cms.cern.ch/slc7_amd64_gcc10/external/gcc/10.3.0-84898dea653199466402e67d73657f10/lib64/libgcc_s.so.1
7fee047f6000-7fee047fa000 r--p 00014000 00:35 2801588376                 /cvmfs/cms.cern.ch/slc7_amd64_gcc10/external/gcc/10.3.0-84898dea653199466402e67d73657f10/lib64/libgcc_s.so.1
7fee047fa000-7fee047fb000 r--p 00017000 00:35 2801588376                 /cvmfs/cms.cern.ch/slc7_amd64_gcc10/external/gcc/10.3.0-84898dea653199466402e67d73657f10/lib64/libgcc_s.so.1
7fee047fb000-7fee047fc000 rw-p 00018000 00:35 2801588376                 /cvmfs/cms.cern.ch/slc7_amd64_gcc10/external/gcc/10.3.0-84898dea653199466402e67d73657f10/lib64/libgcc_s.so.1
7fee04800000-7fee04970000 r--p 00000000 00:35 3081824774                 /cvmfs/cms.cern.ch/slc7_amd64_gcc10/lcg/root/6.24.07-3ea108fb48fc7b8bb2960269f724c0d6/lib/libCore.so
7fee04970000-7fee04b62000 r-xp 00170000 00:35 3081824774                 /cvmfs/cms.cern.ch/slc7_amd64_gcc10/lcg/root/6.24.07-3ea108fb48fc7b8bb2960269f724c0d6/lib/libCore.so
7fee04b62000-7fee04c2e000 r--p 00362000 00:35 3081824774                 /cvmfs/cms.cern.ch/slc7_amd64_gcc10/lcg/root/6.24.07-3ea108fb48fc7b8bb2960269f724c0d6/lib/libCore.so
7fee04c2e000-7fee04c58000 r--p 0042d000 00:35 3081824774                 /cvmfs/cms.cern.ch/slc7_amd64_gcc10/lcg/root/6.24.07-3ea108fb48fc7b8bb2960269f724c0d6/lib/libCore.so
7fee04c58000-7fee04c5e000 rw-p 00457000 00:35 3081824774                 /cvmfs/cms.cern.ch/slc7_amd64_gcc10/lcg/root/6.24.07-3ea108fb48fc7b8bb2960269f724c0d6/lib/libCore.so
7fee04c5e000-7fee04c92000 rw-p 00000000 00:00 0 
7fee04c9a000-7fee04ca2000 rw-p 00000000 00:00 0 
7fee04ca2000-7fee04cc5000 r--p 00000000 00:35 3081826889                 /cvmfs/cms.cern.ch/slc7_amd64_gcc10/lcg/root/6.24.07-3ea108fb48fc7b8bb2960269f724c0d6/lib/libPostscript.so
7fee04cc5000-7fee04d04000 r-xp 00023000 00:35 3081826889                 /cvmfs/cms.cern.ch/slc7_amd64_gcc10/lcg/root/6.24.07-3ea108fb48fc7b8bb2960269f724c0d6/lib/libPostscript.so
7fee04d04000-7fee04d18000 r--p 00062000 00:35 3081826889                 /cvmfs/cms.cern.ch/slc7_amd64_gcc10/lcg/root/6.24.07-3ea108fb48fc7b8bb2960269f724c0d6/lib/libPostscript.so
7fee04d18000-7fee04d1f000 r--p 00075000 00:35 3081826889                 /cvmfs/cms.cern.ch/slc7_amd64_gcc10/lcg/root/6.24.07-3ea108fb48fc7b8bb2960269f724c0d6/lib/libPostscript.so
7fee04d1f000-7fee04d20000 rw-p 0007c000 00:35 3081826889                 /cvmfs/cms.cern.ch/slc7_amd64_gcc10/lcg/root/6.24.07-3ea108fb48fc7b8bb2960269f724c0d6/lib/libPostscript.so
7fee04d20000-7fee04d21000 rw-p 00000000 00:00 0 
7fee04d22000-7fee04d5d000 r--p 00000000 00:35 3081825324                 /cvmfs/cms.cern.ch/slc7_amd64_gcc10/lcg/root/6.24.07-3ea108fb48fc7b8bb2960269f724c0d6/lib/libROOTVecOps.so
7fee04d5d000-7fee04dd5000 r-xp 0003b000 00:35 3081825324                 /cvmfs/cms.cern.ch/slc7_amd64_gcc10/lcg/root/6.24.07-3ea108fb48fc7b8bb2960269f724c0d6/lib/libROOTVecOps.so
7fee04dd5000-7fee04df4000 r--p 000b3000 00:35 3081825324                 /cvmfs/cms.cern.ch/slc7_amd64_gcc10/lcg/root/6.24.07-3ea108fb48fc7b8bb2960269f724c0d6/lib/libROOTVecOps.so
7fee04df4000-7fee04df6000 r--p 000d1000 00:35 3081825324                 /cvmfs/cms.cern.ch/slc7_amd64_gcc10/lcg/root/6.24.07-3ea108fb48fc7b8bb2960269f724c0d6/lib/libROOTVecOps.so
7fee04df6000-7fee04df7000 rw-p 000d3000 00:35 3081825324                 /cvmfs/cms.cern.ch/slc7_amd64_gcc10/lcg/root/6.24.07-3ea108fb48fc7b8bb2960269f724c0d6/lib/libROOTVecOps.so
7fee04df7000-7fee04df9000 rw-p 00000000 00:00 0 
7fee04dfc000-7fee04dfd000 rw-p 00000000 00:00 0 
7fee04dfd000-7fee04e00000 r-xp 00000000 00:00 0 
7fee04e00000-7fee04fbe000 r--p 00000000 00:35 3081826880                 /cvmfs/cms.cern.ch/slc7_amd64_gcc10/lcg/root/6.24.07-3ea108fb48fc7b8bb2960269f724c0d6/lib/libGui.so
7fee04fbe000-7fee05185000 r-xp 001be000 00:35 3081826880                 /cvmfs/cms.cern.ch/slc7_amd64_gcc10/lcg/root/6.24.07-3ea108fb48fc7b8bb2960269f724c0d6/lib/libGui.so
7fee05185000-7fee05227000 r--p 00385000 00:35 3081826880                 /cvmfs/cms.cern.ch/slc7_amd64_gcc10/lcg/root/6.24.07-3ea108fb48fc7b8bb2960269f724c0d6/lib/libGui.so
7fee05227000-7fee05274000 r--p 00426000 00:35 3081826880                 /cvmfs/cms.cern.ch/slc7_amd64_gcc10/lcg/root/6.24.07-3ea108fb48fc7b8bb2960269f724c0d6/lib/libGui.so
7fee05274000-7fee0527a000 rw-p 00473000 00:35 3081826880                 /cvmfs/cms.cern.ch/slc7_amd64_gcc10/lcg/root/6.24.07-3ea108fb48fc7b8bb2960269f724c0d6/lib/libGui.so
7fee0527a000-7fee05289000 rw-p 00000000 00:00 0 
7fee05289000-7fee0528a000 r-xp 00000000 00:00 0 
7fee0528a000-7fee0528c000 r-xp 00000000 00:00 0 
7fee0528c000-7fee052a2000 rw-p 00000000 00:00 0 
7fee052a2000-7fee052a4000 r-xp 00000000 00:00 0 
7fee052a4000-7fee052b2000 r-xp 00000000 00:00 0 
7fee052b2000-7fee052f9000 r--p 00000000 00:35 3081825623                 /cvmfs/cms.cern.ch/slc7_amd64_gcc10/lcg/root/6.24.07-3ea108fb48fc7b8bb2960269f724c0d6/lib/libGpad.so
7fee052f9000-7fee05366000 r-xp 00047000 00:35 3081825623                 /cvmfs/cms.cern.ch/slc7_amd64_gcc10/lcg/root/6.24.07-3ea108fb48fc7b8bb2960269f724c0d6/lib/libGpad.so
7fee05366000-7fee05382000 r--p 000b4000 00:35 3081825623                 /cvmfs/cms.cern.ch/slc7_amd64_gcc10/lcg/root/6.24.07-3ea108fb48fc7b8bb2960269f724c0d6/lib/libGpad.so
7fee05382000-7fee0538c000 r--p 000cf000 00:35 3081825623                 /cvmfs/cms.cern.ch/slc7_amd64_gcc10/lcg/root/6.24.07-3ea108fb48fc7b8bb2960269f724c0d6/lib/libGpad.so
7fee0538c000-7fee0538e000 rw-p 000d9000 00:35 3081825623                 /cvmfs/cms.cern.ch/slc7_amd64_gcc10/lcg/root/6.24.07-3ea108fb48fc7b8bb2960269f724c0d6/lib/libGpad.so
7fee0538e000-7fee05390000 rw-p 00000000 00:00 0 
7fee05390000-7fee05391000 rw-p 00000000 00:00 0 
7fee05391000-7fee05392000 r-xp 00000000 00:00 0 
7fee05392000-7fee053b4000 r-xp 00000000 fd:02 95430620                   /usr/lib64/ld-2.17.so
7fee053b4000-7fee053b5000 r-xp 00000000 00:00 0 
7fee053b5000-7fee053c2000 rw-p 00000000 00:00 0 
7fee053c2000-7fee053c6000 r--p 00000000 00:35 3081825390                 /cvmfs/cms.cern.ch/slc7_amd64_gcc10/lcg/root/6.24.07-3ea108fb48fc7b8bb2960269f724c0d6/lib/libMultiProc.so
7fee053c6000-7fee053cc000 r-xp 00004000 00:35 3081825390                 /cvmfs/cms.cern.ch/slc7_amd64_gcc10/lcg/root/6.24.07-3ea108fb48fc7b8bb2960269f724c0d6/lib/libMultiProc.so
7fee053cc000-7fee053ce000 r--p 0000a000 00:35 3081825390                 /cvmfs/cms.cern.ch/slc7_amd64_gcc10/lcg/root/6.24.07-3ea108fb48fc7b8bb2960269f724c0d6/lib/libMultiProc.so
7fee053ce000-7fee053cf000 ---p 0000c000 00:35 3081825390                 /cvmfs/cms.cern.ch/slc7_amd64_gcc10/lcg/root/6.24.07-3ea108fb48fc7b8bb2960269f724c0d6/lib/libMultiProc.so
7fee053cf000-7fee053d0000 r--p 0000c000 00:35 3081825390                 /cvmfs/cms.cern.ch/slc7_amd64_gcc10/lcg/root/6.24.07-3ea108fb48fc7b8bb2960269f724c0d6/lib/libMultiProc.so
7fee053d0000-7fee053d1000 rw-p 0000d000 00:35 3081825390                 /cvmfs/cms.cern.ch/slc7_amd64_gcc10/lcg/root/6.24.07-3ea108fb48fc7b8bb2960269f724c0d6/lib/libMultiProc.so
7fee053d1000-7fee053d2000 rw-p 00000000 00:00 0 
7fee053d2000-7fee053e1000 r--p 00000000 00:35 2798946964                 /cvmfs/cms.cern.ch/slc7_amd64_gcc10/lcg/root/6.24.07-3ea108fb48fc7b8bb2960269f724c0d6/lib/libRint.so
7fee053e1000-7fee053f5000 r-xp 0000f000 00:35 2798946964                 /cvmfs/cms.cern.ch/slc7_amd64_gcc10/lcg/root/6.24.07-3ea108fb48fc7b8bb2960269f724c0d6/lib/libRint.so
7fee053f5000-7fee053fb000 r--p 00023000 00:35 2798946964                 /cvmfs/cms.cern.ch/slc7_amd64_gcc10/lcg/root/6.24.07-3ea108fb48fc7b8bb2960269f724c0d6/lib/libRint.so
7fee053fb000-7fee053fd000 r--p 00028000 00:35 2798946964                 /cvmfs/cms.cern.ch/slc7_amd64_gcc10/lcg/root/6.24.07-3ea108fb48fc7b8bb2960269f724c0d6/lib/libRint.so
7fee053fd000-7fee053fe000 rw-p 0002a000 00:35 2798946964                 /cvmfs/cms.cern.ch/slc7_amd64_gcc10/lcg/root/6.24.07-3ea108fb48fc7b8bb2960269f724c0d6/lib/libRint.so
7fee053fe000-7fee05402000 rw-p 00000000 00:00 0 
7fee05402000-7fee05446000 r--p 00000000 00:35 3081825308                 /cvmfs/cms.cern.ch/slc7_amd64_gcc10/lcg/root/6.24.07-3ea108fb48fc7b8bb2960269f724c0d6/lib/libGraf3d.so
7fee05446000-7fee0548b000 r-xp 00044000 00:35 3081825308                 /cvmfs/cms.cern.ch/slc7_amd64_gcc10/lcg/root/6.24.07-3ea108fb48fc7b8bb2960269f724c0d6/lib/libGraf3d.so
7fee0548b000-7fee054a7000 r--p 00089000 00:35 3081825308                 /cvmfs/cms.cern.ch/slc7_amd64_gcc10/lcg/root/6.24.07-3ea108fb48fc7b8bb2960269f724c0d6/lib/libGraf3d.so
7fee054a7000-7fee054b1000 r--p 000a4000 00:35 3081825308                 /cvmfs/cms.cern.ch/slc7_amd64_gcc10/lcg/root/6.24.07-3ea108fb48fc7b8bb2960269f724c0d6/lib/libGraf3d.so
7fee054b1000-7fee054b2000 rw-p 000ae000 00:35 3081825308                 /cvmfs/cms.cern.ch/slc7_amd64_gcc10/lcg/root/6.24.07-3ea108fb48fc7b8bb2960269f724c0d6/lib/libGraf3d.so
7fee054b2000-7fee054ba000 rw-p 00000000 00:00 0 
7fee054ba000-7fee05512000 r--p 00000000 00:35 3081829117                 /cvmfs/cms.cern.ch/slc7_amd64_gcc10/lcg/root/6.24.07-3ea108fb48fc7b8bb2960269f724c0d6/lib/libNet.so
7fee05512000-7fee05563000 r-xp 00058000 00:35 3081829117                 /cvmfs/cms.cern.ch/slc7_amd64_gcc10/lcg/root/6.24.07-3ea108fb48fc7b8bb2960269f724c0d6/lib/libNet.so
7fee05563000-7fee05585000 r--p 000a9000 00:35 3081829117                 /cvmfs/cms.cern.ch/slc7_amd64_gcc10/lcg/root/6.24.07-3ea108fb48fc7b8bb2960269f724c0d6/lib/libNet.so
7fee05585000-7fee05591000 r--p 000ca000 00:35 3081829117                 /cvmfs/cms.cern.ch/slc7_amd64_gcc10/lcg/root/6.24.07-3ea108fb48fc7b8bb2960269f724c0d6/lib/libNet.so
7fee05591000-7fee05593000 rw-p 000d6000 00:35 3081829117                 /cvmfs/cms.cern.ch/slc7_amd64_gcc10/lcg/root/6.24.07-3ea108fb48fc7b8bb2960269f724c0d6/lib/libNet.so
7fee05593000-7fee0559a000 rw-p 00000000 00:00 0 
7fee0559a000-7fee055a1000 r--p 00000000 00:35 2798947244                 /cvmfs/cms.cern.ch/slc7_amd64_gcc10/lcg/root/6.24.07-3ea108fb48fc7b8bb2960269f724c0d6/lib/libImt.so
7fee055a1000-7fee055a7000 r-xp 00007000 00:35 2798947244                 /cvmfs/cms.cern.ch/slc7_amd64_gcc10/lcg/root/6.24.07-3ea108fb48fc7b8bb2960269f724c0d6/lib/libImt.so
7fee055a7000-7fee055aa000 r--p 0000d000 00:35 2798947244                 /cvmfs/cms.cern.ch/slc7_amd64_gcc10/lcg/root/6.24.07-3ea108fb48fc7b8bb2960269f724c0d6/lib/libImt.so
7fee055aa000-7fee055ab000 ---p 00010000 00:35 2798947244                 /cvmfs/cms.cern.ch/slc7_amd64_gcc10/lcg/root/6.24.07-3ea108fb48fc7b8bb2960269f724c0d6/lib/libImt.so
7fee055ab000-7fee055ac000 r--p 00010000 00:35 2798947244                 /cvmfs/cms.cern.ch/slc7_amd64_gcc10/lcg/root/6.24.07-3ea108fb48fc7b8bb2960269f724c0d6/lib/libImt.so
7fee055ac000-7fee055ad000 rw-p 00011000 00:35 2798947244                 /cvmfs/cms.cern.ch/slc7_amd64_gcc10/lcg/root/6.24.07-3ea108fb48fc7b8bb2960269f724c0d6/lib/libImt.so
7fee055ad000-7fee055b3000 rw-p 00000000 00:00 0 
7fee055b3000-7fee055b4000 r--p 00021000 fd:02 95430620                   /usr/lib64/ld-2.17.so
7fee055b4000-7fee055b5000 rw-p 00022000 fd:02 95430620                   /usr/lib64/ld-2.17.so
7fee055b5000-7fee055b7000 rw-p 00000000 00:00 0 
7fee055b7000-7fee055bc000 rw-p 00000000 00:00 0 
7fff5eafd000-7fff5eb1c000 rwxp 00000000 00:00 0                          [stack]
7fff5eb1c000-7fff5eb27000 rw-p 00000000 00:00 0 
7fff5ec02000-7fff5ec06000 r--p 00000000 00:00 0                          [vvar]
7fff5ec06000-7fff5ec08000 r-xp 00000000 00:00 0                          [vdso]
ffffffffff600000-ffffffffff601000 --xp 00000000 00:00 0                  [vsyscall]
./run_job_LPC.sh: line 96:   309 Aborted                 (core dumped) ./${executable} tmp_input_list.txt --outputFile=${outputfile}_${filenumber}_Part${jobIndex}Of${nJobsPerFile}.root --optionNumber=${option} --isData=${isData} --year=${year} --pileupWeightName=${sampleName} --numberOfJobs=${nJobsPerFile} --jobIndex=${jobIndex}
./run_job_LPC.sh: line 102: eosmkdir: command not found
