WARNING: In non-interactive mode release checks e.g. deprecated releases, production architectures are disabled.
WARNING: In non-interactive mode release checks e.g. deprecated releases, production architectures are disabled.
Error in <TTree::SetBranchStatus>: unknown branch -> HTXS_Higgs_pt
Error in <TTree::SetBranchStatus>: unknown branch -> HTXS_Higgs_y
Error in <TTree::SetBranchStatus>: unknown branch -> HTXS_stage1_1_cat_pTjet25GeV
Error in <TTree::SetBranchStatus>: unknown branch -> HTXS_stage1_1_cat_pTjet30GeV
Error in <TTree::SetBranchStatus>: unknown branch -> HTXS_stage1_1_fine_cat_pTjet25GeV
Error in <TTree::SetBranchStatus>: unknown branch -> HTXS_stage1_1_fine_cat_pTjet30GeV
Error in <TTree::SetBranchStatus>: unknown branch -> HTXS_stage_0
Error in <TTree::SetBranchStatus>: unknown branch -> HTXS_stage_1_pTjet25
Error in <TTree::SetBranchStatus>: unknown branch -> HTXS_stage_1_pTjet30
Error in <TTree::SetBranchStatus>: unknown branch -> HTXS_njets25
Error in <TTree::SetBranchStatus>: unknown branch -> HTXS_njets30
Error in <TChain::SetBranchAddress>: unknown branch -> SubJet_nBHadrons
Error in <TChain::SetBranchAddress>: unknown branch -> SubJet_nCHadrons
Error in <TChain::SetBranchAddress>: unknown branch -> FatJet_nBHadrons
Error in <TChain::SetBranchAddress>: unknown branch -> FatJet_nCHadrons
Error in <TChain::SetBranchAddress>: unknown branch -> FatJet_genJetAK8Idx
Error in <TChain::SetBranchAddress>: unknown branch -> nGenJetAK8
Error in <TChain::SetBranchAddress>: unknown branch -> GenJetAK8_eta
Error in <TChain::SetBranchAddress>: unknown branch -> GenJetAK8_mass
Error in <TChain::SetBranchAddress>: unknown branch -> GenJetAK8_phi
Error in <TChain::SetBranchAddress>: unknown branch -> GenJetAK8_pt
Error in <TChain::SetBranchAddress>: unknown branch -> nGenJet
Error in <TChain::SetBranchAddress>: unknown branch -> GenJet_eta
Error in <TChain::SetBranchAddress>: unknown branch -> GenJet_mass
Error in <TChain::SetBranchAddress>: unknown branch -> GenJet_phi
Error in <TChain::SetBranchAddress>: unknown branch -> GenJet_pt
Error in <TChain::SetBranchAddress>: unknown branch -> nGenPart
Error in <TChain::SetBranchAddress>: unknown branch -> GenPart_eta
Error in <TChain::SetBranchAddress>: unknown branch -> GenPart_mass
Error in <TChain::SetBranchAddress>: unknown branch -> GenPart_phi
Error in <TChain::SetBranchAddress>: unknown branch -> GenPart_pt
Error in <TChain::SetBranchAddress>: unknown branch -> GenPart_genPartIdxMother
Error in <TChain::SetBranchAddress>: unknown branch -> GenPart_pdgId
Error in <TChain::SetBranchAddress>: unknown branch -> GenPart_status
Error in <TChain::SetBranchAddress>: unknown branch -> GenPart_statusFlags
Error in <TChain::SetBranchAddress>: unknown branch -> nSubGenJetAK8
Error in <TChain::SetBranchAddress>: unknown branch -> SubGenJetAK8_eta
Error in <TChain::SetBranchAddress>: unknown branch -> SubGenJetAK8_mass
Error in <TChain::SetBranchAddress>: unknown branch -> SubGenJetAK8_phi
Error in <TChain::SetBranchAddress>: unknown branch -> SubGenJetAK8_pt
Error in <TChain::SetBranchAddress>: unknown branch -> Generator_binvar
Error in <TChain::SetBranchAddress>: unknown branch -> Generator_scalePDF
Error in <TChain::SetBranchAddress>: unknown branch -> Generator_weight
Error in <TChain::SetBranchAddress>: unknown branch -> Generator_x1
Error in <TChain::SetBranchAddress>: unknown branch -> Generator_x2
Error in <TChain::SetBranchAddress>: unknown branch -> Generator_xpdf1
Error in <TChain::SetBranchAddress>: unknown branch -> Generator_xpdf2
Error in <TChain::SetBranchAddress>: unknown branch -> Generator_id1
Error in <TChain::SetBranchAddress>: unknown branch -> Generator_id2
Error in <TChain::SetBranchAddress>: unknown branch -> nGenVisTau
Error in <TChain::SetBranchAddress>: unknown branch -> GenVisTau_eta
Error in <TChain::SetBranchAddress>: unknown branch -> GenVisTau_mass
Error in <TChain::SetBranchAddress>: unknown branch -> GenVisTau_phi
Error in <TChain::SetBranchAddress>: unknown branch -> GenVisTau_pt
Error in <TChain::SetBranchAddress>: unknown branch -> GenVisTau_charge
Error in <TChain::SetBranchAddress>: unknown branch -> GenVisTau_genPartIdxMother
Error in <TChain::SetBranchAddress>: unknown branch -> GenVisTau_status
Error in <TChain::SetBranchAddress>: unknown branch -> genWeight
Error in <TChain::SetBranchAddress>: unknown branch -> LHEWeight_originalXWGTUP
Error in <TChain::SetBranchAddress>: unknown branch -> nLHEPdfWeight
Error in <TChain::SetBranchAddress>: unknown branch -> LHEPdfWeight
Error in <TChain::SetBranchAddress>: unknown branch -> nLHEReweightingWeight
Error in <TChain::SetBranchAddress>: unknown branch -> LHEReweightingWeight
Error in <TChain::SetBranchAddress>: unknown branch -> nLHEScaleWeight
Error in <TChain::SetBranchAddress>: unknown branch -> LHEScaleWeight
Error in <TChain::SetBranchAddress>: unknown branch -> nPSWeight
Error in <TChain::SetBranchAddress>: unknown branch -> PSWeight
Error in <TChain::SetBranchAddress>: unknown branch -> LHE_HT
Error in <TChain::SetBranchAddress>: unknown branch -> LHE_HTIncoming
Error in <TChain::SetBranchAddress>: unknown branch -> LHE_Vpt
Error in <TChain::SetBranchAddress>: unknown branch -> LHE_Njets
Error in <TChain::SetBranchAddress>: unknown branch -> LHE_Nb
Error in <TChain::SetBranchAddress>: unknown branch -> LHE_Nc
Error in <TChain::SetBranchAddress>: unknown branch -> LHE_Nuds
Error in <TChain::SetBranchAddress>: unknown branch -> LHE_Nglu
Error in <TChain::SetBranchAddress>: unknown branch -> LHE_NpNLO
Error in <TChain::SetBranchAddress>: unknown branch -> LHE_NpLO
Error in <TChain::SetBranchAddress>: unknown branch -> nLHEPart
Error in <TChain::SetBranchAddress>: unknown branch -> LHEPart_pt
Error in <TChain::SetBranchAddress>: unknown branch -> LHEPart_eta
Error in <TChain::SetBranchAddress>: unknown branch -> LHEPart_phi
Error in <TChain::SetBranchAddress>: unknown branch -> LHEPart_mass
Error in <TChain::SetBranchAddress>: unknown branch -> LHEPart_pdgId
Error in <TChain::SetBranchAddress>: unknown branch -> GenMET_phi
Error in <TChain::SetBranchAddress>: unknown branch -> GenMET_pt
Error in <TChain::SetBranchAddress>: unknown branch -> Pileup_nTrueInt
Error in <TChain::SetBranchAddress>: unknown branch -> Pileup_pudensity
Error in <TChain::SetBranchAddress>: unknown branch -> Pileup_gpudensity
Error in <TChain::SetBranchAddress>: unknown branch -> Pileup_nPU
Error in <TChain::SetBranchAddress>: unknown branch -> Pileup_sumEOOT
Error in <TChain::SetBranchAddress>: unknown branch -> Pileup_sumLOOT
Error in <TChain::SetBranchAddress>: unknown branch -> nGenDressedLepton
Error in <TChain::SetBranchAddress>: unknown branch -> GenDressedLepton_eta
Error in <TChain::SetBranchAddress>: unknown branch -> GenDressedLepton_mass
Error in <TChain::SetBranchAddress>: unknown branch -> GenDressedLepton_phi
Error in <TChain::SetBranchAddress>: unknown branch -> GenDressedLepton_pt
Error in <TChain::SetBranchAddress>: unknown branch -> GenDressedLepton_pdgId
Error in <TChain::SetBranchAddress>: unknown branch -> GenDressedLepton_hasTauAnc
Error in <TChain::SetBranchAddress>: unknown branch -> genTtbarId
Error in <TChain::SetBranchAddress>: unknown branch -> Electron_genPartIdx
Error in <TChain::SetBranchAddress>: unknown branch -> Electron_genPartFlav
Error in <TChain::SetBranchAddress>: unknown branch -> GenJetAK8_partonFlavour
Error in <TChain::SetBranchAddress>: unknown branch -> GenJetAK8_hadronFlavour
Error in <TChain::SetBranchAddress>: unknown branch -> GenJet_partonFlavour
Error in <TChain::SetBranchAddress>: unknown branch -> GenJet_hadronFlavour
Error in <TChain::SetBranchAddress>: unknown branch -> Jet_genJetIdx
Error in <TChain::SetBranchAddress>: unknown branch -> Jet_hadronFlavour
Error in <TChain::SetBranchAddress>: unknown branch -> Jet_partonFlavour
Error in <TChain::SetBranchAddress>: unknown branch -> Muon_genPartIdx
Error in <TChain::SetBranchAddress>: unknown branch -> Muon_genPartFlav
Error in <TChain::SetBranchAddress>: unknown branch -> Photon_genPartIdx
Error in <TChain::SetBranchAddress>: unknown branch -> Photon_genPartFlav
Error in <TChain::SetBranchAddress>: unknown branch -> MET_fiducialGenPhi
Error in <TChain::SetBranchAddress>: unknown branch -> MET_fiducialGenPt
Error in <TChain::SetBranchAddress>: unknown branch -> Tau_genPartIdx
Error in <TChain::SetBranchAddress>: unknown branch -> Tau_genPartFlav
Error in <TChain::SetBranchAddress>: unknown branch -> L1simulation_step
------------------------------
*** Error in `./RunHHTo2B2GNtupler': double free or corruption (!prev): 0x0000000003e37820 ***
======= Backtrace: =========
/lib64/libc.so.6(+0x81329)[0x7f78b5113329]
./RunHHTo2B2GNtupler(_ZN6Events23DeleteHeapTriggerObjectEv+0x2f)[0x452bdb]
./RunHHTo2B2GNtupler(_ZN6Events10DeleteHeapEv+0x147)[0x450467]
./RunHHTo2B2GNtupler(_ZN6EventsD1Ev+0x25)[0x442ec9]
./RunHHTo2B2GNtupler(_ZN13EventAnalyzerD1Ev+0x24)[0x440834]
./RunHHTo2B2GNtupler(_ZN15HHTo2B2GNtuplerD1Ev+0x24)[0x41e0d0]
./RunHHTo2B2GNtupler(main+0xc5c)[0x41d7ee]
/lib64/libc.so.6(__libc_start_main+0xf5)[0x7f78b50b4555]
./RunHHTo2B2GNtupler[0x41c879]
======= Memory map: ========
00400000-0041c000 r--p 00000000 fd:00 25617770                           /storage/local/data1/condor/execute/dir_1556393/CMSSW_12_6_3/src/RunHHTo2B2GNtupler
0041c000-00457000 r-xp 0001c000 fd:00 25617770                           /storage/local/data1/condor/execute/dir_1556393/CMSSW_12_6_3/src/RunHHTo2B2GNtupler
00457000-0046d000 r--p 00057000 fd:00 25617770                           /storage/local/data1/condor/execute/dir_1556393/CMSSW_12_6_3/src/RunHHTo2B2GNtupler
0046e000-0046f000 r--p 0006d000 fd:00 25617770                           /storage/local/data1/condor/execute/dir_1556393/CMSSW_12_6_3/src/RunHHTo2B2GNtupler
0046f000-00470000 rw-p 0006e000 fd:00 25617770                           /storage/local/data1/condor/execute/dir_1556393/CMSSW_12_6_3/src/RunHHTo2B2GNtupler
011a3000-0b6cb000 rw-p 00000000 00:00 0                                  [heap]
7f7894000000-7f7894021000 rw-p 00000000 00:00 0 
7f7894021000-7f7898000000 ---p 00000000 00:00 0 
7f789a59a000-7f789a59c000 r-xp 00000000 fd:00 92932126                   /usr/lib64/libfreebl3.so
7f789a59c000-7f789a79b000 ---p 00002000 fd:00 92932126                   /usr/lib64/libfreebl3.so
7f789a79b000-7f789a79c000 r--p 00001000 fd:00 92932126                   /usr/lib64/libfreebl3.so
7f789a79c000-7f789a79d000 rw-p 00002000 fd:00 92932126                   /usr/lib64/libfreebl3.so
7f789a7a2000-7f789a7aa000 r-xp 00000000 fd:00 92932096                   /usr/lib64/libcrypt-2.17.so
7f789a7aa000-7f789a9a9000 ---p 00008000 fd:00 92932096                   /usr/lib64/libcrypt-2.17.so
7f789a9a9000-7f789a9aa000 r--p 00007000 fd:00 92932096                   /usr/lib64/libcrypt-2.17.so
7f789a9aa000-7f789a9ab000 rw-p 00008000 fd:00 92932096                   /usr/lib64/libcrypt-2.17.so
7f789a9ab000-7f789a9d9000 rw-p 00000000 00:00 0 
7f789a9da000-7f789a9fc000 r-xp 00000000 fd:00 92932060                   /usr/lib64/ld-2.17.so
7f789a9fc000-7f789abfb000 ---p 00022000 fd:00 92932060                   /usr/lib64/ld-2.17.so
7f789abfb000-7f789abfc000 r--p 00021000 fd:00 92932060                   /usr/lib64/ld-2.17.so
7f789abfc000-7f789abfd000 rw-p 00022000 fd:00 92932060                   /usr/lib64/ld-2.17.so
7f789abfd000-7f789abfe000 rw-p 00000000 00:00 0 
7f789ac00000-7f789ae5b000 r--p 00000000 00:36 3488650752                 /cvmfs/cms.cern.ch/slc7_amd64_gcc10/lcg/root/6.24.07-3ea108fb48fc7b8bb2960269f724c0d6/lib/WebGui6.pcm
7f789af32000-7f789af5b000 r--p 00000000 00:36 3491174601                 /cvmfs/cms.cern.ch/slc7_amd64_gcc10/cms/cmssw/CMSSW_12_6_3/lib/slc7_amd64_gcc10/libDataFormatsProvenance.so
7f789af5b000-7f789afc0000 r-xp 00029000 00:36 3491174601                 /cvmfs/cms.cern.ch/slc7_amd64_gcc10/cms/cmssw/CMSSW_12_6_3/lib/slc7_amd64_gcc10/libDataFormatsProvenance.so
7f789afc0000-7f789afed000 r--p 0008e000 00:36 3491174601                 /cvmfs/cms.cern.ch/slc7_amd64_gcc10/cms/cmssw/CMSSW_12_6_3/lib/slc7_amd64_gcc10/libDataFormatsProvenance.so
7f789afed000-7f789afee000 ---p 000bb000 00:36 3491174601                 /cvmfs/cms.cern.ch/slc7_amd64_gcc10/cms/cmssw/CMSSW_12_6_3/lib/slc7_amd64_gcc10/libDataFormatsProvenance.so
7f789afee000-7f789aff0000 r--p 000bb000 00:36 3491174601                 /cvmfs/cms.cern.ch/slc7_amd64_gcc10/cms/cmssw/CMSSW_12_6_3/lib/slc7_amd64_gcc10/libDataFormatsProvenance.so
7f789aff0000-7f789aff2000 rw-p 000bd000 00:36 3491174601                 /cvmfs/cms.cern.ch/slc7_amd64_gcc10/cms/cmssw/CMSSW_12_6_3/lib/slc7_amd64_gcc10/libDataFormatsProvenance.so
7f789aff2000-7f789affa000 rw-p 00000000 00:00 0 
7f789b000000-7f789b2d0000 r--p 00000000 00:36 3165941559                 /cvmfs/cms.cern.ch/slc7_amd64_gcc10/lcg/root/6.24.07-3ea108fb48fc7b8bb2960269f724c0d6/lib/GenVector.pcm
7f789b2e2000-7f789b3fc000 r--p 00000000 00:36 3488653176                 /cvmfs/cms.cern.ch/slc7_amd64_gcc10/lcg/root/6.24.07-3ea108fb48fc7b8bb2960269f724c0d6/lib/ROOTFitPanelv7.pcm
7f789b400000-7f789b800000 r--p 00000000 00:36 3488651055                 /cvmfs/cms.cern.ch/slc7_amd64_gcc10/lcg/root/6.24.07-3ea108fb48fc7b8bb2960269f724c0d6/lib/Minuit2.pcm
7f789b83a000-7f789b8ea000 r--p 00000000 00:36 3488651329                 /cvmfs/cms.cern.ch/slc7_amd64_gcc10/lcg/root/6.24.07-3ea108fb48fc7b8bb2960269f724c0d6/lib/SessionViewer.pcm
7f789b8ea000-7f789b9fd000 r--p 00000000 00:36 3488653328                 /cvmfs/cms.cern.ch/slc7_amd64_gcc10/lcg/root/6.24.07-3ea108fb48fc7b8bb2960269f724c0d6/lib/ROOTGraphicsPrimitives.pcm
7f789ba00000-7f789be41000 r--p 00000000 00:36 3488651897                 /cvmfs/cms.cern.ch/slc7_amd64_gcc10/lcg/root/6.24.07-3ea108fb48fc7b8bb2960269f724c0d6/lib/ROOTHist.pcm
7f789be5a000-7f789becc000 r--p 00000000 00:36 3488649978                 /cvmfs/cms.cern.ch/slc7_amd64_gcc10/lcg/root/6.24.07-3ea108fb48fc7b8bb2960269f724c0d6/lib/ROOTTPython.pcm
7f789bed2000-7f789bf5b000 r--p 00000000 00:36 3488650218                 /cvmfs/cms.cern.ch/slc7_amd64_gcc10/lcg/root/6.24.07-3ea108fb48fc7b8bb2960269f724c0d6/lib/Gviz3d.pcm
7f789bf62000-7f789bffc000 r--p 00000000 00:36 3488651195                 /cvmfs/cms.cern.ch/slc7_amd64_gcc10/lcg/root/6.24.07-3ea108fb48fc7b8bb2960269f724c0d6/lib/ProofBench.pcm
7f789c000000-7f789c46f000 r--p 00000000 00:36 3488651282                 /cvmfs/cms.cern.ch/slc7_amd64_gcc10/lcg/root/6.24.07-3ea108fb48fc7b8bb2960269f724c0d6/lib/ROOTHistDraw.pcm
7f789c4c2000-7f789c600000 r--p 00000000 00:36 3488650070                 /cvmfs/cms.cern.ch/slc7_amd64_gcc10/lcg/root/6.24.07-3ea108fb48fc7b8bb2960269f724c0d6/lib/Gdml.pcm
7f789c600000-7f789cdce000 r--p 00000000 00:36 3488650753                 /cvmfs/cms.cern.ch/slc7_amd64_gcc10/lcg/root/6.24.07-3ea108fb48fc7b8bb2960269f724c0d6/lib/ROOTGpadv7.pcm
7f789ce00000-7f789dbbe000 r--p 00000000 00:36 3488651331                 /cvmfs/cms.cern.ch/slc7_amd64_gcc10/lcg/root/6.24.07-3ea108fb48fc7b8bb2960269f724c0d6/lib/ROOTEve.pcm
7f789dc1a000-7f789dc90000 r--p 00000000 00:36 3488650718                 /cvmfs/cms.cern.ch/slc7_amd64_gcc10/lcg/root/6.24.07-3ea108fb48fc7b8bb2960269f724c0d6/lib/ASImageGui.pcm
7f789dc92000-7f789dd12000 r--p 00000000 00:36 3488650203                 /cvmfs/cms.cern.ch/slc7_amd64_gcc10/lcg/root/6.24.07-3ea108fb48fc7b8bb2960269f724c0d6/lib/RootAuth.pcm
7f789dd17000-7f789ec00000 rw-p 00000000 00:00 0 
7f789ec00000-7f789efaf000 r--p 00000000 00:36 3165942330                 /cvmfs/cms.cern.ch/slc7_amd64_gcc10/lcg/root/6.24.07-3ea108fb48fc7b8bb2960269f724c0d6/lib/RooStats.pcm
7f789f000000-7f789f2e3000 r--p 00000000 00:36 3165942844                 /cvmfs/cms.cern.ch/slc7_amd64_gcc10/lcg/root/6.24.07-3ea108fb48fc7b8bb2960269f724c0d6/lib/Smatrix.pcm
7f789f2f2000-7f789f380000 r--p 00000000 00:36 3488650725                 /cvmfs/cms.cern.ch/slc7_amd64_gcc10/lcg/root/6.24.07-3ea108fb48fc7b8bb2960269f724c0d6/lib/NetxNG.pcm
7f789f382000-7f789f3fb000 r--p 00000000 00:36 3488649809                 /cvmfs/cms.cern.ch/slc7_amd64_gcc10/lcg/root/6.24.07-3ea108fb48fc7b8bb2960269f724c0d6/lib/SpectrumPainter.pcm
7f789f400000-7f78a06c6000 r--p 00000000 00:36 3165943911                 /cvmfs/cms.cern.ch/slc7_amd64_gcc10/lcg/root/6.24.07-3ea108fb48fc7b8bb2960269f724c0d6/lib/RooFitCore.pcm
7f78a0702000-7f78a0782000 r--p 00000000 00:36 3488647901                 /cvmfs/cms.cern.ch/slc7_amd64_gcc10/lcg/root/6.24.07-3ea108fb48fc7b8bb2960269f724c0d6/lib/ASImage.pcm
7f78a0782000-7f78a0800000 r--p 00000000 00:36 3488650188                 /cvmfs/cms.cern.ch/slc7_amd64_gcc10/lcg/root/6.24.07-3ea108fb48fc7b8bb2960269f724c0d6/lib/GX11.pcm
7f78a0800000-7f78a181f000 r--p 00000000 00:36 3488652235                 /cvmfs/cms.cern.ch/slc7_amd64_gcc10/lcg/root/6.24.07-3ea108fb48fc7b8bb2960269f724c0d6/lib/RooFit.pcm
7f78a183a000-7f78a18e2000 r--p 00000000 00:36 3488651330                 /cvmfs/cms.cern.ch/slc7_amd64_gcc10/lcg/root/6.24.07-3ea108fb48fc7b8bb2960269f724c0d6/lib/SQLIO.pcm
7f78a18e2000-7f78a1975000 r--p 00000000 00:36 3488649729                 /cvmfs/cms.cern.ch/slc7_amd64_gcc10/lcg/root/6.24.07-3ea108fb48fc7b8bb2960269f724c0d6/lib/GuiBld.pcm
7f78a1976000-7f78a26b9000 rw-p 00000000 00:00 0 
7f78a26b9000-7f78a2c00000 rw-p 00000000 00:00 0 
7f78a2c00000-7f78a316d000 r--p 00000000 00:36 3488651323                 /cvmfs/cms.cern.ch/slc7_amd64_gcc10/lcg/root/6.24.07-3ea108fb48fc7b8bb2960269f724c0d6/lib/RGL.pcm
7f78a318a000-7f78a31fd000 r--p 00000000 00:36 3488650201                 /cvmfs/cms.cern.ch/slc7_amd64_gcc10/lcg/root/6.24.07-3ea108fb48fc7b8bb2960269f724c0d6/lib/GX11TTF.pcm
7f78a3200000-7f78a3567000 r--p 00000000 00:36 3488649265                 /cvmfs/cms.cern.ch/slc7_amd64_gcc10/lcg/root/6.24.07-3ea108fb48fc7b8bb2960269f724c0d6/lib/Geom.pcm
7f78a359a000-7f78a3615000 r--p 00000000 00:36 3488648046                 /cvmfs/cms.cern.ch/slc7_amd64_gcc10/lcg/root/6.24.07-3ea108fb48fc7b8bb2960269f724c0d6/lib/FFTW.pcm
7f78a361a000-7f78a36ff000 r--p 00000000 00:36 3488648573                 /cvmfs/cms.cern.ch/slc7_amd64_gcc10/lcg/root/6.24.07-3ea108fb48fc7b8bb2960269f724c0d6/lib/GeomBuilder.pcm
7f78a3702000-7f78a37fc000 r--p 00000000 00:36 3488647937                 /cvmfs/cms.cern.ch/slc7_amd64_gcc10/lcg/root/6.24.07-3ea108fb48fc7b8bb2960269f724c0d6/lib/Ged.pcm
7f78a3800000-7f78a3d6f000 r--p 00000000 00:36 3488649630                 /cvmfs/cms.cern.ch/slc7_amd64_gcc10/lcg/root/6.24.07-3ea108fb48fc7b8bb2960269f724c0d6/lib/Eve.pcm
7f78a3dba000-7f78a3e4d000 r--p 00000000 00:36 3165940561                 /cvmfs/cms.cern.ch/slc7_amd64_gcc10/lcg/root/6.24.07-3ea108fb48fc7b8bb2960269f724c0d6/lib/Recorder.pcm
7f78a3e52000-7f78a3ec8000 r--p 00000000 00:36 3165941451                 /cvmfs/cms.cern.ch/slc7_amd64_gcc10/lcg/root/6.24.07-3ea108fb48fc7b8bb2960269f724c0d6/lib/SPlot.pcm
7f78a3eca000-7f78a3f41000 r--p 00000000 00:36 3165939496                 /cvmfs/cms.cern.ch/slc7_amd64_gcc10/lcg/root/6.24.07-3ea108fb48fc7b8bb2960269f724c0d6/lib/X3d.pcm
7f78a3f42000-7f78a4088000 r--p 00000000 00:36 3488650141                 /cvmfs/cms.cern.ch/slc7_amd64_gcc10/lcg/root/6.24.07-3ea108fb48fc7b8bb2960269f724c0d6/lib/MathMore.pcm
7f78a408a000-7f78a4111000 r--p 00000000 00:36 3488649781                 /cvmfs/cms.cern.ch/slc7_amd64_gcc10/lcg/root/6.24.07-3ea108fb48fc7b8bb2960269f724c0d6/lib/RooFitMore.pcm
7f78a4112000-7f78a418c000 r--p 00000000 00:36 3165941532                 /cvmfs/cms.cern.ch/slc7_amd64_gcc10/lcg/root/6.24.07-3ea108fb48fc7b8bb2960269f724c0d6/lib/Fumili.pcm
7f78a4192000-7f78a42ca000 r--p 00000000 00:36 3488650099                 /cvmfs/cms.cern.ch/slc7_amd64_gcc10/lcg/root/6.24.07-3ea108fb48fc7b8bb2960269f724c0d6/lib/ROOTBrowserv7.pcm
7f78a42ca000-7f78a4492000 r--p 00000000 00:36 3488650183                 /cvmfs/cms.cern.ch/slc7_amd64_gcc10/lcg/root/6.24.07-3ea108fb48fc7b8bb2960269f724c0d6/lib/ROOTWebDisplay.pcm
7f78a4492000-7f78a4527000 r--p 00000000 00:36 3488651318                 /cvmfs/cms.cern.ch/slc7_amd64_gcc10/lcg/root/6.24.07-3ea108fb48fc7b8bb2960269f724c0d6/lib/Postscript.pcm
7f78a452a000-7f78a45c5000 r--p 00000000 00:36 3488650734                 /cvmfs/cms.cern.ch/slc7_amd64_gcc10/lcg/root/6.24.07-3ea108fb48fc7b8bb2960269f724c0d6/lib/TMVAGui.pcm
7f78a45ca000-7f78a4668000 r--p 00000000 00:36 3488648698                 /cvmfs/cms.cern.ch/slc7_amd64_gcc10/lcg/root/6.24.07-3ea108fb48fc7b8bb2960269f724c0d6/lib/GuiHtml.pcm
7f78a466a000-7f78a47fb000 r--p 00000000 00:36 3488649101                 /cvmfs/cms.cern.ch/slc7_amd64_gcc10/lcg/root/6.24.07-3ea108fb48fc7b8bb2960269f724c0d6/lib/Html.pcm
7f78a4800000-7f78a4b8e000 r--p 00000000 00:36 3165940489                 /cvmfs/cms.cern.ch/slc7_amd64_gcc10/lcg/root/6.24.07-3ea108fb48fc7b8bb2960269f724c0d6/lib/HistFactory.pcm
7f78a4b9a000-7f78a4baf000 r--p 00000000 00:36 3491174104                 /cvmfs/cms.cern.ch/slc7_amd64_gcc10/cms/cmssw/CMSSW_12_6_3/lib/slc7_amd64_gcc10/libFWCoreUtilities.so
7f78a4baf000-7f78a4bea000 r-xp 00015000 00:36 3491174104                 /cvmfs/cms.cern.ch/slc7_amd64_gcc10/cms/cmssw/CMSSW_12_6_3/lib/slc7_amd64_gcc10/libFWCoreUtilities.so
7f78a4bea000-7f78a4bfb000 r--p 00050000 00:36 3491174104                 /cvmfs/cms.cern.ch/slc7_amd64_gcc10/cms/cmssw/CMSSW_12_6_3/lib/slc7_amd64_gcc10/libFWCoreUtilities.so
7f78a4bfb000-7f78a4bfc000 ---p 00061000 00:36 3491174104                 /cvmfs/cms.cern.ch/slc7_amd64_gcc10/cms/cmssw/CMSSW_12_6_3/lib/slc7_amd64_gcc10/libFWCoreUtilities.so
7f78a4bfc000-7f78a4bfd000 r--p 00061000 00:36 3491174104                 /cvmfs/cms.cern.ch/slc7_amd64_gcc10/cms/cmssw/CMSSW_12_6_3/lib/slc7_amd64_gcc10/libFWCoreUtilities.so
7f78a4bfd000-7f78a4bfe000 rw-p 00062000 00:36 3491174104                 /cvmfs/cms.cern.ch/slc7_amd64_gcc10/cms/cmssw/CMSSW_12_6_3/lib/slc7_amd64_gcc10/libFWCoreUtilities.so
7f78a4bfe000-7f78a4c00000 rw-p 00000000 00:00 0 
7f78a4c00000-7f78a593f000 r--p 00000000 00:36 3488654258                 /cvmfs/cms.cern.ch/slc7_amd64_gcc10/lcg/root/6.24.07-3ea108fb48fc7b8bb2960269f724c0d6/lib/ROOTNTuple.pcm
7f78a5982000-7f78a59fa000 r--p 00000000 00:36 3488648553                 /cvmfs/cms.cern.ch/slc7_amd64_gcc10/lcg/root/6.24.07-3ea108fb48fc7b8bb2960269f724c0d6/lib/DCache.pcm
7f78a5a00000-7f78a5cad000 r--p 00000000 00:36 3488649067                 /cvmfs/cms.cern.ch/slc7_amd64_gcc10/lcg/root/6.24.07-3ea108fb48fc7b8bb2960269f724c0d6/lib/ROOTVecOps.pcm
7f78a5cca000-7f78a5d38000 r--p 00000000 00:36 3488650726                 /cvmfs/cms.cern.ch/slc7_amd64_gcc10/lcg/root/6.24.07-3ea108fb48fc7b8bb2960269f724c0d6/lib/RCsg.pcm
7f78a5d3a000-7f78a5df9000 r--p 00000000 00:36 3488650722                 /cvmfs/cms.cern.ch/slc7_amd64_gcc10/lcg/root/6.24.07-3ea108fb48fc7b8bb2960269f724c0d6/lib/Physics.pcm
7f78a5e00000-7f78a69c5000 r--p 00000000 00:36 3488650744                 /cvmfs/cms.cern.ch/slc7_amd64_gcc10/lcg/root/6.24.07-3ea108fb48fc7b8bb2960269f724c0d6/lib/ROOTDataFrame.pcm
7f78a69e2000-7f78a6b76000 r--p 00000000 00:36 3488650187                 /cvmfs/cms.cern.ch/slc7_amd64_gcc10/lcg/root/6.24.07-3ea108fb48fc7b8bb2960269f724c0d6/lib/Proof.pcm
7f78a6b7a000-7f78a6bfd000 r--p 00000000 00:36 3488651998                 /cvmfs/cms.cern.ch/slc7_amd64_gcc10/lcg/root/6.24.07-3ea108fb48fc7b8bb2960269f724c0d6/lib/MLP.pcm
7f78a6c00000-7f78a70ba000 r--p 00000000 00:36 3488650185                 /cvmfs/cms.cern.ch/slc7_amd64_gcc10/lcg/root/6.24.07-3ea108fb48fc7b8bb2960269f724c0d6/lib/TreePlayer.pcm
7f78a7122000-7f78a71fe000 r--p 00000000 00:36 3165940038                 /cvmfs/cms.cern.ch/slc7_amd64_gcc10/lcg/root/6.24.07-3ea108fb48fc7b8bb2960269f724c0d6/lib/Graf3d.pcm
7f78a7200000-7f78a8388000 r--p 00000000 00:36 3165943701                 /cvmfs/cms.cern.ch/slc7_amd64_gcc10/lcg/root/6.24.07-3ea108fb48fc7b8bb2960269f724c0d6/lib/TMVA.pcm
7f78a83b2000-7f78a8444000 r--p 00000000 00:36 3488649929                 /cvmfs/cms.cern.ch/slc7_amd64_gcc10/lcg/root/6.24.07-3ea108fb48fc7b8bb2960269f724c0d6/lib/Minuit.pcm
7f78a844a000-7f78a84e2000 r--p 00000000 00:36 3488650168                 /cvmfs/cms.cern.ch/slc7_amd64_gcc10/lcg/root/6.24.07-3ea108fb48fc7b8bb2960269f724c0d6/lib/PyMVA.pcm
7f78a84e2000-7f78a85f9000 r--p 00000000 00:36 3488648673                 /cvmfs/cms.cern.ch/slc7_amd64_gcc10/lcg/root/6.24.07-3ea108fb48fc7b8bb2960269f724c0d6/lib/XMLIO.pcm
7f78a8600000-7f78a8875000 r--p 00000000 00:36 3488648147                 /cvmfs/cms.cern.ch/slc7_amd64_gcc10/lcg/root/6.24.07-3ea108fb48fc7b8bb2960269f724c0d6/lib/Tree.pcm
7f78a88d2000-7f78a8958000 r--p 00000000 00:36 3488650211                 /cvmfs/cms.cern.ch/slc7_amd64_gcc10/lcg/root/6.24.07-3ea108fb48fc7b8bb2960269f724c0d6/lib/HistPainter.pcm
7f78a895a000-7f78a8aee000 r--p 00000000 00:36 3488653168                 /cvmfs/cms.cern.ch/slc7_amd64_gcc10/lcg/root/6.24.07-3ea108fb48fc7b8bb2960269f724c0d6/lib/RHTTP.pcm
7f78a8af2000-7f78a8bf9000 r--p 00000000 00:36 3488649561                 /cvmfs/cms.cern.ch/slc7_amd64_gcc10/lcg/root/6.24.07-3ea108fb48fc7b8bb2960269f724c0d6/lib/Graf.pcm
7f78a8c00000-7f78a91a5000 r--p 00000000 00:36 3488651320                 /cvmfs/cms.cern.ch/slc7_amd64_gcc10/lcg/root/6.24.07-3ea108fb48fc7b8bb2960269f724c0d6/lib/Hist.pcm
7f78a91fa000-7f78a9294000 r--p 00000000 00:36 3165941522                 /cvmfs/cms.cern.ch/slc7_amd64_gcc10/lcg/root/6.24.07-3ea108fb48fc7b8bb2960269f724c0d6/lib/EG.pcm
7f78a929a000-7f78a9338000 r--p 00000000 00:36 3488650736                 /cvmfs/cms.cern.ch/slc7_amd64_gcc10/lcg/root/6.24.07-3ea108fb48fc7b8bb2960269f724c0d6/lib/Quadp.pcm
7f78a933a000-7f78a93fd000 r--p 00000000 00:36 3488651309                 /cvmfs/cms.cern.ch/slc7_amd64_gcc10/lcg/root/6.24.07-3ea108fb48fc7b8bb2960269f724c0d6/lib/ProofPlayer.pcm
7f78a9400000-7f78a9772000 r--p 00000000 00:36 3488651310                 /cvmfs/cms.cern.ch/slc7_amd64_gcc10/lcg/root/6.24.07-3ea108fb48fc7b8bb2960269f724c0d6/lib/Gui.pcm
7f78a978a000-7f78a9871000 r--p 00000000 00:36 3488652942                 /cvmfs/cms.cern.ch/slc7_amd64_gcc10/lcg/root/6.24.07-3ea108fb48fc7b8bb2960269f724c0d6/lib/ProofDraw.pcm
7f78a9872000-7f78a9920000 r--p 00000000 00:36 3488647961                 /cvmfs/cms.cern.ch/slc7_amd64_gcc10/lcg/root/6.24.07-3ea108fb48fc7b8bb2960269f724c0d6/lib/FitPanel.pcm
7f78a9922000-7f78a99c7000 r--p 00000000 00:36 3165942711                 /cvmfs/cms.cern.ch/slc7_amd64_gcc10/lcg/root/6.24.07-3ea108fb48fc7b8bb2960269f724c0d6/lib/RDAVIX.pcm
7f78a99ca000-7f78a9ae5000 r--p 00000000 00:36 3488650103                 /cvmfs/cms.cern.ch/slc7_amd64_gcc10/lcg/root/6.24.07-3ea108fb48fc7b8bb2960269f724c0d6/lib/Net.pcm
7f78a9aea000-7f78a9c23000 r--p 00000000 00:36 3488651197                 /cvmfs/cms.cern.ch/slc7_amd64_gcc10/lcg/root/6.24.07-3ea108fb48fc7b8bb2960269f724c0d6/lib/MultiProc.pcm
7f78a9c2a000-7f78a9dfb000 r--p 00000000 00:36 3488648823                 /cvmfs/cms.cern.ch/slc7_amd64_gcc10/lcg/root/6.24.07-3ea108fb48fc7b8bb2960269f724c0d6/lib/Imt.pcm
7f78a9e00000-7f78aa713000 r--p 00000000 00:36 3488650204                 /cvmfs/cms.cern.ch/slc7_amd64_gcc10/lcg/root/6.24.07-3ea108fb48fc7b8bb2960269f724c0d6/lib/MathCore.pcm
7f78aa71a000-7f78aa7f9000 r--p 00000000 00:36 3488648543                 /cvmfs/cms.cern.ch/slc7_amd64_gcc10/lcg/root/6.24.07-3ea108fb48fc7b8bb2960269f724c0d6/lib/Gpad.pcm
7f78aa800000-7f78aab4a000 r--p 00000000 00:36 3488650186                 /cvmfs/cms.cern.ch/slc7_amd64_gcc10/lcg/root/6.24.07-3ea108fb48fc7b8bb2960269f724c0d6/lib/RIO.pcm
7f78aab8a000-7f78aabfe000 r--p 00000000 00:36 3488651314                 /cvmfs/cms.cern.ch/slc7_amd64_gcc10/lcg/root/6.24.07-3ea108fb48fc7b8bb2960269f724c0d6/lib/RHTTPSniff.pcm
7f78aac00000-7f78ab63e000 r--p 00000000 00:36 3488650738                 /cvmfs/cms.cern.ch/slc7_amd64_gcc10/lcg/root/6.24.07-3ea108fb48fc7b8bb2960269f724c0d6/lib/Core.pcm
7f78ab66a000-7f78ab7f9000 r--p 00000000 00:36 3488648159                 /cvmfs/cms.cern.ch/slc7_amd64_gcc10/lcg/root/6.24.07-3ea108fb48fc7b8bb2960269f724c0d6/lib/Thread.pcm
7f78ab800000-7f78abc06000 r--p 00000000 00:36 3488651058                 /cvmfs/cms.cern.ch/slc7_amd64_gcc10/lcg/root/6.24.07-3ea108fb48fc7b8bb2960269f724c0d6/lib/_Builtin_intrinsics.pcm
7f78abc32000-7f78abc9f000 r--p 00000000 00:36 3488650307                 /cvmfs/cms.cern.ch/slc7_amd64_gcc10/lcg/root/6.24.07-3ea108fb48fc7b8bb2960269f724c0d6/lib/Rint.pcm
7f78abcba000-7f78abd34000 r--p 00000000 00:36 3488650769                 /cvmfs/cms.cern.ch/slc7_amd64_gcc10/lcg/root/6.24.07-3ea108fb48fc7b8bb2960269f724c0d6/lib/XMLParser.pcm
7f78abd3a000-7f78abdcb000 r--p 00000000 00:36 3488648202                 /cvmfs/cms.cern.ch/slc7_amd64_gcc10/lcg/root/6.24.07-3ea108fb48fc7b8bb2960269f724c0d6/lib/Unfold.pcm
7f78abdd2000-7f78abf14000 r--p 00000000 00:36 3488649103                 /cvmfs/cms.cern.ch/slc7_amd64_gcc10/lcg/root/6.24.07-3ea108fb48fc7b8bb2960269f724c0d6/lib/ROOTBrowsable.pcm
7f78abf1a000-7f78ac0a6000 r--p 00000000 00:36 3488650972                 /cvmfs/cms.cern.ch/slc7_amd64_gcc10/lcg/root/6.24.07-3ea108fb48fc7b8bb2960269f724c0d6/lib/Matrix.pcm
7f78ac0e2000-7f78ac17c000 r--p 00000000 00:36 3165943302                 /cvmfs/cms.cern.ch/slc7_amd64_gcc10/lcg/root/6.24.07-3ea108fb48fc7b8bb2960269f724c0d6/lib/Spectrum.pcm
7f78ac182000-7f78ac20b000 r--p 00000000 00:36 3165940043                 /cvmfs/cms.cern.ch/slc7_amd64_gcc10/lcg/root/6.24.07-3ea108fb48fc7b8bb2960269f724c0d6/lib/Foam.pcm
7f78ac212000-7f78ac2c9000 r--p 00000000 00:36 3488648571                 /cvmfs/cms.cern.ch/slc7_amd64_gcc10/lcg/root/6.24.07-3ea108fb48fc7b8bb2960269f724c0d6/lib/TreeViewer.pcm
7f78ac2ca000-7f78ac353000 r--p 00000000 00:36 3165942153                 /cvmfs/cms.cern.ch/slc7_amd64_gcc10/lcg/root/6.24.07-3ea108fb48fc7b8bb2960269f724c0d6/lib/GeomPainter.pcm
7f78ac35a000-7f78ac3fb000 r--p 00000000 00:36 3488651121                 /cvmfs/cms.cern.ch/slc7_amd64_gcc10/lcg/root/6.24.07-3ea108fb48fc7b8bb2960269f724c0d6/lib/ROOT_Foundation_Stage1_NoRTTI.pcm
7f78ac400000-7f78ad867000 r--p 00000000 00:36 3488653473                 /cvmfs/cms.cern.ch/slc7_amd64_gcc10/lcg/root/6.24.07-3ea108fb48fc7b8bb2960269f724c0d6/lib/std.pcm
7f78ad872000-7f78ad876000 r--p 00000000 00:36 3170251473                 /cvmfs/cms.cern.ch/slc7_amd64_gcc10/external/fmt/8.0.1-b8a6534feba2e3dac314eff5040afd69/lib/libfmt.so.8.0.1
7f78ad876000-7f78ad88f000 r-xp 00004000 00:36 3170251473                 /cvmfs/cms.cern.ch/slc7_amd64_gcc10/external/fmt/8.0.1-b8a6534feba2e3dac314eff5040afd69/lib/libfmt.so.8.0.1
7f78ad88f000-7f78ad894000 r--p 0001d000 00:36 3170251473                 /cvmfs/cms.cern.ch/slc7_amd64_gcc10/external/fmt/8.0.1-b8a6534feba2e3dac314eff5040afd69/lib/libfmt.so.8.0.1
7f78ad894000-7f78ad895000 ---p 00022000 00:36 3170251473                 /cvmfs/cms.cern.ch/slc7_amd64_gcc10/external/fmt/8.0.1-b8a6534feba2e3dac314eff5040afd69/lib/libfmt.so.8.0.1
7f78ad895000-7f78ad896000 r--p 00022000 00:36 3170251473                 /cvmfs/cms.cern.ch/slc7_amd64_gcc10/external/fmt/8.0.1-b8a6534feba2e3dac314eff5040afd69/lib/libfmt.so.8.0.1
7f78ad896000-7f78ad897000 rw-p 00023000 00:36 3170251473                 /cvmfs/cms.cern.ch/slc7_amd64_gcc10/external/fmt/8.0.1-b8a6534feba2e3dac314eff5040afd69/lib/libfmt.so.8.0.1
7f78ad89a000-7f78ad89c000 r--p 00000000 00:36 2892222526                 /cvmfs/cms.cern.ch/slc7_amd64_gcc10/external/bz2lib/1.0.6-86270889250d9cb8193d1963706a39cb/lib/libbz2.so.1.0.6
7f78ad89c000-7f78ad8a9000 r-xp 00002000 00:36 2892222526                 /cvmfs/cms.cern.ch/slc7_amd64_gcc10/external/bz2lib/1.0.6-86270889250d9cb8193d1963706a39cb/lib/libbz2.so.1.0.6
7f78ad8a9000-7f78ad8ab000 r--p 0000f000 00:36 2892222526                 /cvmfs/cms.cern.ch/slc7_amd64_gcc10/external/bz2lib/1.0.6-86270889250d9cb8193d1963706a39cb/lib/libbz2.so.1.0.6
7f78ad8ab000-7f78ad8ac000 r--p 00010000 00:36 2892222526                 /cvmfs/cms.cern.ch/slc7_amd64_gcc10/external/bz2lib/1.0.6-86270889250d9cb8193d1963706a39cb/lib/libbz2.so.1.0.6
7f78ad8ac000-7f78ad8ad000 rw-p 00011000 00:36 2892222526                 /cvmfs/cms.cern.ch/slc7_amd64_gcc10/external/bz2lib/1.0.6-86270889250d9cb8193d1963706a39cb/lib/libbz2.so.1.0.6
7f78ad8b2000-7f78ad8ba000 r--p 00000000 00:36 3491298945                 /cvmfs/cms.cern.ch/slc7_amd64_gcc10/external/boost/1.78.0-850e5328ab465746724c19b2301f9b35/lib/libboost_thread.so.1.78.0
7f78ad8ba000-7f78ad8c6000 r-xp 00008000 00:36 3491298945                 /cvmfs/cms.cern.ch/slc7_amd64_gcc10/external/boost/1.78.0-850e5328ab465746724c19b2301f9b35/lib/libboost_thread.so.1.78.0
7f78ad8c6000-7f78ad8cb000 r--p 00014000 00:36 3491298945                 /cvmfs/cms.cern.ch/slc7_amd64_gcc10/external/boost/1.78.0-850e5328ab465746724c19b2301f9b35/lib/libboost_thread.so.1.78.0
7f78ad8cb000-7f78ad8cd000 r--p 00018000 00:36 3491298945                 /cvmfs/cms.cern.ch/slc7_amd64_gcc10/external/boost/1.78.0-850e5328ab465746724c19b2301f9b35/lib/libboost_thread.so.1.78.0
7f78ad8cd000-7f78ad8ce000 rw-p 0001a000 00:36 3491298945                 /cvmfs/cms.cern.ch/slc7_amd64_gcc10/external/boost/1.78.0-850e5328ab465746724c19b2301f9b35/lib/libboost_thread.so.1.78.0
7f78ad8d2000-7f78ad8f4000 r--p 00000000 00:36 3488650200                 /cvmfs/cms.cern.ch/slc7_amd64_gcc10/lcg/root/6.24.07-3ea108fb48fc7b8bb2960269f724c0d6/lib/ROOT_Config.pcm
7f78ad8fa000-7f78ad922000 r--p 00000000 00:36 3488650179                 /cvmfs/cms.cern.ch/slc7_amd64_gcc10/lcg/root/6.24.07-3ea108fb48fc7b8bb2960269f724c0d6/lib/ROOT_Rtypes.pcm
7f78ad922000-7f78ad979000 r--p 00000000 00:36 3488650237                 /cvmfs/cms.cern.ch/slc7_amd64_gcc10/lcg/root/6.24.07-3ea108fb48fc7b8bb2960269f724c0d6/lib/ROOT_Foundation_C.pcm
7f78ad97a000-7f78ad99a000 r--p 00000000 00:36 3488650164                 /cvmfs/cms.cern.ch/slc7_amd64_gcc10/lcg/root/6.24.07-3ea108fb48fc7b8bb2960269f724c0d6/lib/Cling_Runtime_Extra.pcm
7f78ad99a000-7f78ad9bc000 r--p 00000000 00:36 3488647947                 /cvmfs/cms.cern.ch/slc7_amd64_gcc10/lcg/root/6.24.07-3ea108fb48fc7b8bb2960269f724c0d6/lib/Cling_Runtime.pcm
7f78ad9c2000-7f78ad9e7000 r-xp 00000000 fd:00 92932332                   /usr/lib64/libtinfo.so.5.9
7f78ad9e7000-7f78adbe7000 ---p 00025000 fd:00 92932332                   /usr/lib64/libtinfo.so.5.9
7f78adbe7000-7f78adbeb000 r--p 00025000 fd:00 92932332                   /usr/lib64/libtinfo.so.5.9
7f78adbeb000-7f78adbec000 rw-p 00029000 fd:00 92932332                   /usr/lib64/libtinfo.so.5.9
7f78adbf2000-7f78adbf9000 r-xp 00000000 fd:00 92932292                   /usr/lib64/librt-2.17.so
7f78adbf9000-7f78addf8000 ---p 00007000 fd:00 92932292                   /usr/lib64/librt-2.17.so
7f78addf8000-7f78addf9000 r--p 00006000 fd:00 92932292                   /usr/lib64/librt-2.17.so
7f78addf9000-7f78addfa000 rw-p 00007000 fd:00 92932292                   /usr/lib64/librt-2.17.so
7f78ade00000-7f78ae28b000 r--p 00000000 00:36 3488652821                 /cvmfs/cms.cern.ch/slc7_amd64_gcc10/lcg/root/6.24.07-3ea108fb48fc7b8bb2960269f724c0d6/lib/libCling.so
7f78ae28b000-7f78b0fe7000 r-xp 0048b000 00:36 3488652821                 /cvmfs/cms.cern.ch/slc7_amd64_gcc10/lcg/root/6.24.07-3ea108fb48fc7b8bb2960269f724c0d6/lib/libCling.so
7f78b0fe7000-7f78b1a27000 r--p 031e7000 00:36 3488652821                 /cvmfs/cms.cern.ch/slc7_amd64_gcc10/lcg/root/6.24.07-3ea108fb48fc7b8bb2960269f724c0d6/lib/libCling.so
7f78b1a27000-7f78b1a28000 ---p 03c27000 00:36 3488652821                 /cvmfs/cms.cern.ch/slc7_amd64_gcc10/lcg/root/6.24.07-3ea108fb48fc7b8bb2960269f724c0d6/lib/libCling.so
7f78b1a28000-7f78b1d2a000 r--p 03c27000 00:36 3488652821                 /cvmfs/cms.cern.ch/slc7_amd64_gcc10/lcg/root/6.24.07-3ea108fb48fc7b8bb2960269f724c0d6/lib/libCling.so
7f78b1d2a000-7f78b1d38000 rw-p 03f29000 00:36 3488652821                 /cvmfs/cms.cern.ch/slc7_amd64_gcc10/lcg/root/6.24.07-3ea108fb48fc7b8bb2960269f724c0d6/lib/libCling.so
7f78b1d38000-7f78b1d73000 rw-p 00000000 00:00 0 
7f78b1d7a000-7f78b1d7b000 r--p 00000000 00:36 2694355809                 /cvmfs/cms.cern.ch/slc7_amd64_gcc10/external/md5/1.0.0-0440f43b57c5656322f7cd7a65f85771/lib/libcms-md5.so
7f78b1d7b000-7f78b1d7d000 r-xp 00001000 00:36 2694355809                 /cvmfs/cms.cern.ch/slc7_amd64_gcc10/external/md5/1.0.0-0440f43b57c5656322f7cd7a65f85771/lib/libcms-md5.so
7f78b1d7d000-7f78b1d7e000 r--p 00003000 00:36 2694355809                 /cvmfs/cms.cern.ch/slc7_amd64_gcc10/external/md5/1.0.0-0440f43b57c5656322f7cd7a65f85771/lib/libcms-md5.so
7f78b1d7e000-7f78b1d7f000 r--p 00003000 00:36 2694355809                 /cvmfs/cms.cern.ch/slc7_amd64_gcc10/external/md5/1.0.0-0440f43b57c5656322f7cd7a65f85771/lib/libcms-md5.so
7f78b1d7f000-7f78b1d80000 rw-p 00004000 00:36 2694355809                 /cvmfs/cms.cern.ch/slc7_amd64_gcc10/external/md5/1.0.0-0440f43b57c5656322f7cd7a65f85771/lib/libcms-md5.so
7f78b1d82000-7f78b1d8e000 r-xp 00000000 fd:00 92932225                   /usr/lib64/libnss_files-2.17.so
7f78b1d8e000-7f78b1f8d000 ---p 0000c000 fd:00 92932225                   /usr/lib64/libnss_files-2.17.so
7f78b1f8d000-7f78b1f8e000 r--p 0000b000 fd:00 92932225                   /usr/lib64/libnss_files-2.17.so
7f78b1f8e000-7f78b1f8f000 rw-p 0000c000 fd:00 92932225                   /usr/lib64/libnss_files-2.17.so
7f78b1f8f000-7f78b1f95000 rw-p 00000000 00:00 0 
7f78b1f9a000-7f78b1fbe000 r-xp 00000000 fd:00 92932296                   /usr/lib64/libselinux.so.1
7f78b1fbe000-7f78b21bd000 ---p 00024000 fd:00 92932296                   /usr/lib64/libselinux.so.1
7f78b21bd000-7f78b21be000 r--p 00023000 fd:00 92932296                   /usr/lib64/libselinux.so.1
7f78b21be000-7f78b21bf000 rw-p 00024000 fd:00 92932296                   /usr/lib64/libselinux.so.1
7f78b21bf000-7f78b21c1000 rw-p 00000000 00:00 0 
7f78b21c2000-7f78b21d8000 r-xp 00000000 fd:00 92932282                   /usr/lib64/libresolv-2.17.so
7f78b21d8000-7f78b23d8000 ---p 00016000 fd:00 92932282                   /usr/lib64/libresolv-2.17.so
7f78b23d8000-7f78b23d9000 r--p 00016000 fd:00 92932282                   /usr/lib64/libresolv-2.17.so
7f78b23d9000-7f78b23da000 rw-p 00017000 fd:00 92932282                   /usr/lib64/libresolv-2.17.so
7f78b23da000-7f78b23dc000 rw-p 00000000 00:00 0 
7f78b23e2000-7f78b23e5000 r-xp 00000000 fd:00 92932174                   /usr/lib64/libkeyutils.so.1.5
7f78b23e5000-7f78b25e4000 ---p 00003000 fd:00 92932174                   /usr/lib64/libkeyutils.so.1.5
7f78b25e4000-7f78b25e5000 r--p 00002000 fd:00 92932174                   /usr/lib64/libkeyutils.so.1.5
7f78b25e5000-7f78b25e6000 rw-p 00003000 fd:00 92932174                   /usr/lib64/libkeyutils.so.1.5
7f78b25ea000-7f78b25f8000 r-xp 00000000 fd:00 92932182                   /usr/lib64/libkrb5support.so.0.1
7f78b25f8000-7f78b27f8000 ---p 0000e000 fd:00 92932182                   /usr/lib64/libkrb5support.so.0.1
7f78b27f8000-7f78b27f9000 r--p 0000e000 fd:00 92932182                   /usr/lib64/libkrb5support.so.0.1
7f78b27f9000-7f78b27fa000 rw-p 0000f000 fd:00 92932182                   /usr/lib64/libkrb5support.so.0.1
7f78b2800000-7f78b281d000 r--p 00000000 00:36 3484708634                 /cvmfs/cms.cern.ch/slc7_amd64_gcc10/external/gcc/10.3.0-84898dea653199466402e67d73657f10/lib64/libgfortran.so.5.0.0
7f78b281d000-7f78b2a81000 r-xp 0001d000 00:36 3484708634                 /cvmfs/cms.cern.ch/slc7_amd64_gcc10/external/gcc/10.3.0-84898dea653199466402e67d73657f10/lib64/libgfortran.so.5.0.0
7f78b2a81000-7f78b2ab3000 r--p 00281000 00:36 3484708634                 /cvmfs/cms.cern.ch/slc7_amd64_gcc10/external/gcc/10.3.0-84898dea653199466402e67d73657f10/lib64/libgfortran.so.5.0.0
7f78b2ab3000-7f78b2ab4000 ---p 002b3000 00:36 3484708634                 /cvmfs/cms.cern.ch/slc7_amd64_gcc10/external/gcc/10.3.0-84898dea653199466402e67d73657f10/lib64/libgfortran.so.5.0.0
7f78b2ab4000-7f78b2ab5000 r--p 002b3000 00:36 3484708634                 /cvmfs/cms.cern.ch/slc7_amd64_gcc10/external/gcc/10.3.0-84898dea653199466402e67d73657f10/lib64/libgfortran.so.5.0.0
7f78b2ab5000-7f78b2ab7000 rw-p 002b4000 00:36 3484708634                 /cvmfs/cms.cern.ch/slc7_amd64_gcc10/external/gcc/10.3.0-84898dea653199466402e67d73657f10/lib64/libgfortran.so.5.0.0
7f78b2aba000-7f78b2b33000 r--p 00000000 00:36 3488649127                 /cvmfs/cms.cern.ch/slc7_amd64_gcc10/lcg/root/6.24.07-3ea108fb48fc7b8bb2960269f724c0d6/lib/Genetic.pcm
7f78b2b3a000-7f78b2c81000 r--p 00000000 00:36 3488650822                 /cvmfs/cms.cern.ch/slc7_amd64_gcc10/lcg/root/6.24.07-3ea108fb48fc7b8bb2960269f724c0d6/lib/libc.pcm
7f78b2c82000-7f78b2cb3000 r-xp 00000000 fd:00 92932170                   /usr/lib64/libk5crypto.so.3.1
7f78b2cb3000-7f78b2eb2000 ---p 00031000 fd:00 92932170                   /usr/lib64/libk5crypto.so.3.1
7f78b2eb2000-7f78b2eb4000 r--p 00030000 fd:00 92932170                   /usr/lib64/libk5crypto.so.3.1
7f78b2eb4000-7f78b2eb5000 rw-p 00032000 fd:00 92932170                   /usr/lib64/libk5crypto.so.3.1
7f78b2eba000-7f78b2ebd000 r-xp 00000000 fd:00 92932093                   /usr/lib64/libcom_err.so.2.1
7f78b2ebd000-7f78b30bc000 ---p 00003000 fd:00 92932093                   /usr/lib64/libcom_err.so.2.1
7f78b30bc000-7f78b30bd000 r--p 00002000 fd:00 92932093                   /usr/lib64/libcom_err.so.2.1
7f78b30bd000-7f78b30be000 rw-p 00003000 fd:00 92932093                   /usr/lib64/libcom_err.so.2.1
7f78b30c2000-7f78b319b000 r-xp 00000000 fd:00 92932180                   /usr/lib64/libkrb5.so.3.3
7f78b319b000-7f78b339a000 ---p 000d9000 fd:00 92932180                   /usr/lib64/libkrb5.so.3.3
7f78b339a000-7f78b33a8000 r--p 000d8000 fd:00 92932180                   /usr/lib64/libkrb5.so.3.3
7f78b33a8000-7f78b33ab000 rw-p 000e6000 fd:00 92932180                   /usr/lib64/libkrb5.so.3.3
7f78b33b2000-7f78b33fc000 r-xp 00000000 fd:00 92932156                   /usr/lib64/libgssapi_krb5.so.2.2
7f78b33fc000-7f78b35fc000 ---p 0004a000 fd:00 92932156                   /usr/lib64/libgssapi_krb5.so.2.2
7f78b35fc000-7f78b35fd000 r--p 0004a000 fd:00 92932156                   /usr/lib64/libgssapi_krb5.so.2.2
7f78b35fd000-7f78b35ff000 rw-p 0004b000 fd:00 92932156                   /usr/lib64/libgssapi_krb5.so.2.2
7f78b3600000-7f78b367a000 r--p 00000000 00:36 3491264791                 /cvmfs/cms.cern.ch/slc7_amd64_gcc10/external/OpenBLAS/0.3.15-4b9e74563ec999425816b833afc2b93a/lib/libopenblas_core2p-r0.3.15.so
7f78b367a000-7f78b415b000 r-xp 0007a000 00:36 3491264791                 /cvmfs/cms.cern.ch/slc7_amd64_gcc10/external/OpenBLAS/0.3.15-4b9e74563ec999425816b833afc2b93a/lib/libopenblas_core2p-r0.3.15.so
7f78b415b000-7f78b42ca000 r--p 00b5b000 00:36 3491264791                 /cvmfs/cms.cern.ch/slc7_amd64_gcc10/external/OpenBLAS/0.3.15-4b9e74563ec999425816b833afc2b93a/lib/libopenblas_core2p-r0.3.15.so
7f78b42ca000-7f78b42cb000 ---p 00cca000 00:36 3491264791                 /cvmfs/cms.cern.ch/slc7_amd64_gcc10/external/OpenBLAS/0.3.15-4b9e74563ec999425816b833afc2b93a/lib/libopenblas_core2p-r0.3.15.so
7f78b42cb000-7f78b42d1000 r--p 00cca000 00:36 3491264791                 /cvmfs/cms.cern.ch/slc7_amd64_gcc10/external/OpenBLAS/0.3.15-4b9e74563ec999425816b833afc2b93a/lib/libopenblas_core2p-r0.3.15.so
7f78b42d1000-7f78b42db000 rw-p 00cd0000 00:36 3491264791                 /cvmfs/cms.cern.ch/slc7_amd64_gcc10/external/OpenBLAS/0.3.15-4b9e74563ec999425816b833afc2b93a/lib/libopenblas_core2p-r0.3.15.so
7f78b42db000-7f78b42f0000 rw-p 00000000 00:00 0 
7f78b42f2000-7f78b433d000 r--p 00000000 00:36 3488651325                 /cvmfs/cms.cern.ch/slc7_amd64_gcc10/lcg/root/6.24.07-3ea108fb48fc7b8bb2960269f724c0d6/lib/modules.idx
7f78b4342000-7f78b4353000 r--p 00000000 00:36 3488650754                 /cvmfs/cms.cern.ch/slc7_amd64_gcc10/lcg/root/6.24.07-3ea108fb48fc7b8bb2960269f724c0d6/lib/_Builtin_stddef_max_align_t.pcm
7f78b4355000-7f78b4381000 rw-p 00000000 00:00 0 
7f78b438a000-7f78b4392000 r--p 00000000 00:36 3491174597                 /cvmfs/cms.cern.ch/slc7_amd64_gcc10/cms/cmssw/CMSSW_12_6_3/lib/slc7_amd64_gcc10/libFWCoreReflection.so
7f78b4392000-7f78b43a2000 r-xp 00008000 00:36 3491174597                 /cvmfs/cms.cern.ch/slc7_amd64_gcc10/cms/cmssw/CMSSW_12_6_3/lib/slc7_amd64_gcc10/libFWCoreReflection.so
7f78b43a2000-7f78b43a8000 r--p 00018000 00:36 3491174597                 /cvmfs/cms.cern.ch/slc7_amd64_gcc10/cms/cmssw/CMSSW_12_6_3/lib/slc7_amd64_gcc10/libFWCoreReflection.so
7f78b43a8000-7f78b43a9000 r--p 0001d000 00:36 3491174597                 /cvmfs/cms.cern.ch/slc7_amd64_gcc10/cms/cmssw/CMSSW_12_6_3/lib/slc7_amd64_gcc10/libFWCoreReflection.so
7f78b43a9000-7f78b43aa000 rw-p 0001e000 00:36 3491174597                 /cvmfs/cms.cern.ch/slc7_amd64_gcc10/cms/cmssw/CMSSW_12_6_3/lib/slc7_amd64_gcc10/libFWCoreReflection.so
7f78b43aa000-7f78b43ab000 rw-p 00000000 00:00 0 
7f78b43b2000-7f78b43b5000 r--p 00000000 00:36 3484708614                 /cvmfs/cms.cern.ch/slc7_amd64_gcc10/external/gcc/10.3.0-84898dea653199466402e67d73657f10/lib64/libquadmath.so.0.0.0
7f78b43b5000-7f78b43e1000 r-xp 00003000 00:36 3484708614                 /cvmfs/cms.cern.ch/slc7_amd64_gcc10/external/gcc/10.3.0-84898dea653199466402e67d73657f10/lib64/libquadmath.so.0.0.0
7f78b43e1000-7f78b43f9000 r--p 0002f000 00:36 3484708614                 /cvmfs/cms.cern.ch/slc7_amd64_gcc10/external/gcc/10.3.0-84898dea653199466402e67d73657f10/lib64/libquadmath.so.0.0.0
7f78b43f9000-7f78b43fa000 r--p 00046000 00:36 3484708614                 /cvmfs/cms.cern.ch/slc7_amd64_gcc10/external/gcc/10.3.0-84898dea653199466402e67d73657f10/lib64/libquadmath.so.0.0.0
7f78b43fa000-7f78b43fb000 rw-p 00047000 00:36 3484708614                 /cvmfs/cms.cern.ch/slc7_amd64_gcc10/external/gcc/10.3.0-84898dea653199466402e67d73657f10/lib64/libquadmath.so.0.0.0
7f78b4400000-7f78b4463000 r--p 00000000 00:36 3491260684                 /cvmfs/cms.cern.ch/slc7_amd64_gcc10/external/gsl/2.6-ecfc7aef58d33908eb27131a8549a786/lib/libgsl.so.25.0.0
7f78b4463000-7f78b463b000 r-xp 00063000 00:36 3491260684                 /cvmfs/cms.cern.ch/slc7_amd64_gcc10/external/gsl/2.6-ecfc7aef58d33908eb27131a8549a786/lib/libgsl.so.25.0.0
7f78b463b000-7f78b46b6000 r--p 0023b000 00:36 3491260684                 /cvmfs/cms.cern.ch/slc7_amd64_gcc10/external/gsl/2.6-ecfc7aef58d33908eb27131a8549a786/lib/libgsl.so.25.0.0
7f78b46b6000-7f78b46b7000 ---p 002b6000 00:36 3491260684                 /cvmfs/cms.cern.ch/slc7_amd64_gcc10/external/gsl/2.6-ecfc7aef58d33908eb27131a8549a786/lib/libgsl.so.25.0.0
7f78b46b7000-7f78b46bb000 r--p 002b6000 00:36 3491260684                 /cvmfs/cms.cern.ch/slc7_amd64_gcc10/external/gsl/2.6-ecfc7aef58d33908eb27131a8549a786/lib/libgsl.so.25.0.0
7f78b46bb000-7f78b46cd000 rw-p 002ba000 00:36 3491260684                 /cvmfs/cms.cern.ch/slc7_amd64_gcc10/external/gsl/2.6-ecfc7aef58d33908eb27131a8549a786/lib/libgsl.so.25.0.0
7f78b46d2000-7f78b46e3000 r--p 00000000 00:36 3488651498                 /cvmfs/cms.cern.ch/slc7_amd64_gcc10/lcg/root/6.24.07-3ea108fb48fc7b8bb2960269f724c0d6/lib/xlocale.h.pcm
7f78b46ea000-7f78b4713000 r--p 00000000 00:36 3488650751                 /cvmfs/cms.cern.ch/slc7_amd64_gcc10/lcg/root/6.24.07-3ea108fb48fc7b8bb2960269f724c0d6/lib/libROOTNTuple.so
7f78b4713000-7f78b476b000 r-xp 00029000 00:36 3488650751                 /cvmfs/cms.cern.ch/slc7_amd64_gcc10/lcg/root/6.24.07-3ea108fb48fc7b8bb2960269f724c0d6/lib/libROOTNTuple.so
7f78b476b000-7f78b477e000 r--p 00081000 00:36 3488650751                 /cvmfs/cms.cern.ch/slc7_amd64_gcc10/lcg/root/6.24.07-3ea108fb48fc7b8bb2960269f724c0d6/lib/libROOTNTuple.so
7f78b477e000-7f78b4781000 r--p 00093000 00:36 3488650751                 /cvmfs/cms.cern.ch/slc7_amd64_gcc10/lcg/root/6.24.07-3ea108fb48fc7b8bb2960269f724c0d6/lib/libROOTNTuple.so
7f78b4781000-7f78b4782000 rw-p 00096000 00:36 3488650751                 /cvmfs/cms.cern.ch/slc7_amd64_gcc10/lcg/root/6.24.07-3ea108fb48fc7b8bb2960269f724c0d6/lib/libROOTNTuple.so
7f78b4782000-7f78b478e000 r--p 00000000 00:36 3491264756                 /cvmfs/cms.cern.ch/slc7_amd64_gcc10/external/freetype/2.10.0-24d43b8f20cfbedd85c25c7fe8afff46/lib/libfreetype.so.6.17.0
7f78b478e000-7f78b47fe000 r-xp 0000c000 00:36 3491264756                 /cvmfs/cms.cern.ch/slc7_amd64_gcc10/external/freetype/2.10.0-24d43b8f20cfbedd85c25c7fe8afff46/lib/libfreetype.so.6.17.0
7f78b47fe000-7f78b4827000 r--p 0007c000 00:36 3491264756                 /cvmfs/cms.cern.ch/slc7_amd64_gcc10/external/freetype/2.10.0-24d43b8f20cfbedd85c25c7fe8afff46/lib/libfreetype.so.6.17.0
7f78b4827000-7f78b4828000 ---p 000a5000 00:36 3491264756                 /cvmfs/cms.cern.ch/slc7_amd64_gcc10/external/freetype/2.10.0-24d43b8f20cfbedd85c25c7fe8afff46/lib/libfreetype.so.6.17.0
7f78b4828000-7f78b482f000 r--p 000a5000 00:36 3491264756                 /cvmfs/cms.cern.ch/slc7_amd64_gcc10/external/freetype/2.10.0-24d43b8f20cfbedd85c25c7fe8afff46/lib/libfreetype.so.6.17.0
7f78b482f000-7f78b4830000 rw-p 000ac000 00:36 3491264756                 /cvmfs/cms.cern.ch/slc7_amd64_gcc10/external/freetype/2.10.0-24d43b8f20cfbedd85c25c7fe8afff46/lib/libfreetype.so.6.17.0
7f78b4832000-7f78b4a69000 r-xp 00000000 fd:00 92932098                   /usr/lib64/libcrypto.so.1.0.2k
7f78b4a69000-7f78b4c68000 ---p 00237000 fd:00 92932098                   /usr/lib64/libcrypto.so.1.0.2k
7f78b4c68000-7f78b4c84000 r--p 00236000 fd:00 92932098                   /usr/lib64/libcrypto.so.1.0.2k
7f78b4c84000-7f78b4c91000 rw-p 00252000 fd:00 92932098                   /usr/lib64/libcrypto.so.1.0.2k
7f78b4c91000-7f78b4c95000 rw-p 00000000 00:00 0 
7f78b4c9a000-7f78b4d01000 r-xp 00000000 fd:00 92932310                   /usr/lib64/libssl.so.1.0.2k
7f78b4d01000-7f78b4f01000 ---p 00067000 fd:00 92932310                   /usr/lib64/libssl.so.1.0.2k
7f78b4f01000-7f78b4f05000 r--p 00067000 fd:00 92932310                   /usr/lib64/libssl.so.1.0.2k
7f78b4f05000-7f78b4f0c000 rw-p 0006b000 fd:00 92932310                   /usr/lib64/libssl.so.1.0.2k
7f78b4f12000-7f78b4f1d000 r--p 00000000 00:36 3491264701                 /cvmfs/cms.cern.ch/slc7_amd64_gcc10/external/tbb/v2021.5.0-36aff7df349e0716374b1668ccd18e17/lib/libtbb.so.12.5
7f78b4f1d000-7f78b4f3b000 r-xp 0000b000 00:36 3491264701                 /cvmfs/cms.cern.ch/slc7_amd64_gcc10/external/tbb/v2021.5.0-36aff7df349e0716374b1668ccd18e17/lib/libtbb.so.12.5
7f78b4f3b000-7f78b4f45000 r--p 00029000 00:36 3491264701                 /cvmfs/cms.cern.ch/slc7_amd64_gcc10/external/tbb/v2021.5.0-36aff7df349e0716374b1668ccd18e17/lib/libtbb.so.12.5
7f78b4f45000-7f78b4f46000 ---p 00033000 00:36 3491264701                 /cvmfs/cms.cern.ch/slc7_amd64_gcc10/external/tbb/v2021.5.0-36aff7df349e0716374b1668ccd18e17/lib/libtbb.so.12.5
7f78b4f46000-7f78b4f47000 r--p 00033000 00:36 3491264701                 /cvmfs/cms.cern.ch/slc7_amd64_gcc10/external/tbb/v2021.5.0-36aff7df349e0716374b1668ccd18e17/lib/libtbb.so.12.5
7f78b4f47000-7f78b4f4a000 rw-p 00034000 00:36 3491264701                 /cvmfs/cms.cern.ch/slc7_amd64_gcc10/external/tbb/v2021.5.0-36aff7df349e0716374b1668ccd18e17/lib/libtbb.so.12.5
7f78b4f4a000-7f78b4f60000 rw-p 00000000 00:00 0 
7f78b4f62000-7f78b4f6b000 r--p 00000000 00:36 3491264517                 /cvmfs/cms.cern.ch/slc7_amd64_gcc10/external/zstd/1.4.5-532bbea4f73669d8f80e2005b3a6e942/lib/libzstd.so.1.4.5
7f78b4f6b000-7f78b5002000 r-xp 00009000 00:36 3491264517                 /cvmfs/cms.cern.ch/slc7_amd64_gcc10/external/zstd/1.4.5-532bbea4f73669d8f80e2005b3a6e942/lib/libzstd.so.1.4.5
7f78b5002000-7f78b5010000 r--p 000a0000 00:36 3491264517                 /cvmfs/cms.cern.ch/slc7_amd64_gcc10/external/zstd/1.4.5-532bbea4f73669d8f80e2005b3a6e942/lib/libzstd.so.1.4.5
7f78b5010000-7f78b5011000 r--p 000ad000 00:36 3491264517                 /cvmfs/cms.cern.ch/slc7_amd64_gcc10/external/zstd/1.4.5-532bbea4f73669d8f80e2005b3a6e942/lib/libzstd.so.1.4.5
7f78b5011000-7f78b5012000 rw-p 000ae000 00:36 3491264517                 /cvmfs/cms.cern.ch/slc7_amd64_gcc10/external/zstd/1.4.5-532bbea4f73669d8f80e2005b3a6e942/lib/libzstd.so.1.4.5
7f78b5012000-7f78b5014000 r--p 00000000 00:36 2892222890                 /cvmfs/cms.cern.ch/slc7_amd64_gcc10/external/lz4/1.9.2-373b1f6c80ba13e93f436c77aa63c026/lib/liblz4.so.1.9.2
7f78b5014000-7f78b503e000 r-xp 00002000 00:36 2892222890                 /cvmfs/cms.cern.ch/slc7_amd64_gcc10/external/lz4/1.9.2-373b1f6c80ba13e93f436c77aa63c026/lib/liblz4.so.1.9.2
7f78b503e000-7f78b5041000 r--p 0002c000 00:36 2892222890                 /cvmfs/cms.cern.ch/slc7_amd64_gcc10/external/lz4/1.9.2-373b1f6c80ba13e93f436c77aa63c026/lib/liblz4.so.1.9.2
7f78b5041000-7f78b5042000 r--p 0002e000 00:36 2892222890                 /cvmfs/cms.cern.ch/slc7_amd64_gcc10/external/lz4/1.9.2-373b1f6c80ba13e93f436c77aa63c026/lib/liblz4.so.1.9.2
7f78b5042000-7f78b5043000 rw-p 0002f000 00:36 2892222890                 /cvmfs/cms.cern.ch/slc7_amd64_gcc10/external/lz4/1.9.2-373b1f6c80ba13e93f436c77aa63c026/lib/liblz4.so.1.9.2
7f78b504a000-7f78b504c000 r--p 00000000 00:36 2892205848                 /cvmfs/cms.cern.ch/slc7_amd64_gcc10/external/pcre/8.43-28d54724578a9006cf0dca75629374e3/lib/libpcre.so.1.2.11
7f78b504c000-7f78b5074000 r-xp 00002000 00:36 2892205848                 /cvmfs/cms.cern.ch/slc7_amd64_gcc10/external/pcre/8.43-28d54724578a9006cf0dca75629374e3/lib/libpcre.so.1.2.11
7f78b5074000-7f78b508d000 r--p 0002a000 00:36 2892205848                 /cvmfs/cms.cern.ch/slc7_amd64_gcc10/external/pcre/8.43-28d54724578a9006cf0dca75629374e3/lib/libpcre.so.1.2.11
7f78b508d000-7f78b508e000 r--p 00042000 00:36 2892205848                 /cvmfs/cms.cern.ch/slc7_amd64_gcc10/external/pcre/8.43-28d54724578a9006cf0dca75629374e3/lib/libpcre.so.1.2.11
7f78b508e000-7f78b508f000 rw-p 00043000 00:36 2892205848                 /cvmfs/cms.cern.ch/slc7_amd64_gcc10/external/pcre/8.43-28d54724578a9006cf0dca75629374e3/lib/libpcre.so.1.2.11
7f78b5092000-7f78b5256000 r-xp 00000000 fd:00 92932084                   /usr/lib64/libc-2.17.so
7f78b5256000-7f78b5455000 ---p 001c4000 fd:00 92932084                   /usr/lib64/libc-2.17.so
7f78b5455000-7f78b5459000 r--p 001c3000 fd:00 92932084                   /usr/lib64/libc-2.17.so
7f78b5459000-7f78b545b000 rw-p 001c7000 fd:00 92932084                   /usr/lib64/libc-2.17.so
7f78b545b000-7f78b5460000 rw-p 00000000 00:00 0 
7f78b5462000-7f78b5479000 r-xp 00000000 fd:00 92932273                   /usr/lib64/libpthread-2.17.so
7f78b5479000-7f78b5678000 ---p 00017000 fd:00 92932273                   /usr/lib64/libpthread-2.17.so
7f78b5678000-7f78b5679000 r--p 00016000 fd:00 92932273                   /usr/lib64/libpthread-2.17.so
7f78b5679000-7f78b567a000 rw-p 00017000 fd:00 92932273                   /usr/lib64/libpthread-2.17.so
7f78b567a000-7f78b567e000 rw-p 00000000 00:00 0 
7f78b5682000-7f78b5783000 r-xp 00000000 fd:00 92932196                   /usr/lib64/libm-2.17.so
7f78b5783000-7f78b5982000 ---p 00101000 fd:00 92932196                   /usr/lib64/libm-2.17.so
7f78b5982000-7f78b5983000 r--p 00100000 fd:00 92932196                   /usr/lib64/libm-2.17.so
7f78b5983000-7f78b5984000 rw-p 00101000 fd:00 92932196                   /usr/lib64/libm-2.17.so
7f78b598a000-7f78b5a20000 r--p 00000000 00:36 2892205720                 /cvmfs/cms.cern.ch/slc7_amd64_gcc10/external/gcc/10.3.0-84898dea653199466402e67d73657f10/lib64/libstdc++.so.6.0.28
7f78b5a20000-7f78b5afd000 r-xp 00096000 00:36 2892205720                 /cvmfs/cms.cern.ch/slc7_amd64_gcc10/external/gcc/10.3.0-84898dea653199466402e67d73657f10/lib64/libstdc++.so.6.0.28
7f78b5afd000-7f78b5b47000 r--p 00173000 00:36 2892205720                 /cvmfs/cms.cern.ch/slc7_amd64_gcc10/external/gcc/10.3.0-84898dea653199466402e67d73657f10/lib64/libstdc++.so.6.0.28
7f78b5b47000-7f78b5b52000 r--p 001bc000 00:36 2892205720                 /cvmfs/cms.cern.ch/slc7_amd64_gcc10/external/gcc/10.3.0-84898dea653199466402e67d73657f10/lib64/libstdc++.so.6.0.28
7f78b5b52000-7f78b5b55000 rw-p 001c7000 00:36 2892205720                 /cvmfs/cms.cern.ch/slc7_amd64_gcc10/external/gcc/10.3.0-84898dea653199466402e67d73657f10/lib64/libstdc++.so.6.0.28
7f78b5b55000-7f78b5b58000 rw-p 00000000 00:00 0 
7f78b5b5a000-7f78b5b8b000 r--p 00000000 00:36 3488650908                 /cvmfs/cms.cern.ch/slc7_amd64_gcc10/lcg/root/6.24.07-3ea108fb48fc7b8bb2960269f724c0d6/lib/libMathMore.so
7f78b5b8b000-7f78b5bd4000 r-xp 00031000 00:36 3488650908                 /cvmfs/cms.cern.ch/slc7_amd64_gcc10/lcg/root/6.24.07-3ea108fb48fc7b8bb2960269f724c0d6/lib/libMathMore.so
7f78b5bd4000-7f78b5bed000 r--p 0007a000 00:36 3488650908                 /cvmfs/cms.cern.ch/slc7_amd64_gcc10/lcg/root/6.24.07-3ea108fb48fc7b8bb2960269f724c0d6/lib/libMathMore.so
7f78b5bed000-7f78b5bee000 ---p 00093000 00:36 3488650908                 /cvmfs/cms.cern.ch/slc7_amd64_gcc10/lcg/root/6.24.07-3ea108fb48fc7b8bb2960269f724c0d6/lib/libMathMore.so
7f78b5bee000-7f78b5bf2000 r--p 00093000 00:36 3488650908                 /cvmfs/cms.cern.ch/slc7_amd64_gcc10/lcg/root/6.24.07-3ea108fb48fc7b8bb2960269f724c0d6/lib/libMathMore.so
7f78b5bf2000-7f78b5bf4000 rw-p 00097000 00:36 3488650908                 /cvmfs/cms.cern.ch/slc7_amd64_gcc10/lcg/root/6.24.07-3ea108fb48fc7b8bb2960269f724c0d6/lib/libMathMore.so
7f78b5bf4000-7f78b5bf8000 rw-p 00000000 00:00 0 
7f78b5bfa000-7f78b5bfc000 r-xp 00000000 fd:00 92932111                   /usr/lib64/libdl-2.17.so
7f78b5bfc000-7f78b5dfc000 ---p 00002000 fd:00 92932111                   /usr/lib64/libdl-2.17.so
7f78b5dfc000-7f78b5dfd000 r--p 00002000 fd:00 92932111                   /usr/lib64/libdl-2.17.so
7f78b5dfd000-7f78b5dfe000 rw-p 00003000 fd:00 92932111                   /usr/lib64/libdl-2.17.so
7f78b5e00000-7f78b5e74000 r--p 00000000 00:36 3488651293                 /cvmfs/cms.cern.ch/slc7_amd64_gcc10/lcg/root/6.24.07-3ea108fb48fc7b8bb2960269f724c0d6/lib/libMathCore.so
7f78b5e74000-7f78b5f56000 r-xp 00074000 00:36 3488651293                 /cvmfs/cms.cern.ch/slc7_amd64_gcc10/lcg/root/6.24.07-3ea108fb48fc7b8bb2960269f724c0d6/lib/libMathCore.so
7f78b5f56000-7f78b601c000 r--p 00156000 00:36 3488651293                 /cvmfs/cms.cern.ch/slc7_amd64_gcc10/lcg/root/6.24.07-3ea108fb48fc7b8bb2960269f724c0d6/lib/libMathCore.so
7f78b601c000-7f78b601d000 ---p 0021c000 00:36 3488651293                 /cvmfs/cms.cern.ch/slc7_amd64_gcc10/lcg/root/6.24.07-3ea108fb48fc7b8bb2960269f724c0d6/lib/libMathCore.so
7f78b601d000-7f78b6027000 r--p 0021c000 00:36 3488651293                 /cvmfs/cms.cern.ch/slc7_amd64_gcc10/lcg/root/6.24.07-3ea108fb48fc7b8bb2960269f724c0d6/lib/libMathCore.so
7f78b6027000-7f78b6029000 rw-p 00226000 00:36 3488651293                 /cvmfs/cms.cern.ch/slc7_amd64_gcc10/lcg/root/6.24.07-3ea108fb48fc7b8bb2960269f724c0d6/lib/libMathCore.so
7f78b6029000-7f78b6033000 rw-p 00000000 00:00 0 
7f78b603a000-7f78b603c000 r--p 00000000 00:36 2892222545                 /cvmfs/cms.cern.ch/slc7_amd64_gcc10/external/libuuid/2.34-fe91b21b8e54a48f2d45894d9da65f14/lib64/libuuid.so.1
7f78b603c000-7f78b6040000 r-xp 00002000 00:36 2892222545                 /cvmfs/cms.cern.ch/slc7_amd64_gcc10/external/libuuid/2.34-fe91b21b8e54a48f2d45894d9da65f14/lib64/libuuid.so.1
7f78b6040000-7f78b6041000 r--p 00006000 00:36 2892222545                 /cvmfs/cms.cern.ch/slc7_amd64_gcc10/external/libuuid/2.34-fe91b21b8e54a48f2d45894d9da65f14/lib64/libuuid.so.1
7f78b6041000-7f78b6042000 r--p 00006000 00:36 2892222545                 /cvmfs/cms.cern.ch/slc7_amd64_gcc10/external/libuuid/2.34-fe91b21b8e54a48f2d45894d9da65f14/lib64/libuuid.so.1
7f78b6042000-7f78b6043000 rw-p 00007000 00:36 2892222545                 /cvmfs/cms.cern.ch/slc7_amd64_gcc10/external/libuuid/2.34-fe91b21b8e54a48f2d45894d9da65f14/lib64/libuuid.so.1
7f78b604a000-7f78b606a000 rw-p 00000000 00:00 0 
7f78b606a000-7f78b60a2000 r--p 00000000 00:36 3488654686                 /cvmfs/cms.cern.ch/slc7_amd64_gcc10/lcg/root/6.24.07-3ea108fb48fc7b8bb2960269f724c0d6/lib/libROOTDataFrame.so
7f78b60a2000-7f78b6119000 r-xp 00038000 00:36 3488654686                 /cvmfs/cms.cern.ch/slc7_amd64_gcc10/lcg/root/6.24.07-3ea108fb48fc7b8bb2960269f724c0d6/lib/libROOTDataFrame.so
7f78b6119000-7f78b6136000 r--p 000af000 00:36 3488654686                 /cvmfs/cms.cern.ch/slc7_amd64_gcc10/lcg/root/6.24.07-3ea108fb48fc7b8bb2960269f724c0d6/lib/libROOTDataFrame.so
7f78b6136000-7f78b6137000 ---p 000cc000 00:36 3488654686                 /cvmfs/cms.cern.ch/slc7_amd64_gcc10/lcg/root/6.24.07-3ea108fb48fc7b8bb2960269f724c0d6/lib/libROOTDataFrame.so
7f78b6137000-7f78b613a000 r--p 000cc000 00:36 3488654686                 /cvmfs/cms.cern.ch/slc7_amd64_gcc10/lcg/root/6.24.07-3ea108fb48fc7b8bb2960269f724c0d6/lib/libROOTDataFrame.so
7f78b613a000-7f78b613b000 rw-p 000cf000 00:36 3488654686                 /cvmfs/cms.cern.ch/slc7_amd64_gcc10/lcg/root/6.24.07-3ea108fb48fc7b8bb2960269f724c0d6/lib/libROOTDataFrame.so
7f78b613b000-7f78b613f000 rw-p 00000000 00:00 0 
7f78b6142000-7f78b61a6000 r--p 00000000 00:36 3488654545                 /cvmfs/cms.cern.ch/slc7_amd64_gcc10/lcg/root/6.24.07-3ea108fb48fc7b8bb2960269f724c0d6/lib/libMatrix.so
7f78b61a6000-7f78b627c000 r-xp 00064000 00:36 3488654545                 /cvmfs/cms.cern.ch/slc7_amd64_gcc10/lcg/root/6.24.07-3ea108fb48fc7b8bb2960269f724c0d6/lib/libMatrix.so
7f78b627c000-7f78b62b2000 r--p 0013a000 00:36 3488654545                 /cvmfs/cms.cern.ch/slc7_amd64_gcc10/lcg/root/6.24.07-3ea108fb48fc7b8bb2960269f724c0d6/lib/libMatrix.so
7f78b62b2000-7f78b62ba000 r--p 0016f000 00:36 3488654545                 /cvmfs/cms.cern.ch/slc7_amd64_gcc10/lcg/root/6.24.07-3ea108fb48fc7b8bb2960269f724c0d6/lib/libMatrix.so
7f78b62ba000-7f78b62bc000 rw-p 00177000 00:36 3488654545                 /cvmfs/cms.cern.ch/slc7_amd64_gcc10/lcg/root/6.24.07-3ea108fb48fc7b8bb2960269f724c0d6/lib/libMatrix.so
7f78b62bc000-7f78b62c0000 rw-p 00000000 00:00 0 
7f78b62c2000-7f78b6330000 r--p 00000000 00:36 3488654676                 /cvmfs/cms.cern.ch/slc7_amd64_gcc10/lcg/root/6.24.07-3ea108fb48fc7b8bb2960269f724c0d6/lib/libTreePlayer.so
7f78b6330000-7f78b6406000 r-xp 0006e000 00:36 3488654676                 /cvmfs/cms.cern.ch/slc7_amd64_gcc10/lcg/root/6.24.07-3ea108fb48fc7b8bb2960269f724c0d6/lib/libTreePlayer.so
7f78b6406000-7f78b6448000 r--p 00144000 00:36 3488654676                 /cvmfs/cms.cern.ch/slc7_amd64_gcc10/lcg/root/6.24.07-3ea108fb48fc7b8bb2960269f724c0d6/lib/libTreePlayer.so
7f78b6448000-7f78b6449000 ---p 00186000 00:36 3488654676                 /cvmfs/cms.cern.ch/slc7_amd64_gcc10/lcg/root/6.24.07-3ea108fb48fc7b8bb2960269f724c0d6/lib/libTreePlayer.so
7f78b6449000-7f78b6454000 r--p 00186000 00:36 3488654676                 /cvmfs/cms.cern.ch/slc7_amd64_gcc10/lcg/root/6.24.07-3ea108fb48fc7b8bb2960269f724c0d6/lib/libTreePlayer.so
7f78b6454000-7f78b6457000 rw-p 00191000 00:36 3488654676                 /cvmfs/cms.cern.ch/slc7_amd64_gcc10/lcg/root/6.24.07-3ea108fb48fc7b8bb2960269f724c0d6/lib/libTreePlayer.so
7f78b6457000-7f78b645d000 rw-p 00000000 00:00 0 
7f78b6462000-7f78b64e9000 r--p 00000000 00:36 3488654609                 /cvmfs/cms.cern.ch/slc7_amd64_gcc10/lcg/root/6.24.07-3ea108fb48fc7b8bb2960269f724c0d6/lib/libTree.so
7f78b64e9000-7f78b65a3000 r-xp 00087000 00:36 3488654609                 /cvmfs/cms.cern.ch/slc7_amd64_gcc10/lcg/root/6.24.07-3ea108fb48fc7b8bb2960269f724c0d6/lib/libTree.so
7f78b65a3000-7f78b65e3000 r--p 00141000 00:36 3488654609                 /cvmfs/cms.cern.ch/slc7_amd64_gcc10/lcg/root/6.24.07-3ea108fb48fc7b8bb2960269f724c0d6/lib/libTree.so
7f78b65e3000-7f78b65f3000 r--p 00180000 00:36 3488654609                 /cvmfs/cms.cern.ch/slc7_amd64_gcc10/lcg/root/6.24.07-3ea108fb48fc7b8bb2960269f724c0d6/lib/libTree.so
7f78b65f3000-7f78b65f6000 rw-p 00190000 00:36 3488654609                 /cvmfs/cms.cern.ch/slc7_amd64_gcc10/lcg/root/6.24.07-3ea108fb48fc7b8bb2960269f724c0d6/lib/libTree.so
7f78b65f6000-7f78b65fa000 rw-p 00000000 00:00 0 
7f78b6600000-7f78b673e000 r--p 00000000 00:36 3488651196                 /cvmfs/cms.cern.ch/slc7_amd64_gcc10/lcg/root/6.24.07-3ea108fb48fc7b8bb2960269f724c0d6/lib/libHist.so
7f78b673e000-7f78b695b000 r-xp 0013e000 00:36 3488651196                 /cvmfs/cms.cern.ch/slc7_amd64_gcc10/lcg/root/6.24.07-3ea108fb48fc7b8bb2960269f724c0d6/lib/libHist.so
7f78b695b000-7f78b69f0000 r--p 0035b000 00:36 3488651196                 /cvmfs/cms.cern.ch/slc7_amd64_gcc10/lcg/root/6.24.07-3ea108fb48fc7b8bb2960269f724c0d6/lib/libHist.so
7f78b69f0000-7f78b69f1000 ---p 003f0000 00:36 3488651196                 /cvmfs/cms.cern.ch/slc7_amd64_gcc10/lcg/root/6.24.07-3ea108fb48fc7b8bb2960269f724c0d6/lib/libHist.so
7f78b69f1000-7f78b6a1b000 r--p 003f0000 00:36 3488651196                 /cvmfs/cms.cern.ch/slc7_amd64_gcc10/lcg/root/6.24.07-3ea108fb48fc7b8bb2960269f724c0d6/lib/libHist.so
7f78b6a1b000-7f78b6a1f000 rw-p 0041a000 00:36 3488651196                 /cvmfs/cms.cern.ch/slc7_amd64_gcc10/lcg/root/6.24.07-3ea108fb48fc7b8bb2960269f724c0d6/lib/libHist.so
7f78b6a1f000-7f78b6a2a000 rw-p 00000000 00:00 0 
7f78b6a32000-7f78b6a35000 r--p 00000000 00:36 2694355735                 /cvmfs/cms.cern.ch/slc7_amd64_gcc10/external/xz/5.2.5-d6fed2038c4e8d6e04531d1adba59f37/lib/liblzma.so.5.2.5
7f78b6a35000-7f78b6a4f000 r-xp 00003000 00:36 2694355735                 /cvmfs/cms.cern.ch/slc7_amd64_gcc10/external/xz/5.2.5-d6fed2038c4e8d6e04531d1adba59f37/lib/liblzma.so.5.2.5
7f78b6a4f000-7f78b6a5a000 r--p 0001d000 00:36 2694355735                 /cvmfs/cms.cern.ch/slc7_amd64_gcc10/external/xz/5.2.5-d6fed2038c4e8d6e04531d1adba59f37/lib/liblzma.so.5.2.5
7f78b6a5a000-7f78b6a5b000 ---p 00028000 00:36 2694355735                 /cvmfs/cms.cern.ch/slc7_amd64_gcc10/external/xz/5.2.5-d6fed2038c4e8d6e04531d1adba59f37/lib/liblzma.so.5.2.5
7f78b6a5b000-7f78b6a5c000 r--p 00028000 00:36 2694355735                 /cvmfs/cms.cern.ch/slc7_amd64_gcc10/external/xz/5.2.5-d6fed2038c4e8d6e04531d1adba59f37/lib/liblzma.so.5.2.5
7f78b6a5c000-7f78b6a5d000 rw-p 00029000 00:36 2694355735                 /cvmfs/cms.cern.ch/slc7_amd64_gcc10/external/xz/5.2.5-d6fed2038c4e8d6e04531d1adba59f37/lib/liblzma.so.5.2.5
7f78b6a62000-7f78b6a91000 r--p 00000000 00:36 3488650940                 /cvmfs/cms.cern.ch/slc7_amd64_gcc10/lcg/root/6.24.07-3ea108fb48fc7b8bb2960269f724c0d6/lib/libThread.so
7f78b6a91000-7f78b6ab5000 r-xp 0002f000 00:36 3488650940                 /cvmfs/cms.cern.ch/slc7_amd64_gcc10/lcg/root/6.24.07-3ea108fb48fc7b8bb2960269f724c0d6/lib/libThread.so
7f78b6ab5000-7f78b6ac5000 r--p 00053000 00:36 3488650940                 /cvmfs/cms.cern.ch/slc7_amd64_gcc10/lcg/root/6.24.07-3ea108fb48fc7b8bb2960269f724c0d6/lib/libThread.so
7f78b6ac5000-7f78b6ac9000 r--p 00062000 00:36 3488650940                 /cvmfs/cms.cern.ch/slc7_amd64_gcc10/lcg/root/6.24.07-3ea108fb48fc7b8bb2960269f724c0d6/lib/libThread.so
7f78b6ac9000-7f78b6aca000 rw-p 00066000 00:36 3488650940                 /cvmfs/cms.cern.ch/slc7_amd64_gcc10/lcg/root/6.24.07-3ea108fb48fc7b8bb2960269f724c0d6/lib/libThread.so
7f78b6aca000-7f78b6acc000 rw-p 00000000 00:00 0 
7f78b6ad2000-7f78b6aea000 r--p 00000000 00:36 3488650931                 /cvmfs/cms.cern.ch/slc7_amd64_gcc10/lcg/root/6.24.07-3ea108fb48fc7b8bb2960269f724c0d6/lib/libPhysics.so
7f78b6aea000-7f78b6b11000 r-xp 00018000 00:36 3488650931                 /cvmfs/cms.cern.ch/slc7_amd64_gcc10/lcg/root/6.24.07-3ea108fb48fc7b8bb2960269f724c0d6/lib/libPhysics.so
7f78b6b11000-7f78b6b1c000 r--p 0003f000 00:36 3488650931                 /cvmfs/cms.cern.ch/slc7_amd64_gcc10/lcg/root/6.24.07-3ea108fb48fc7b8bb2960269f724c0d6/lib/libPhysics.so
7f78b6b1c000-7f78b6b1d000 ---p 0004a000 00:36 3488650931                 /cvmfs/cms.cern.ch/slc7_amd64_gcc10/lcg/root/6.24.07-3ea108fb48fc7b8bb2960269f724c0d6/lib/libPhysics.so
7f78b6b1d000-7f78b6b20000 r--p 0004a000 00:36 3488650931                 /cvmfs/cms.cern.ch/slc7_amd64_gcc10/lcg/root/6.24.07-3ea108fb48fc7b8bb2960269f724c0d6/lib/libPhysics.so
7f78b6b20000-7f78b6b21000 rw-p 0004d000 00:36 3488650931                 /cvmfs/cms.cern.ch/slc7_amd64_gcc10/lcg/root/6.24.07-3ea108fb48fc7b8bb2960269f724c0d6/lib/libPhysics.so
7f78b6b21000-7f78b6b22000 rw-p 00000000 00:00 0 
7f78b6b22000-7f78b6b5d000 r--p 00000000 00:36 3488650755                 /cvmfs/cms.cern.ch/slc7_amd64_gcc10/lcg/root/6.24.07-3ea108fb48fc7b8bb2960269f724c0d6/lib/libROOTVecOps.so
7f78b6b5d000-7f78b6bd5000 r-xp 0003b000 00:36 3488650755                 /cvmfs/cms.cern.ch/slc7_amd64_gcc10/lcg/root/6.24.07-3ea108fb48fc7b8bb2960269f724c0d6/lib/libROOTVecOps.so
7f78b6bd5000-7f78b6bf4000 r--p 000b3000 00:36 3488650755                 /cvmfs/cms.cern.ch/slc7_amd64_gcc10/lcg/root/6.24.07-3ea108fb48fc7b8bb2960269f724c0d6/lib/libROOTVecOps.so
7f78b6bf4000-7f78b6bf6000 r--p 000d1000 00:36 3488650755                 /cvmfs/cms.cern.ch/slc7_amd64_gcc10/lcg/root/6.24.07-3ea108fb48fc7b8bb2960269f724c0d6/lib/libROOTVecOps.so
7f78b6bf6000-7f78b6bf7000 rw-p 000d3000 00:36 3488650755                 /cvmfs/cms.cern.ch/slc7_amd64_gcc10/lcg/root/6.24.07-3ea108fb48fc7b8bb2960269f724c0d6/lib/libROOTVecOps.so
7f78b6bf7000-7f78b6bf9000 rw-p 00000000 00:00 0 
7f78b6c00000-7f78b6cba000 r--p 00000000 00:36 3165944298                 /cvmfs/cms.cern.ch/slc7_amd64_gcc10/lcg/root/6.24.07-3ea108fb48fc7b8bb2960269f724c0d6/lib/libRIO.so
7f78b6cba000-7f78b6f4e000 r-xp 000ba000 00:36 3165944298                 /cvmfs/cms.cern.ch/slc7_amd64_gcc10/lcg/root/6.24.07-3ea108fb48fc7b8bb2960269f724c0d6/lib/libRIO.so
7f78b6f4e000-7f78b6fbe000 r--p 0034e000 00:36 3165944298                 /cvmfs/cms.cern.ch/slc7_amd64_gcc10/lcg/root/6.24.07-3ea108fb48fc7b8bb2960269f724c0d6/lib/libRIO.so
7f78b6fbe000-7f78b6fcc000 r--p 003bd000 00:36 3165944298                 /cvmfs/cms.cern.ch/slc7_amd64_gcc10/lcg/root/6.24.07-3ea108fb48fc7b8bb2960269f724c0d6/lib/libRIO.so
7f78b6fcc000-7f78b6fcf000 rw-p 003cb000 00:36 3165944298                 /cvmfs/cms.cern.ch/slc7_amd64_gcc10/lcg/root/6.24.07-3ea108fb48fc7b8bb2960269f724c0d6/lib/libRIO.so
7f78b6fcf000-7f78b6fd2000 rw-p 00000000 00:00 0 
7f78b6fda000-7f78b6fdb000 r--p 00000000 00:36 3491296333                 /cvmfs/cms.cern.ch/slc7_amd64_gcc10/external/boost/1.78.0-850e5328ab465746724c19b2301f9b35/lib/libboost_date_time.so.1.78.0
7f78b6fdb000-7f78b6fdc000 r-xp 00001000 00:36 3491296333                 /cvmfs/cms.cern.ch/slc7_amd64_gcc10/external/boost/1.78.0-850e5328ab465746724c19b2301f9b35/lib/libboost_date_time.so.1.78.0
7f78b6fdc000-7f78b6fdd000 r--p 00002000 00:36 3491296333                 /cvmfs/cms.cern.ch/slc7_amd64_gcc10/external/boost/1.78.0-850e5328ab465746724c19b2301f9b35/lib/libboost_date_time.so.1.78.0
7f78b6fdd000-7f78b6fde000 r--p 00002000 00:36 3491296333                 /cvmfs/cms.cern.ch/slc7_amd64_gcc10/external/boost/1.78.0-850e5328ab465746724c19b2301f9b35/lib/libboost_date_time.so.1.78.0
7f78b6fde000-7f78b6fdf000 rw-p 00003000 00:36 3491296333                 /cvmfs/cms.cern.ch/slc7_amd64_gcc10/external/boost/1.78.0-850e5328ab465746724c19b2301f9b35/lib/libboost_date_time.so.1.78.0
7f78b6fe2000-7f78b6fe5000 r--p 00000000 00:36 2892222787                 /cvmfs/cms.cern.ch/slc7_amd64_gcc10/external/zlib/1.2.11-71514f01d2850dfd0bcd391557259a58/lib/libz.so.1.2.8
7f78b6fe5000-7f78b6ff6000 r-xp 00003000 00:36 2892222787                 /cvmfs/cms.cern.ch/slc7_amd64_gcc10/external/zlib/1.2.11-71514f01d2850dfd0bcd391557259a58/lib/libz.so.1.2.8
7f78b6ff6000-7f78b6ffc000 r--p 00014000 00:36 2892222787                 /cvmfs/cms.cern.ch/slc7_amd64_gcc10/external/zlib/1.2.11-71514f01d2850dfd0bcd391557259a58/lib/libz.so.1.2.8
7f78b6ffc000-7f78b6ffd000 ---p 0001a000 00:36 2892222787                 /cvmfs/cms.cern.ch/slc7_amd64_gcc10/external/zlib/1.2.11-71514f01d2850dfd0bcd391557259a58/lib/libz.so.1.2.8
7f78b6ffd000-7f78b6ffe000 r--p 0001a000 00:36 2892222787                 /cvmfs/cms.cern.ch/slc7_amd64_gcc10/external/zlib/1.2.11-71514f01d2850dfd0bcd391557259a58/lib/libz.so.1.2.8
7f78b6ffe000-7f78b6fff000 rw-p 0001b000 00:36 2892222787                 /cvmfs/cms.cern.ch/slc7_amd64_gcc10/external/zlib/1.2.11-71514f01d2850dfd0bcd391557259a58/lib/libz.so.1.2.8
7f78b7000000-7f78b7170000 r--p 00000000 00:36 3488650205                 /cvmfs/cms.cern.ch/slc7_amd64_gcc10/lcg/root/6.24.07-3ea108fb48fc7b8bb2960269f724c0d6/lib/libCore.so
7f78b7170000-7f78b7362000 r-xp 00170000 00:36 3488650205                 /cvmfs/cms.cern.ch/slc7_amd64_gcc10/lcg/root/6.24.07-3ea108fb48fc7b8bb2960269f724c0d6/lib/libCore.so
7f78b7362000-7f78b742e000 r--p 00362000 00:36 3488650205                 /cvmfs/cms.cern.ch/slc7_amd64_gcc10/lcg/root/6.24.07-3ea108fb48fc7b8bb2960269f724c0d6/lib/libCore.so
7f78b742e000-7f78b7458000 r--p 0042d000 00:36 3488650205                 /cvmfs/cms.cern.ch/slc7_amd64_gcc10/lcg/root/6.24.07-3ea108fb48fc7b8bb2960269f724c0d6/lib/libCore.so
7f78b7458000-7f78b745e000 rw-p 00457000 00:36 3488650205                 /cvmfs/cms.cern.ch/slc7_amd64_gcc10/lcg/root/6.24.07-3ea108fb48fc7b8bb2960269f724c0d6/lib/libCore.so
7f78b745e000-7f78b74a2000 rw-p 00000000 00:00 0 
7f78b74a2000-7f78b74c5000 r--p 00000000 00:36 3488652320                 /cvmfs/cms.cern.ch/slc7_amd64_gcc10/lcg/root/6.24.07-3ea108fb48fc7b8bb2960269f724c0d6/lib/libPostscript.so
7f78b74c5000-7f78b7504000 r-xp 00023000 00:36 3488652320                 /cvmfs/cms.cern.ch/slc7_amd64_gcc10/lcg/root/6.24.07-3ea108fb48fc7b8bb2960269f724c0d6/lib/libPostscript.so
7f78b7504000-7f78b7518000 r--p 00062000 00:36 3488652320                 /cvmfs/cms.cern.ch/slc7_amd64_gcc10/lcg/root/6.24.07-3ea108fb48fc7b8bb2960269f724c0d6/lib/libPostscript.so
7f78b7518000-7f78b751f000 r--p 00075000 00:36 3488652320                 /cvmfs/cms.cern.ch/slc7_amd64_gcc10/lcg/root/6.24.07-3ea108fb48fc7b8bb2960269f724c0d6/lib/libPostscript.so
7f78b751f000-7f78b7520000 rw-p 0007c000 00:36 3488652320                 /cvmfs/cms.cern.ch/slc7_amd64_gcc10/lcg/root/6.24.07-3ea108fb48fc7b8bb2960269f724c0d6/lib/libPostscript.so
7f78b7520000-7f78b7521000 rw-p 00000000 00:00 0 
7f78b7522000-7f78b7569000 r--p 00000000 00:36 3488651054                 /cvmfs/cms.cern.ch/slc7_amd64_gcc10/lcg/root/6.24.07-3ea108fb48fc7b8bb2960269f724c0d6/lib/libGpad.so
7f78b7569000-7f78b75d6000 r-xp 00047000 00:36 3488651054                 /cvmfs/cms.cern.ch/slc7_amd64_gcc10/lcg/root/6.24.07-3ea108fb48fc7b8bb2960269f724c0d6/lib/libGpad.so
7f78b75d6000-7f78b75f2000 r--p 000b4000 00:36 3488651054                 /cvmfs/cms.cern.ch/slc7_amd64_gcc10/lcg/root/6.24.07-3ea108fb48fc7b8bb2960269f724c0d6/lib/libGpad.so
7f78b75f2000-7f78b75fc000 r--p 000cf000 00:36 3488651054                 /cvmfs/cms.cern.ch/slc7_amd64_gcc10/lcg/root/6.24.07-3ea108fb48fc7b8bb2960269f724c0d6/lib/libGpad.so
7f78b75fc000-7f78b75fe000 rw-p 000d9000 00:36 3488651054                 /cvmfs/cms.cern.ch/slc7_amd64_gcc10/lcg/root/6.24.07-3ea108fb48fc7b8bb2960269f724c0d6/lib/libGpad.so
7f78b75fe000-7f78b75ff000 rw-p 00000000 00:00 0 
7f78b7600000-7f78b77be000 r--p 00000000 00:36 3488652311                 /cvmfs/cms.cern.ch/slc7_amd64_gcc10/lcg/root/6.24.07-3ea108fb48fc7b8bb2960269f724c0d6/lib/libGui.so
7f78b77be000-7f78b7985000 r-xp 001be000 00:36 3488652311                 /cvmfs/cms.cern.ch/slc7_amd64_gcc10/lcg/root/6.24.07-3ea108fb48fc7b8bb2960269f724c0d6/lib/libGui.so
7f78b7985000-7f78b7a27000 r--p 00385000 00:36 3488652311                 /cvmfs/cms.cern.ch/slc7_amd64_gcc10/lcg/root/6.24.07-3ea108fb48fc7b8bb2960269f724c0d6/lib/libGui.so
7f78b7a27000-7f78b7a74000 r--p 00426000 00:36 3488652311                 /cvmfs/cms.cern.ch/slc7_amd64_gcc10/lcg/root/6.24.07-3ea108fb48fc7b8bb2960269f724c0d6/lib/libGui.so
7f78b7a74000-7f78b7a7a000 rw-p 00473000 00:36 3488652311                 /cvmfs/cms.cern.ch/slc7_amd64_gcc10/lcg/root/6.24.07-3ea108fb48fc7b8bb2960269f724c0d6/lib/libGui.so
7f78b7a7a000-7f78b7a89000 rw-p 00000000 00:00 0 
7f78b7a8a000-7f78b7a8b000 rw-p 00000000 00:00 0 
7f78b7a8b000-7f78b7a8c000 r-xp 00000000 00:00 0 
7f78b7a8c000-7f78b7aaa000 rw-p 00000000 00:00 0 
7f78b7aaa000-7f78b7aad000 r--p 00000000 00:36 2892204587                 /cvmfs/cms.cern.ch/slc7_amd64_gcc10/external/gcc/10.3.0-84898dea653199466402e67d73657f10/lib64/libgcc_s.so.1
7f78b7aad000-7f78b7abe000 r-xp 00003000 00:36 2892204587                 /cvmfs/cms.cern.ch/slc7_amd64_gcc10/external/gcc/10.3.0-84898dea653199466402e67d73657f10/lib64/libgcc_s.so.1
7f78b7abe000-7f78b7ac2000 r--p 00014000 00:36 2892204587                 /cvmfs/cms.cern.ch/slc7_amd64_gcc10/external/gcc/10.3.0-84898dea653199466402e67d73657f10/lib64/libgcc_s.so.1
7f78b7ac2000-7f78b7ac3000 r--p 00017000 00:36 2892204587                 /cvmfs/cms.cern.ch/slc7_amd64_gcc10/external/gcc/10.3.0-84898dea653199466402e67d73657f10/lib64/libgcc_s.so.1
7f78b7ac3000-7f78b7ac4000 rw-p 00018000 00:36 2892204587                 /cvmfs/cms.cern.ch/slc7_amd64_gcc10/external/gcc/10.3.0-84898dea653199466402e67d73657f10/lib64/libgcc_s.so.1
7f78b7ac4000-7f78b7ad9000 r-xp 00000000 00:00 0 
7f78b7ad9000-7f78b7ada000 rw-p 00000000 00:00 0 
7f78b7ada000-7f78b7b46000 r--p 00000000 00:36 3488652918                 /cvmfs/cms.cern.ch/slc7_amd64_gcc10/lcg/root/6.24.07-3ea108fb48fc7b8bb2960269f724c0d6/lib/libGraf.so
7f78b7b46000-7f78b7bf8000 r-xp 0006c000 00:36 3488652918                 /cvmfs/cms.cern.ch/slc7_amd64_gcc10/lcg/root/6.24.07-3ea108fb48fc7b8bb2960269f724c0d6/lib/libGraf.so
7f78b7bf8000-7f78b7c28000 r--p 0011e000 00:36 3488652918                 /cvmfs/cms.cern.ch/slc7_amd64_gcc10/lcg/root/6.24.07-3ea108fb48fc7b8bb2960269f724c0d6/lib/libGraf.so
7f78b7c28000-7f78b7c36000 r--p 0014d000 00:36 3488652918                 /cvmfs/cms.cern.ch/slc7_amd64_gcc10/lcg/root/6.24.07-3ea108fb48fc7b8bb2960269f724c0d6/lib/libGraf.so
7f78b7c36000-7f78b7c3a000 rw-p 0015b000 00:36 3488652918                 /cvmfs/cms.cern.ch/slc7_amd64_gcc10/lcg/root/6.24.07-3ea108fb48fc7b8bb2960269f724c0d6/lib/libGraf.so
7f78b7c3a000-7f78b7c49000 rw-p 00000000 00:00 0 
7f78b7c49000-7f78b7c4a000 r-xp 00000000 00:00 0 
7f78b7c4a000-7f78b7c6c000 r-xp 00000000 fd:00 92932060                   /usr/lib64/ld-2.17.so
7f78b7c6c000-7f78b7c6d000 r-xp 00000000 00:00 0 
7f78b7c6d000-7f78b7c7a000 rw-p 00000000 00:00 0 
7f78b7c7a000-7f78b7c7e000 r--p 00000000 00:36 3488650821                 /cvmfs/cms.cern.ch/slc7_amd64_gcc10/lcg/root/6.24.07-3ea108fb48fc7b8bb2960269f724c0d6/lib/libMultiProc.so
7f78b7c7e000-7f78b7c84000 r-xp 00004000 00:36 3488650821                 /cvmfs/cms.cern.ch/slc7_amd64_gcc10/lcg/root/6.24.07-3ea108fb48fc7b8bb2960269f724c0d6/lib/libMultiProc.so
7f78b7c84000-7f78b7c86000 r--p 0000a000 00:36 3488650821                 /cvmfs/cms.cern.ch/slc7_amd64_gcc10/lcg/root/6.24.07-3ea108fb48fc7b8bb2960269f724c0d6/lib/libMultiProc.so
7f78b7c86000-7f78b7c87000 ---p 0000c000 00:36 3488650821                 /cvmfs/cms.cern.ch/slc7_amd64_gcc10/lcg/root/6.24.07-3ea108fb48fc7b8bb2960269f724c0d6/lib/libMultiProc.so
7f78b7c87000-7f78b7c88000 r--p 0000c000 00:36 3488650821                 /cvmfs/cms.cern.ch/slc7_amd64_gcc10/lcg/root/6.24.07-3ea108fb48fc7b8bb2960269f724c0d6/lib/libMultiProc.so
7f78b7c88000-7f78b7c89000 rw-p 0000d000 00:36 3488650821                 /cvmfs/cms.cern.ch/slc7_amd64_gcc10/lcg/root/6.24.07-3ea108fb48fc7b8bb2960269f724c0d6/lib/libMultiProc.so
7f78b7c89000-7f78b7c8a000 rw-p 00000000 00:00 0 
7f78b7c8a000-7f78b7c99000 r--p 00000000 00:36 3488650756                 /cvmfs/cms.cern.ch/slc7_amd64_gcc10/lcg/root/6.24.07-3ea108fb48fc7b8bb2960269f724c0d6/lib/libRint.so
7f78b7c99000-7f78b7cad000 r-xp 0000f000 00:36 3488650756                 /cvmfs/cms.cern.ch/slc7_amd64_gcc10/lcg/root/6.24.07-3ea108fb48fc7b8bb2960269f724c0d6/lib/libRint.so
7f78b7cad000-7f78b7cb3000 r--p 00023000 00:36 3488650756                 /cvmfs/cms.cern.ch/slc7_amd64_gcc10/lcg/root/6.24.07-3ea108fb48fc7b8bb2960269f724c0d6/lib/libRint.so
7f78b7cb3000-7f78b7cb5000 r--p 00028000 00:36 3488650756                 /cvmfs/cms.cern.ch/slc7_amd64_gcc10/lcg/root/6.24.07-3ea108fb48fc7b8bb2960269f724c0d6/lib/libRint.so
7f78b7cb5000-7f78b7cb6000 rw-p 0002a000 00:36 3488650756                 /cvmfs/cms.cern.ch/slc7_amd64_gcc10/lcg/root/6.24.07-3ea108fb48fc7b8bb2960269f724c0d6/lib/libRint.so
7f78b7cb6000-7f78b7cba000 rw-p 00000000 00:00 0 
7f78b7cba000-7f78b7cfe000 r--p 00000000 00:36 3488650739                 /cvmfs/cms.cern.ch/slc7_amd64_gcc10/lcg/root/6.24.07-3ea108fb48fc7b8bb2960269f724c0d6/lib/libGraf3d.so
7f78b7cfe000-7f78b7d43000 r-xp 00044000 00:36 3488650739                 /cvmfs/cms.cern.ch/slc7_amd64_gcc10/lcg/root/6.24.07-3ea108fb48fc7b8bb2960269f724c0d6/lib/libGraf3d.so
7f78b7d43000-7f78b7d5f000 r--p 00089000 00:36 3488650739                 /cvmfs/cms.cern.ch/slc7_amd64_gcc10/lcg/root/6.24.07-3ea108fb48fc7b8bb2960269f724c0d6/lib/libGraf3d.so
7f78b7d5f000-7f78b7d69000 r--p 000a4000 00:36 3488650739                 /cvmfs/cms.cern.ch/slc7_amd64_gcc10/lcg/root/6.24.07-3ea108fb48fc7b8bb2960269f724c0d6/lib/libGraf3d.so
7f78b7d69000-7f78b7d6a000 rw-p 000ae000 00:36 3488650739                 /cvmfs/cms.cern.ch/slc7_amd64_gcc10/lcg/root/6.24.07-3ea108fb48fc7b8bb2960269f724c0d6/lib/libGraf3d.so
7f78b7d6a000-7f78b7d72000 rw-p 00000000 00:00 0 
7f78b7d72000-7f78b7dca000 r--p 00000000 00:36 3165945931                 /cvmfs/cms.cern.ch/slc7_amd64_gcc10/lcg/root/6.24.07-3ea108fb48fc7b8bb2960269f724c0d6/lib/libNet.so
7f78b7dca000-7f78b7e1b000 r-xp 00058000 00:36 3165945931                 /cvmfs/cms.cern.ch/slc7_amd64_gcc10/lcg/root/6.24.07-3ea108fb48fc7b8bb2960269f724c0d6/lib/libNet.so
7f78b7e1b000-7f78b7e3d000 r--p 000a9000 00:36 3165945931                 /cvmfs/cms.cern.ch/slc7_amd64_gcc10/lcg/root/6.24.07-3ea108fb48fc7b8bb2960269f724c0d6/lib/libNet.so
7f78b7e3d000-7f78b7e49000 r--p 000ca000 00:36 3165945931                 /cvmfs/cms.cern.ch/slc7_amd64_gcc10/lcg/root/6.24.07-3ea108fb48fc7b8bb2960269f724c0d6/lib/libNet.so
7f78b7e49000-7f78b7e4b000 rw-p 000d6000 00:36 3165945931                 /cvmfs/cms.cern.ch/slc7_amd64_gcc10/lcg/root/6.24.07-3ea108fb48fc7b8bb2960269f724c0d6/lib/libNet.so
7f78b7e4b000-7f78b7e52000 rw-p 00000000 00:00 0 
7f78b7e52000-7f78b7e59000 r--p 00000000 00:36 3488651036                 /cvmfs/cms.cern.ch/slc7_amd64_gcc10/lcg/root/6.24.07-3ea108fb48fc7b8bb2960269f724c0d6/lib/libImt.so
7f78b7e59000-7f78b7e5f000 r-xp 00007000 00:36 3488651036                 /cvmfs/cms.cern.ch/slc7_amd64_gcc10/lcg/root/6.24.07-3ea108fb48fc7b8bb2960269f724c0d6/lib/libImt.so
7f78b7e5f000-7f78b7e62000 r--p 0000d000 00:36 3488651036                 /cvmfs/cms.cern.ch/slc7_amd64_gcc10/lcg/root/6.24.07-3ea108fb48fc7b8bb2960269f724c0d6/lib/libImt.so
7f78b7e62000-7f78b7e63000 ---p 00010000 00:36 3488651036                 /cvmfs/cms.cern.ch/slc7_amd64_gcc10/lcg/root/6.24.07-3ea108fb48fc7b8bb2960269f724c0d6/lib/libImt.so
7f78b7e63000-7f78b7e64000 r--p 00010000 00:36 3488651036                 /cvmfs/cms.cern.ch/slc7_amd64_gcc10/lcg/root/6.24.07-3ea108fb48fc7b8bb2960269f724c0d6/lib/libImt.so
7f78b7e64000-7f78b7e65000 rw-p 00011000 00:36 3488651036                 /cvmfs/cms.cern.ch/slc7_amd64_gcc10/lcg/root/6.24.07-3ea108fb48fc7b8bb2960269f724c0d6/lib/libImt.so
7f78b7e65000-7f78b7e6b000 rw-p 00000000 00:00 0 
7f78b7e6b000-7f78b7e6c000 r--p 00021000 fd:00 92932060                   /usr/lib64/ld-2.17.so
7f78b7e6c000-7f78b7e6d000 rw-p 00022000 fd:00 92932060                   /usr/lib64/ld-2.17.so
7f78b7e6d000-7f78b7e6f000 rw-p 00000000 00:00 0 
7f78b7e6f000-7f78b7e74000 rw-p 00000000 00:00 0 
7ffd4c887000-7ffd4c8a6000 rwxp 00000000 00:00 0                          [stack]
7ffd4c8a6000-7ffd4c8b1000 rw-p 00000000 00:00 0 
7ffd4c8ba000-7ffd4c8be000 r--p 00000000 00:00 0                          [vvar]
7ffd4c8be000-7ffd4c8c0000 r-xp 00000000 00:00 0                          [vdso]
ffffffffff600000-ffffffffff601000 --xp 00000000 00:00 0                  [vsyscall]
./run_job_LPC.sh: line 96:   352 Aborted                 (core dumped) ./${executable} tmp_input_list.txt --outputFile=${outputfile}_${filenumber}_Part${jobIndex}Of${nJobsPerFile}.root --optionNumber=${option} --isData=${isData} --year=${year} --pileupWeightName=${sampleName} --numberOfJobs=${nJobsPerFile} --jobIndex=${jobIndex}
./run_job_LPC.sh: line 102: eosmkdir: command not found
